Test[SHUFFLE | DITHER____] stats        : [1000000: µ=999999.0000104861 σ=577350.5578506517 (57.73511351957327 %) rms=1577349.5578611377 min=2.0 max=2000000.0 sum=9.999990000104861E11]
Test[SHUFFLE | DITHER____] statsDelta   : [999999: µ=2.000000000000177 σ=2228.73165154344 (111436.58257716213 %) rms=2230.73165154344 min=-1284288.0 max=1284292.0 sum=1999998.0000001772]
Test[SHUFFLE | DITHER____] statsAbsDelta: [999999: µ=7.19528119528117 σ=2228.720934184513 (30974.757951727574 %) rms=2235.9162153797943 min=2.0 max=1284292.0 sum=7195273.999999975]
Test[SPIRAL | IDENT_____] stats        : [1000000: µ=1249998.9999999814 σ=520416.760074181 (41.63337411263439 %) rms=1770415.7600741624 min=500000.0 max=1999999.0 sum=1.2499989999999814E12]
Test[SPIRAL | IDENT_____] statsDelta   : [999999: µ=1.0 σ=1000.002000002 (100000.2000002 %) rms=1001.002000002 min=-1.0 max=1000001.0 sum=999999.0]
Test[SPIRAL | IDENT_____] statsAbsDelta: [999999: µ=2.000001000000967 σ=1000.0005000003721 (49999.999999994434 %) rms=1002.0005010003731 min=1.0 max=1000001.0 sum=1999998.999999967]
Test[SPIRAL | REVERSE___] stats        : [1000000: µ=1249999.0000000542 σ=520416.76007420855 (41.633374112634165 %) rms=1770415.7600742627 min=500000.0 max=1999999.0 sum=1.2499990000000542E12]
Test[SPIRAL | REVERSE___] statsDelta   : [999999: µ=-1.0000000000000095 σ=1000.0020000020013 (-100000.20000019917 %) rms=999.0020000020013 min=-1000001.0 max=1.0 sum=-999999.0000000095]
Test[SPIRAL | REVERSE___] statsAbsDelta: [999999: µ=2.000001000000967 σ=1000.0005000003721 (49999.999999994434 %) rms=1002.0005010003731 min=1.0 max=1000001.0 sum=1999998.999999967]
Test[SPIRAL | REVERSE_FR] stats        : [1000000: µ=1249998.9999999814 σ=520416.760074181 (41.63337411263439 %) rms=1770415.7600741624 min=500000.0 max=1999999.0 sum=1.2499989999999814E12]
Test[SPIRAL | REVERSE_FR] statsDelta   : [999999: µ=1.4999994999995188 σ=1118.035442196822 (74535.72099171905 %) rms=1119.5354416968216 min=-500000.0 max=1000001.0 sum=1499998.0000000189]
Test[SPIRAL | REVERSE_FR] statsAbsDelta: [999999: µ=2.500000500000433 σ=1118.033653339751 (44721.33718931486 %) rms=1120.5336538397514 min=1.0 max=1000001.0 sum=2499997.999999933]
Test[SPIRAL | REVERSE_BA] stats        : [1000000: µ=1249998.999999952 σ=520416.7600741839 (41.6333741126356 %) rms=1770415.7600741358 min=500000.0 max=1999999.0 sum=1.2499989999999521E12]
Test[SPIRAL | REVERSE_BA] statsDelta   : [999999: µ=-0.500000500000496 σ=1802.776539121871 (-360554.94726906926 %) rms=1802.2765386218707 min=-1000001.0 max=1499998.0 sum=-499999.999999996]
Test[SPIRAL | REVERSE_BA] statsAbsDelta: [999999: µ=3.4999994999994946 σ=1802.7732109170668 (51507.813384468405 %) rms=1806.2732104170664 min=1.0 max=1499998.0 sum=3499995.9999999944]
Test[SPIRAL | SORT______] stats        : [1000000: µ=1249998.9999999814 σ=520416.760074181 (41.63337411263439 %) rms=1770415.7600741624 min=500000.0 max=1999999.0 sum=1.2499989999999814E12]
Test[SPIRAL | SORT______] statsDelta   : [999999: µ=1.5000005000004835 σ=500.00025000018604 (33333.3388888887 %) rms=501.50025050018655 min=1.0 max=500001.0 sum=1499998.9999999835]
Test[SPIRAL | SORT______] statsAbsDelta: [999999: µ=1.5000005000004835 σ=500.00025000018604 (33333.3388888887 %) rms=501.50025050018655 min=1.0 max=500001.0 sum=1499998.9999999835]
Test[SPIRAL | DITHER____] stats        : [1000000: µ=1250000.9999995807 σ=520416.76008032396 (41.63330749979389 %) rms=1770417.7600799047 min=500000.0 max=2000003.0 sum=1.2500009999995806E12]
Test[SPIRAL | DITHER____] statsDelta   : [999999: µ=1.0000040000040067 σ=1000.0049999895001 (100000.09999814935 %) rms=1001.0050039895041 min=-5.0 max=1000002.0 sum=1000003.0000000066]
Test[SPIRAL | DITHER____] statsAbsDelta: [999999: µ=2.5999995999995376 σ=1000.0021200019096 (38461.62591725351 %) rms=1002.6021196019092 min=0.0 max=1000002.0 sum=2599996.9999999376]
Test[STAGGER | IDENT_____] stats        : [1000000: µ=-1711.0004799997105 σ=575267.4922169979 (-33621.70256183068 %) rms=573556.4917369982 min=-973372.0 max=999999.0 sum=-1.7110004799997106E9]
Test[STAGGER | IDENT_____] statsDelta   : [999999: µ=-0.3799693799693204 σ=21670.662907663194 (-5703265.591930837 %) rms=21670.282938283224 min=-1967295.0 max=1000001.0 sum=-379968.99999994045]
Test[STAGGER | IDENT_____] statsAbsDelta: [999999: µ=466.3799633799555 σ=21665.643782590283 (4645.4919773085285 %) rms=22132.02374597024 min=1.0 max=1967295.0 sum=4.6637949699999213E8]
Test[STAGGER | REVERSE___] stats        : [1000000: µ=-1711.0004800000372 σ=575267.4922169925 (-33621.70256182395 %) rms=573556.4917369925 min=-973372.0 max=999999.0 sum=-1.7110004800000372E9]
Test[STAGGER | REVERSE___] statsDelta   : [999999: µ=0.37996937996937685 σ=21670.66290766789 (5703265.591931227 %) rms=21671.04287704786 min=-1000001.0 max=1967295.0 sum=379968.99999999686]
Test[STAGGER | REVERSE___] statsAbsDelta: [999999: µ=466.3799633799569 σ=21665.643782590654 (4645.491977308594 %) rms=22132.02374597061 min=1.0 max=1967295.0 sum=4.663794969999935E8]
Test[STAGGER | REVERSE_FR] stats        : [1000000: µ=-1711.000479999888 σ=575267.492217004 (-33621.702561827544 %) rms=573556.491737004 min=-973372.0 max=999999.0 sum=-1.711000479999888E9]
Test[STAGGER | REVERSE_FR] statsDelta   : [999999: µ=-0.6736326736326842 σ=21672.6525664332 (-3217280.487533296 %) rms=21671.97893375957 min=-1967295.0 max=1967295.0 sum=-673632.0000000106]
Test[STAGGER | REVERSE_FR] statsAbsDelta: [999999: µ=466.6736266736238 σ=21667.62758650826 (4642.993807246341 %) rms=22134.301213181883 min=1.0 max=1967295.0 sum=4.6667315999999714E8]
Test[STAGGER | REVERSE_BA] stats        : [1000000: µ=-1711.0004799998494 σ=575267.4922169931 (-33621.702561827675 %) rms=573556.4917369933 min=-973372.0 max=999999.0 sum=-1.7110004799998493E9]
Test[STAGGER | REVERSE_BA] statsDelta   : [999999: µ=0.29366429366434216 σ=21681.130318642037 (7382964.421075834 %) rms=21681.423982935703 min=-1967295.0 max=1967295.0 sum=293664.0000000485]
Test[STAGGER | REVERSE_BA] statsAbsDelta: [999999: µ=467.0535950535908 σ=21676.099111741183 (4641.030353112691 %) rms=22143.152706794775 min=1.0 max=1967295.0 sum=4.6705312799999577E8]
Test[STAGGER | SORT______] stats        : [1000000: µ=-1711.0004799999583 σ=575267.4922170104 (-33621.70256182654 %) rms=573556.4917370104 min=-973372.0 max=999999.0 sum=-1.7110004799999583E9]
Test[STAGGER | SORT______] statsDelta   : [999999: µ=1.9733729733729422 σ=196.85207688892214 (9975.411619854976 %) rms=198.82544986229507 min=0.0 max=27657.0 sum=1973370.9999999688]
Test[STAGGER | SORT______] statsAbsDelta: [999999: µ=1.9733729733729422 σ=196.85207688892214 (9975.411619854976 %) rms=198.82544986229507 min=0.0 max=27657.0 sum=1973370.9999999688]
Test[STAGGER | DITHER____] stats        : [1000000: µ=-1709.0004799993355 σ=575267.4922219049 (-33661.04918953145 %) rms=573558.4917419056 min=-973372.0 max=1000002.0 sum=-1.7090004799993355E9]
Test[STAGGER | DITHER____] statsDelta   : [999999: µ=-0.37996537996537555 σ=21670.66299027456 (-5703325.653576466 %) rms=21670.283024894594 min=-1967299.0 max=1000002.0 sum=-379964.9999999956]
Test[STAGGER | DITHER____] statsAbsDelta: [999999: µ=467.5793845793975 σ=21665.61801293174 (4633.56998350572 %) rms=22133.197397511136 min=2.0 max=1967299.0 sum=4.6757891700001293E8]
Test[SAWTOTH | IDENT_____] stats        : [1000000: µ=499999.5 σ=288675.27893234405 (57.735113521582335 %) rms=788674.778932344 min=0.0 max=999999.0 sum=4.999995E11]
Test[SAWTOTH | IDENT_____] statsDelta   : [999999: µ=1.0 σ=0.0 (0.0 %) rms=1.0 min=1.0 max=1.0 sum=999999.0]
Test[SAWTOTH | IDENT_____] statsAbsDelta: [999999: µ=1.0 σ=0.0 (0.0 %) rms=1.0 min=1.0 max=1.0 sum=999999.0]
Test[SAWTOTH | REVERSE___] stats        : [1000000: µ=499999.5 σ=288675.27893234405 (57.735113521582335 %) rms=788674.778932344 min=0.0 max=999999.0 sum=4.999995E11]
Test[SAWTOTH | REVERSE___] statsDelta   : [999999: µ=-1.0 σ=0.0 (-0.0 %) rms=-1.0 min=-1.0 max=-1.0 sum=-999999.0]
Test[SAWTOTH | REVERSE___] statsAbsDelta: [999999: µ=1.0 σ=0.0 (0.0 %) rms=1.0 min=1.0 max=1.0 sum=999999.0]
Test[SAWTOTH | REVERSE_FR] stats        : [1000000: µ=499999.5 σ=288675.27893234405 (57.735113521582335 %) rms=788674.778932344 min=0.0 max=999999.0 sum=4.999995E11]
Test[SAWTOTH | REVERSE_FR] statsDelta   : [999999: µ=0.5000005000004962 σ=500.00124999868734 (100000.14999948822 %) rms=500.50125049868785 min=-1.0 max=500000.0 sum=499999.9999999962]
Test[SAWTOTH | REVERSE_FR] statsAbsDelta: [999999: µ=1.4999994999995188 σ=499.9992499996873 (33333.29444442133 %) rms=501.49924949968687 min=1.0 max=500000.0 sum=1499998.0000000189]
Test[SAWTOTH | REVERSE_BA] stats        : [1000000: µ=499999.4999999938 σ=288675.2789323435 (57.735113521582946 %) rms=788674.7789323373 min=0.0 max=999999.0 sum=4.999994999999938E11]
Test[SAWTOTH | REVERSE_BA] statsDelta   : [999999: µ=0.5000005000005041 σ=500.0012499986927 (100000.14999948771 %) rms=500.5012504986932 min=-1.0 max=500000.0 sum=500000.00000000413]
Test[SAWTOTH | REVERSE_BA] statsAbsDelta: [999999: µ=1.4999994999995188 σ=499.9992499996873 (33333.29444442133 %) rms=501.49924949968687 min=1.0 max=500000.0 sum=1499998.0000000189]
Test[SAWTOTH | SORT______] stats        : [1000000: µ=499999.5 σ=288675.27893234405 (57.735113521582335 %) rms=788674.778932344 min=0.0 max=999999.0 sum=4.999995E11]
Test[SAWTOTH | SORT______] statsDelta   : [999999: µ=1.0 σ=0.0 (0.0 %) rms=1.0 min=1.0 max=1.0 sum=999999.0]
Test[SAWTOTH | SORT______] statsAbsDelta: [999999: µ=1.0 σ=0.0 (0.0 %) rms=1.0 min=1.0 max=1.0 sum=999999.0]
Test[SAWTOTH | DITHER____] stats        : [1000000: µ=500001.4999995588 σ=288675.27894291206 (57.73488258398561 %) rms=788676.7789424709 min=0.0 max=1000003.0 sum=5.000014999995588E11]
Test[SAWTOTH | DITHER____] statsDelta   : [999999: µ=1.0000040000039763 σ=1.9999979999910056 (199.9990000023053 %) rms=3.000001999994982 min=-3.0 max=2.0 sum=1000002.9999999763]
Test[SAWTOTH | DITHER____] statsAbsDelta: [999999: µ=2.1999991999990476 σ=0.3999995999982017 (18.18180661149217 %) rms=2.599998799997249 min=2.0 max=3.0 sum=2199996.9999998477]
Test[_RANDOM | IDENT_____] stats        : [1000000: µ=499965.2491310068 σ=288957.61496269004 (57.795539883007734 %) rms=788922.8640936969 min=0.0 max=999998.0 sum=4.9996524913100684E11]
Test[_RANDOM | IDENT_____] statsDelta   : [999999: µ=-0.4168314168314389 σ=408543.7769927979 (-9.801175259253734E7 %) rms=408543.3601613811 min=-998677.0 max=999276.0 sum=-416831.00000002206]
Test[_RANDOM | IDENT_____] statsAbsDelta: [999999: µ=333543.5512705634 σ=235916.523105151 (70.73035056635844 %) rms=569460.0743757144 min=1.0 max=999276.0 sum=3.3354321772701215E11]
Test[_RANDOM | REVERSE___] stats        : [1000000: µ=499965.24913100374 σ=288957.6149626922 (57.79553988300852 %) rms=788922.864093696 min=0.0 max=999998.0 sum=4.999652491310037E11]
Test[_RANDOM | REVERSE___] statsDelta   : [999999: µ=0.4168314168313828 σ=408543.77699279506 (9.801175259254983E7 %) rms=408544.1938242119 min=-999276.0 max=998677.0 sum=416830.99999996595]
Test[_RANDOM | REVERSE___] statsAbsDelta: [999999: µ=333543.55127055006 σ=235916.52310514546 (70.73035056635962 %) rms=569460.0743756955 min=1.0 max=999276.0 sum=3.335432177269988E11]
Test[_RANDOM | REVERSE_FR] stats        : [1000000: µ=499965.2491309931 σ=288957.61496269243 (57.7955398830098 %) rms=788922.8640936855 min=0.0 max=999998.0 sum=4.999652491309931E11]
Test[_RANDOM | REVERSE_FR] statsDelta   : [999999: µ=-0.15183415183408552 σ=408543.69533805584 (-2.690723334658502E8 %) rms=408543.543503904 min=-998406.0 max=999276.0 sum=-151833.9999999337]
Test[_RANDOM | REVERSE_FR] statsAbsDelta: [999999: µ=333543.29949727945 σ=235916.7376630853 (70.73046828362672 %) rms=569460.0371603648 min=1.0 max=999276.0 sum=3.3354296595398E11]
Test[_RANDOM | REVERSE_BA] stats        : [1000000: µ=499965.2491310027 σ=288957.6149626935 (57.79553988300891 %) rms=788922.8640936962 min=0.0 max=999998.0 sum=4.999652491310027E11]
Test[_RANDOM | REVERSE_BA] statsDelta   : [999999: µ=-0.006612006612050303 σ=408543.72349894233 (-6.178816015615839E9 %) rms=408543.7168869357 min=-999276.0 max=998406.0 sum=-6612.000000043691]
Test[_RANDOM | REVERSE_BA] statsAbsDelta: [999999: µ=333543.44471944787 σ=235916.5811120875 (70.73039055242808 %) rms=569460.0258315353 min=1.0 max=999276.0 sum=3.335431111760032E11]
Test[_RANDOM | SORT______] stats        : [1000000: µ=499965.2491309908 σ=288957.61496270535 (57.795539883012644 %) rms=788922.8640936962 min=0.0 max=999998.0 sum=4.9996524913099084E11]
Test[_RANDOM | SORT______] statsDelta   : [999999: µ=0.9999989999989827 σ=1.0786525515575824 (107.865363021231 %) rms=2.078651551556565 min=0.0 max=13.0 sum=999997.9999999827]
Test[_RANDOM | SORT______] statsAbsDelta: [999999: µ=0.9999989999989827 σ=1.0786525515575824 (107.865363021231 %) rms=2.078651551556565 min=0.0 max=13.0 sum=999997.9999999827]
Test[_RANDOM | DITHER____] stats        : [1000000: µ=499967.2491309955 σ=288957.617311821 (57.79530915556266 %) rms=788924.8664428166 min=3.0 max=1000002.0 sum=4.999672491309955E11]
Test[_RANDOM | DITHER____] statsDelta   : [999999: µ=-0.41682741682744423 σ=408543.7815156767 (-9.801269422850926E7 %) rms=408543.3646882599 min=-998676.0 max=999277.0 sum=-416827.0000000274]
Test[_RANDOM | DITHER____] statsAbsDelta: [999999: µ=333543.5537765431 σ=235916.5273945069 (70.73035132094284 %) rms=569460.08117105 min=1.0 max=999277.0 sum=3.335432202329893E11]
Test[PLATEAU | IDENT_____] stats        : [1000000: µ=499999.5 σ=288675.27893234405 (57.735113521582335 %) rms=788674.778932344 min=0.0 max=999999.0 sum=4.999995E11]
Test[PLATEAU | IDENT_____] statsDelta   : [999999: µ=1.0 σ=0.0 (0.0 %) rms=1.0 min=1.0 max=1.0 sum=999999.0]
Test[PLATEAU | IDENT_____] statsAbsDelta: [999999: µ=1.0 σ=0.0 (0.0 %) rms=1.0 min=1.0 max=1.0 sum=999999.0]
Test[PLATEAU | REVERSE___] stats        : [1000000: µ=499999.5 σ=288675.27893234405 (57.735113521582335 %) rms=788674.778932344 min=0.0 max=999999.0 sum=4.999995E11]
Test[PLATEAU | REVERSE___] statsDelta   : [999999: µ=-1.0 σ=0.0 (-0.0 %) rms=-1.0 min=-1.0 max=-1.0 sum=-999999.0]
Test[PLATEAU | REVERSE___] statsAbsDelta: [999999: µ=1.0 σ=0.0 (0.0 %) rms=1.0 min=1.0 max=1.0 sum=999999.0]
Test[PLATEAU | REVERSE_FR] stats        : [1000000: µ=499999.5 σ=288675.27893234405 (57.735113521582335 %) rms=788674.778932344 min=0.0 max=999999.0 sum=4.999995E11]
Test[PLATEAU | REVERSE_FR] statsDelta   : [999999: µ=0.5000005000004962 σ=500.00124999868734 (100000.14999948822 %) rms=500.50125049868785 min=-1.0 max=500000.0 sum=499999.9999999962]
Test[PLATEAU | REVERSE_FR] statsAbsDelta: [999999: µ=1.4999994999995188 σ=499.9992499996873 (33333.29444442133 %) rms=501.49924949968687 min=1.0 max=500000.0 sum=1499998.0000000189]
Test[PLATEAU | REVERSE_BA] stats        : [1000000: µ=499999.4999999938 σ=288675.2789323435 (57.735113521582946 %) rms=788674.7789323373 min=0.0 max=999999.0 sum=4.999994999999938E11]
Test[PLATEAU | REVERSE_BA] statsDelta   : [999999: µ=0.5000005000005041 σ=500.0012499986927 (100000.14999948771 %) rms=500.5012504986932 min=-1.0 max=500000.0 sum=500000.00000000413]
Test[PLATEAU | REVERSE_BA] statsAbsDelta: [999999: µ=1.4999994999995188 σ=499.9992499996873 (33333.29444442133 %) rms=501.49924949968687 min=1.0 max=500000.0 sum=1499998.0000000189]
Test[PLATEAU | SORT______] stats        : [1000000: µ=499999.5 σ=288675.27893234405 (57.735113521582335 %) rms=788674.778932344 min=0.0 max=999999.0 sum=4.999995E11]
Test[PLATEAU | SORT______] statsDelta   : [999999: µ=1.0 σ=0.0 (0.0 %) rms=1.0 min=1.0 max=1.0 sum=999999.0]
Test[PLATEAU | SORT______] statsAbsDelta: [999999: µ=1.0 σ=0.0 (0.0 %) rms=1.0 min=1.0 max=1.0 sum=999999.0]
Test[PLATEAU | DITHER____] stats        : [1000000: µ=500001.4999995588 σ=288675.27894291206 (57.73488258398561 %) rms=788676.7789424709 min=0.0 max=1000003.0 sum=5.000014999995588E11]
Test[PLATEAU | DITHER____] statsDelta   : [999999: µ=1.0000040000039763 σ=1.9999979999910056 (199.9990000023053 %) rms=3.000001999994982 min=-3.0 max=2.0 sum=1000002.9999999763]
Test[PLATEAU | DITHER____] statsAbsDelta: [999999: µ=2.1999991999990476 σ=0.3999995999982017 (18.18180661149217 %) rms=2.599998799997249 min=2.0 max=3.0 sum=2199996.9999998477]
Test[SHUFFLE | IDENT_____] stats        : [1000000: µ=999997.00001747 σ=577350.5578444531 (57.73522898912365 %) rms=1577347.5578619232 min=2.0 max=1999996.0 sum=9.9999700001747E11]
Test[SHUFFLE | IDENT_____] statsDelta   : [999999: µ=1.9999959999959915 σ=2228.7328032260434 (111436.86303525159 %) rms=2230.7327992260393 min=-1284289.0 max=1284291.0 sum=1999993.9999999916]
Test[SHUFFLE | IDENT_____] statsAbsDelta: [999999: µ=6.395288395288185 σ=2228.724525016322 (34849.4764780016 %) rms=2235.1198134116103 min=2.0 max=1284291.0 sum=6395281.9999997895]
Test[SHUFFLE | REVERSE___] stats        : [1000000: µ=999997.0000099954 σ=577350.5578473692 (57.7352289898468 %) rms=1577347.5578573646 min=2.0 max=1999996.0 sum=9.999970000099954E11]
Test[SHUFFLE | REVERSE___] statsDelta   : [999999: µ=-1.9999959999959915 σ=2228.7328032260434 (-111436.86303525159 %) rms=2226.7328072260475 min=-1284291.0 max=1284289.0 sum=-1999993.9999999916]
Test[SHUFFLE | REVERSE___] statsAbsDelta: [999999: µ=6.395288395288277 σ=2228.724525016312 (34849.47647800094 %) rms=2235.1198134116003 min=2.0 max=1284291.0 sum=6395281.999999882]
Test[SHUFFLE | REVERSE_FR] stats        : [1000000: µ=999997.0000168898 σ=577350.557844874 (57.73522898919923 %) rms=1577347.5578617638 min=2.0 max=1999996.0 sum=9.999970000168898E11]
Test[SHUFFLE | REVERSE_FR] statsDelta   : [999999: µ=0.9999989999989827 σ=2442.7957156014536 (244279.81584020972 %) rms=2443.795714601453 min=-1284289.0 max=1284291.0 sum=999997.9999999827]
Test[SHUFFLE | REVERSE_FR] statsAbsDelta: [999999: µ=7.395285395285152 σ=2442.7847260573426 (33031.64915872935 %) rms=2450.1800114526277 min=2.0 max=1284291.0 sum=7395277.999999756]
Test[SHUFFLE | REVERSE_BA] stats        : [1000000: µ=999997.0000102568 σ=577350.5578470742 (57.735228989802216 %) rms=1577347.557857331 min=2.0 max=1999996.0 sum=9.999970000102567E11]
Test[SHUFFLE | REVERSE_BA] statsDelta   : [999999: µ=0.9999989999990402 σ=2442.7957156014554 (244279.81584019584 %) rms=2443.7957146014546 min=-1284291.0 max=1284289.0 sum=999998.0000000402]
Test[SHUFFLE | REVERSE_BA] statsAbsDelta: [999999: µ=7.395285395285567 σ=2442.784726057344 (33031.649158727516 %) rms=2450.1800114526295 min=2.0 max=1284291.0 sum=7395278.000000172]
Test[SHUFFLE | SORT______] stats        : [1000000: µ=999997.0000185547 σ=577350.5578438715 (57.73522898900286 %) rms=1577347.5578624262 min=2.0 max=1999996.0 sum=9.999970000185547E11]
Test[SHUFFLE | SORT______] statsDelta   : [999999: µ=1.9999959999959933 σ=0.0019999979999910074 (0.10000009999995071 %) rms=2.0019959979959845 min=1.0 max=2.0 sum=1999993.9999999932]
Test[SHUFFLE | SORT______] statsAbsDelta: [999999: µ=1.9999959999959933 σ=0.0019999979999910074 (0.10000009999995071 %) rms=2.0019959979959845 min=1.0 max=2.0 sum=1999993.9999999932]
Test[SHUFFLE | DITHER____] stats        : [1000000: µ=999999.0000104861 σ=577350.5578506517 (57.73511351957327 %) rms=1577349.5578611377 min=2.0 max=2000000.0 sum=9.999990000104861E11]
Test[SHUFFLE | DITHER____] statsDelta   : [999999: µ=2.000000000000177 σ=2228.73165154344 (111436.58257716213 %) rms=2230.73165154344 min=-1284288.0 max=1284292.0 sum=1999998.0000001772]
Test[SHUFFLE | DITHER____] statsAbsDelta: [999999: µ=7.19528119528117 σ=2228.720934184513 (30974.757951727574 %) rms=2235.9162153797943 min=2.0 max=1284292.0 sum=7195273.999999975]

