start warm up
  end warm up

                                    DPQ_2018_2         DPQ_2018_11

10000 1  STAGGER IDENT_____  	  0.028857	  0.029988	    0.962285 
10000 1  STAGGER REVERSE___  	  0.035480	  0.038215	    0.928431 
10000 1  STAGGER REVERSE_FR  	  0.032169	  0.034105	    0.943234 
10000 1  STAGGER REVERSE_BA  	  0.032137	  0.034093	    0.942628 
10000 1  STAGGER SORT______  	  0.005342	  0.006429	    0.830922 
10000 1  STAGGER DITHER____  	  0.441145	  0.443738	    0.994156 
10000 1  SAWTOTH IDENT_____  	  0.003286	  0.004907	    0.669656 
10000 1  SAWTOTH REVERSE___  	  0.003283	  0.004898	    0.670274 
10000 1  SAWTOTH REVERSE_FR  	  0.003285	  0.004913	    0.668634 
10000 1  SAWTOTH REVERSE_BA  	  0.003285	  0.004903	    0.669998 
10000 1  SAWTOTH SORT______  	  0.003283	  0.004906	    0.669181 
10000 1  SAWTOTH DITHER____  	  0.045303	  0.044580	    1.016218 ..
10000 1  _RANDOM IDENT_____  	  0.003286	  0.004916	    0.668430 
10000 1  _RANDOM REVERSE___  	  0.003286	  0.004904	    0.670065 
10000 1  _RANDOM REVERSE_FR  	  0.003288	  0.004903	    0.670610 
10000 1  _RANDOM REVERSE_BA  	  0.003285	  0.004899	    0.670545 
10000 1  _RANDOM SORT______  	  0.003285	  0.004903	    0.669998 
10000 1  _RANDOM DITHER____  	  0.045333	  0.044761	    1.012779 ..
10000 1  PLATEAU IDENT_____  	  0.005310	  0.006400	    0.829688 
10000 1  PLATEAU REVERSE___  	  0.003279	  0.004897	    0.669594 
10000 1  PLATEAU REVERSE_FR  	  0.003306	  0.004948	    0.668149 
10000 1  PLATEAU REVERSE_BA  	  0.005310	  0.006396	    0.830206 
10000 1  PLATEAU SORT______  	  0.005310	  0.006402	    0.829428 
10000 1  PLATEAU DITHER____  	  0.045088	  0.044550	    1.012076 ..
10000 1  SHUFFLE IDENT_____  	  0.005313	  0.006403	    0.829767 
10000 1  SHUFFLE REVERSE___  	  0.011916	  0.014555	    0.818688 
10000 1  SHUFFLE REVERSE_FR  	  0.008678	  0.010551	    0.822481 
10000 1  SHUFFLE REVERSE_BA  	  0.030960	  0.034213	    0.904919 
10000 1  SHUFFLE SORT______  	  0.005308	  0.006401	    0.829245 
10000 1  SHUFFLE DITHER____  	  0.076758	  0.069291	    1.107763 .!!.
10000 2  STAGGER IDENT_____  	  0.043409	  0.042138	    1.030163 ..
10000 2  STAGGER REVERSE___  	  0.050077	  0.050287	    0.995824 
10000 2  STAGGER REVERSE_FR  	  0.049826	  0.050878	    0.979323 
10000 2  STAGGER REVERSE_BA  	  0.050157	  0.056175	    0.892870 
10000 2  STAGGER SORT______  	  0.005311	  0.006405	    0.829196 
10000 2  STAGGER DITHER____  	  0.393140	  0.381868	    1.029518 ..
10000 2  SAWTOTH IDENT_____  	  0.021183	  0.027003	    0.784468 
10000 2  SAWTOTH REVERSE___  	  0.017687	  0.026285	    0.672893 
10000 2  SAWTOTH REVERSE_FR  	  0.021176	  0.027440	    0.771720 
10000 2  SAWTOTH REVERSE_BA  	  0.017718	  0.026582	    0.666541 
10000 2  SAWTOTH SORT______  	  0.004307	  0.005682	    0.758008 
10000 2  SAWTOTH DITHER____  	  0.049415	  0.048486	    1.019160 ..
10000 2  _RANDOM IDENT_____  	  0.065677	  0.077362	    0.848957 
10000 2  _RANDOM REVERSE___  	  0.065659	  0.076630	    0.856832 
10000 2  _RANDOM REVERSE_FR  	  0.064885	  0.077618	    0.835953 
10000 2  _RANDOM REVERSE_BA  	  0.065380	  0.078113	    0.836993 
10000 2  _RANDOM SORT______  	  0.004316	  0.005689	    0.758657 
10000 2  _RANDOM DITHER____  	  0.125530	  0.128587	    0.976226 
10000 2  PLATEAU IDENT_____  	  0.005314	  0.006402	    0.830053 
10000 2  PLATEAU REVERSE___  	  0.003284	  0.004906	    0.669384 
10000 2  PLATEAU REVERSE_FR  	  0.003311	  0.004948	    0.669159 
10000 2  PLATEAU REVERSE_BA  	  0.005311	  0.006401	    0.829714 
10000 2  PLATEAU SORT______  	  0.005304	  0.006399	    0.828880 
10000 2  PLATEAU DITHER____  	  0.045277	  0.044681	    1.013339 ..
10000 2  SHUFFLE IDENT_____  	  0.437645	  0.421490	    1.038328 ..
10000 2  SHUFFLE REVERSE___  	  0.375143	  0.378977	    0.989883 
10000 2  SHUFFLE REVERSE_FR  	  0.398955	  0.392447	    1.016583 ..
10000 2  SHUFFLE REVERSE_BA  	  0.442836	  0.436159	    1.015309 ..
10000 2  SHUFFLE SORT______  	  0.005315	  0.006398	    0.830728 
10000 2  SHUFFLE DITHER____  	  0.466405	  0.447846	    1.041441 ..
10000 4  STAGGER IDENT_____  	  0.055994	  0.054747	    1.022778 ..
10000 4  STAGGER REVERSE___  	  0.062723	  0.063015	    0.995366 
10000 4  STAGGER REVERSE_FR  	  0.068069	  0.066971	    1.016395 ..
10000 4  STAGGER REVERSE_BA  	  0.064229	  0.066940	    0.959501 
10000 4  STAGGER SORT______  	  0.005320	  0.006409	    0.830083 
10000 4  STAGGER DITHER____  	  0.055994	  0.054769	    1.022367 ..
10000 4  SAWTOTH IDENT_____  	  0.029781	  0.036945	    0.806090 
10000 4  SAWTOTH REVERSE___  	  0.029961	  0.041625	    0.719784 
10000 4  SAWTOTH REVERSE_FR  	  0.029162	  0.036722	    0.794129 
10000 4  SAWTOTH REVERSE_BA  	  0.031306	  0.046183	    0.677868 
10000 4  SAWTOTH SORT______  	  0.004825	  0.006053	    0.797125 
10000 4  SAWTOTH DITHER____  	  0.050702	  0.047465	    1.068198 .!.
10000 4  _RANDOM IDENT_____  	  0.136316	  0.154664	    0.881369 
10000 4  _RANDOM REVERSE___  	  0.127259	  0.140805	    0.903796 
10000 4  _RANDOM REVERSE_FR  	  0.132689	  0.145315	    0.913113 
10000 4  _RANDOM REVERSE_BA  	  0.134405	  0.158399	    0.848522 
10000 4  _RANDOM SORT______  	  0.004816	  0.006055	    0.795376 
10000 4  _RANDOM DITHER____  	  0.202779	  0.209122	    0.969668 
10000 4  PLATEAU IDENT_____  	  0.005313	  0.006402	    0.829897 
10000 4  PLATEAU REVERSE___  	  0.003279	  0.004909	    0.667957 
10000 4  PLATEAU REVERSE_FR  	  0.003315	  0.004959	    0.668482 
10000 4  PLATEAU REVERSE_BA  	  0.005313	  0.006398	    0.830416 
10000 4  PLATEAU SORT______  	  0.005319	  0.006394	    0.831874 
10000 4  PLATEAU DITHER____  	  0.043425	  0.040816	    1.063921 .!.
10000 4  SHUFFLE IDENT_____  	  0.293752	  0.288831	    1.017038 ..
10000 4  SHUFFLE REVERSE___  	  0.351887	  0.326661	    1.077224 .!.
10000 4  SHUFFLE REVERSE_FR  	  0.334199	  0.328627	    1.016955 ..
10000 4  SHUFFLE REVERSE_BA  	  0.412318	  0.382167	    1.078895 .!.
10000 4  SHUFFLE SORT______  	  0.005312	  0.006400	    0.830000 
10000 4  SHUFFLE DITHER____  	  0.401784	  0.371598	    1.081233 .!.
10000 8  STAGGER IDENT_____  	  0.072031	  0.073599	    0.978695 
10000 8  STAGGER REVERSE___  	  0.079407	  0.081970	    0.968732 
10000 8  STAGGER REVERSE_FR  	  0.081077	  0.080698	    1.004697 ..
10000 8  STAGGER REVERSE_BA  	  0.078889	  0.082296	    0.958601 
10000 8  STAGGER SORT______  	  0.005311	  0.006407	    0.828937 
10000 8  STAGGER DITHER____  	  0.072120	  0.073705	    0.978495 
10000 8  SAWTOTH IDENT_____  	  0.077598	  0.074308	    1.044275 ..
10000 8  SAWTOTH REVERSE___  	  0.065192	  0.062275	    1.046841 ..
10000 8  SAWTOTH REVERSE_FR  	  0.059659	  0.057430	    1.038812 ..
10000 8  SAWTOTH REVERSE_BA  	  0.079551	  0.074535	    1.067297 .!.
10000 8  SAWTOTH SORT______  	  0.005081	  0.006252	    0.812700 
10000 8  SAWTOTH DITHER____  	  0.181208	  0.196861	    0.920487 
10000 8  _RANDOM IDENT_____  	  0.216103	  0.226144	    0.955599 
10000 8  _RANDOM REVERSE___  	  0.216509	  0.223334	    0.969440 
10000 8  _RANDOM REVERSE_FR  	  0.206985	  0.219007	    0.945107 
10000 8  _RANDOM REVERSE_BA  	  0.212663	  0.227794	    0.933576 
10000 8  _RANDOM SORT______  	  0.005044	  0.006203	    0.813155 
10000 8  _RANDOM DITHER____  	  0.242753	  0.259227	    0.936450 
10000 8  PLATEAU IDENT_____  	  0.005265	  0.006365	    0.827180 
10000 8  PLATEAU REVERSE___  	  0.003246	  0.004877	    0.665573 
10000 8  PLATEAU REVERSE_FR  	  0.003271	  0.004934	    0.662951 
10000 8  PLATEAU REVERSE_BA  	  0.005268	  0.006363	    0.827911 
10000 8  PLATEAU SORT______  	  0.005264	  0.006371	    0.826244 
10000 8  PLATEAU DITHER____  	  0.045206	  0.044652	    1.012407 ..
10000 8  SHUFFLE IDENT_____  	  0.248416	  0.254100	    0.977631 
10000 8  SHUFFLE REVERSE___  	  0.263207	  0.248761	    1.058072 .!.
10000 8  SHUFFLE REVERSE_FR  	  0.251683	  0.263959	    0.953493 
10000 8  SHUFFLE REVERSE_BA  	  0.297993	  0.281272	    1.059448 .!.
10000 8  SHUFFLE SORT______  	  0.005263	  0.006370	    0.826217 
10000 8  SHUFFLE DITHER____  	  0.295833	  0.285101	    1.037643 ..
10000 16  STAGGER IDENT_____  	  0.519797	  0.492034	    1.056425 .!.
10000 16  STAGGER REVERSE___  	  0.523872	  0.493982	    1.060508 .!.
10000 16  STAGGER REVERSE_FR  	  0.530908	  0.495964	    1.070457 .!.
10000 16  STAGGER REVERSE_BA  	  0.526343	  0.497325	    1.058348 .!.
10000 16  STAGGER SORT______  	  0.005265	  0.006349	    0.829264 
10000 16  STAGGER DITHER____  	  0.514932	  0.477264	    1.078925 .!.
10000 16  SAWTOTH IDENT_____  	  0.157019	  0.163764	    0.958813 
10000 16  SAWTOTH REVERSE___  	  0.080107	  0.075757	    1.057420 .!.
10000 16  SAWTOTH REVERSE_FR  	  0.110731	  0.104098	    1.063719 .!.
10000 16  SAWTOTH REVERSE_BA  	  0.150003	  0.158790	    0.944663 
10000 16  SAWTOTH SORT______  	  0.005143	  0.006282	    0.818688 
10000 16  SAWTOTH DITHER____  	  0.216283	  0.221274	    0.977444 
10000 16  _RANDOM IDENT_____  	  0.301597	  0.323139	    0.933335 
10000 16  _RANDOM REVERSE___  	  0.289619	  0.267873	    1.081180 .!.
10000 16  _RANDOM REVERSE_FR  	  0.289326	  0.284725	    1.016159 ..
10000 16  _RANDOM REVERSE_BA  	  0.286846	  0.277983	    1.031883 ..
10000 16  _RANDOM SORT______  	  0.005151	  0.006282	    0.819962 
10000 16  _RANDOM DITHER____  	  0.303403	  0.300174	    1.010757 ..
10000 16  PLATEAU IDENT_____  	  0.005276	  0.006369	    0.828388 
10000 16  PLATEAU REVERSE___  	  0.003258	  0.004900	    0.664898 
10000 16  PLATEAU REVERSE_FR  	  0.003283	  0.004927	    0.666328 
10000 16  PLATEAU REVERSE_BA  	  0.005271	  0.006368	    0.827732 
10000 16  PLATEAU SORT______  	  0.005267	  0.006361	    0.828014 
10000 16  PLATEAU DITHER____  	  0.044981	  0.044849	    1.002943 ..
10000 16  SHUFFLE IDENT_____  	  0.159948	  0.174413	    0.917065 
10000 16  SHUFFLE REVERSE___  	  0.208617	  0.196474	    1.061805 .!.
10000 16  SHUFFLE REVERSE_FR  	  0.171570	  0.181992	    0.942734 
10000 16  SHUFFLE REVERSE_BA  	  0.215288	  0.213825	    1.006842 ..
10000 16  SHUFFLE SORT______  	  0.005274	  0.006370	    0.827943 
10000 16  SHUFFLE DITHER____  	  0.207807	  0.203838	    1.019471 ..
10000 32  STAGGER IDENT_____  	  0.565686	  0.523691	    1.080190 .!.
10000 32  STAGGER REVERSE___  	  0.565197	  0.529102	    1.068219 .!.
10000 32  STAGGER REVERSE_FR  	  0.590846	  0.571883	    1.033159 ..
10000 32  STAGGER REVERSE_BA  	  0.569816	  0.533686	    1.067699 .!.
10000 32  STAGGER SORT______  	  0.005261	  0.006373	    0.825514 
10000 32  STAGGER DITHER____  	  0.564285	  0.527245	    1.070252 .!.
10000 32  SAWTOTH IDENT_____  	  0.202233	  0.208319	    0.970785 
10000 32  SAWTOTH REVERSE___  	  0.215199	  0.225218	    0.955514 
10000 32  SAWTOTH REVERSE_FR  	  0.249323	  0.250066	    0.997029 
10000 32  SAWTOTH REVERSE_BA  	  0.223193	  0.224976	    0.992075 
10000 32  SAWTOTH SORT______  	  0.005219	  0.006322	    0.825530 
10000 32  SAWTOTH DITHER____  	  0.278236	  0.281827	    0.987258 
10000 32  _RANDOM IDENT_____  	  0.357796	  0.349702	    1.023145 ..
10000 32  _RANDOM REVERSE___  	  0.377487	  0.370775	    1.018103 ..
10000 32  _RANDOM REVERSE_FR  	  0.356569	  0.357364	    0.997775 
10000 32  _RANDOM REVERSE_BA  	  0.374332	  0.371799	    1.006813 ..
10000 32  _RANDOM SORT______  	  0.005210	  0.006317	    0.824759 
10000 32  _RANDOM DITHER____  	  0.378694	  0.378918	    0.999409 
10000 32  PLATEAU IDENT_____  	  0.005273	  0.006372	    0.827527 
10000 32  PLATEAU REVERSE___  	  0.003285	  0.004915	    0.668362 
10000 32  PLATEAU REVERSE_FR  	  0.003304	  0.004964	    0.665592 
10000 32  PLATEAU REVERSE_BA  	  0.005268	  0.006365	    0.827651 
10000 32  PLATEAU SORT______  	  0.005258	  0.006361	    0.826600 
10000 32  PLATEAU DITHER____  	  0.045264	  0.045373	    0.997598 
10000 32  SHUFFLE IDENT_____  	  0.123936	  0.139142	    0.890716 
10000 32  SHUFFLE REVERSE___  	  0.161036	  0.148237	    1.086341 .!.
10000 32  SHUFFLE REVERSE_FR  	  0.149186	  0.167246	    0.892015 
10000 32  SHUFFLE REVERSE_BA  	  0.178176	  0.174916	    1.018638 ..
10000 32  SHUFFLE SORT______  	  0.005261	  0.006368	    0.826162 
10000 32  SHUFFLE DITHER____  	  0.171720	  0.168231	    1.020739 ..
10000 64  STAGGER IDENT_____  	  0.598638	  0.564782	    1.059945 .!.
10000 64  STAGGER REVERSE___  	  0.599989	  0.564366	    1.063120 .!.
10000 64  STAGGER REVERSE_FR  	  0.615305	  0.586465	    1.049176 ..
10000 64  STAGGER REVERSE_BA  	  0.613053	  0.579636	    1.057652 .!.
10000 64  STAGGER SORT______  	  0.005270	  0.006366	    0.827835 
10000 64  STAGGER DITHER____  	  0.599208	  0.565575	    1.059467 .!.
10000 64  SAWTOTH IDENT_____  	  0.273137	  0.282034	    0.968454 
10000 64  SAWTOTH REVERSE___  	  0.261780	  0.262705	    0.996479 
10000 64  SAWTOTH REVERSE_FR  	  0.303869	  0.292955	    1.037255 ..
10000 64  SAWTOTH REVERSE_BA  	  0.256367	  0.258472	    0.991856 
10000 64  SAWTOTH SORT______  	  0.005252	  0.006334	    0.829176 
10000 64  SAWTOTH DITHER____  	  0.342807	  0.337780	    1.014882 ..
10000 64  _RANDOM IDENT_____  	  0.443902	  0.428005	    1.037142 ..
10000 64  _RANDOM REVERSE___  	  0.424733	  0.393639	    1.078991 .!.
10000 64  _RANDOM REVERSE_FR  	  0.461304	  0.438646	    1.051654 .!.
10000 64  _RANDOM REVERSE_BA  	  0.428115	  0.404507	    1.058362 .!.
10000 64  _RANDOM SORT______  	  0.005248	  0.006321	    0.830248 
10000 64  _RANDOM DITHER____  	  0.444006	  0.411021	    1.080251 .!.
10000 64  PLATEAU IDENT_____  	  0.005252	  0.006346	    0.827608 
10000 64  PLATEAU REVERSE___  	  0.003364	  0.005011	    0.671323 
10000 64  PLATEAU REVERSE_FR  	  0.003335	  0.004967	    0.671431 
10000 64  PLATEAU REVERSE_BA  	  0.005253	  0.006355	    0.826593 
10000 64  PLATEAU SORT______  	  0.005262	  0.006342	    0.829707 
10000 64  PLATEAU DITHER____  	  0.046034	  0.045655	    1.008301 ..
10000 64  SHUFFLE IDENT_____  	  0.086484	  0.116087	    0.744993 
10000 64  SHUFFLE REVERSE___  	  0.138052	  0.130181	    1.060462 .!.
10000 64  SHUFFLE REVERSE_FR  	  0.126413	  0.139899	    0.903602 
10000 64  SHUFFLE REVERSE_BA  	  0.204822	  0.199507	    1.026641 ..
10000 64  SHUFFLE SORT______  	  0.005255	  0.006355	    0.826908 
10000 64  SHUFFLE DITHER____  	  0.137846	  0.141979	    0.970890 
10000 128  STAGGER IDENT_____  	  0.652883	  0.595650	    1.096085 .!.
10000 128  STAGGER REVERSE___  	  0.637930	  0.588763	    1.083509 .!.
10000 128  STAGGER REVERSE_FR  	  0.646356	  0.606250	    1.066154 .!.
10000 128  STAGGER REVERSE_BA  	  0.651172	  0.592395	    1.099219 .!.
10000 128  STAGGER SORT______  	  0.005256	  0.006344	    0.828499 
10000 128  STAGGER DITHER____  	  0.635679	  0.597674	    1.063588 .!.
10000 128  SAWTOTH IDENT_____  	  0.320248	  0.321686	    0.995530 
10000 128  SAWTOTH REVERSE___  	  0.312014	  0.293459	    1.063229 .!.
10000 128  SAWTOTH REVERSE_FR  	  0.320613	  0.308956	    1.037730 ..
10000 128  SAWTOTH REVERSE_BA  	  0.305322	  0.310231	    0.984176 
10000 128  SAWTOTH SORT______  	  0.005245	  0.006345	    0.826635 
10000 128  SAWTOTH DITHER____  	  0.376066	  0.379039	    0.992156 
10000 128  _RANDOM IDENT_____  	  0.493991	  0.473424	    1.043443 ..
10000 128  _RANDOM REVERSE___  	  0.516020	  0.470851	    1.095931 .!.
10000 128  _RANDOM REVERSE_FR  	  0.513588	  0.481009	    1.067731 .!.
10000 128  _RANDOM REVERSE_BA  	  0.514754	  0.485283	    1.060730 .!.
10000 128  _RANDOM SORT______  	  0.005266	  0.006335	    0.831255 
10000 128  _RANDOM DITHER____  	  0.493468	  0.470451	    1.048925 ..
10000 128  PLATEAU IDENT_____  	  0.005253	  0.006349	    0.827374 
10000 128  PLATEAU REVERSE___  	  0.003458	  0.005116	    0.675919 
10000 128  PLATEAU REVERSE_FR  	  0.003431	  0.005093	    0.673670 
10000 128  PLATEAU REVERSE_BA  	  0.005250	  0.006346	    0.827293 
10000 128  PLATEAU SORT______  	  0.005250	  0.006352	    0.826511 
10000 128  PLATEAU DITHER____  	  0.047650	  0.049556	    0.961538 
10000 128  SHUFFLE IDENT_____  	  0.084359	  0.102433	    0.823553 
10000 128  SHUFFLE REVERSE___  	  0.124794	  0.113845	    1.096175 .!.
10000 128  SHUFFLE REVERSE_FR  	  0.109700	  0.124859	    0.878591 
10000 128  SHUFFLE REVERSE_BA  	  0.122954	  0.122280	    1.005512 ..
10000 128  SHUFFLE SORT______  	  0.005260	  0.006351	    0.828216 
10000 128  SHUFFLE DITHER____  	  0.126227	  0.126969	    0.994156 
10000 256  STAGGER IDENT_____  	  0.671530	  0.614542	    1.092732 .!.
10000 256  STAGGER REVERSE___  	  0.686712	  0.619178	    1.109070 .!!.
10000 256  STAGGER REVERSE_FR  	  0.665906	  0.622156	    1.070320 .!.
10000 256  STAGGER REVERSE_BA  	  0.674938	  0.628570	    1.073767 .!.
10000 256  STAGGER SORT______  	  0.005252	  0.006352	    0.826826 
10000 256  STAGGER DITHER____  	  0.675665	  0.620099	    1.089608 .!.
10000 256  SAWTOTH IDENT_____  	  0.394304	  0.400543	    0.984424 
10000 256  SAWTOTH REVERSE___  	  0.406308	  0.406931	    0.998469 
10000 256  SAWTOTH REVERSE_FR  	  0.391825	  0.401143	    0.976771 
10000 256  SAWTOTH REVERSE_BA  	  0.368190	  0.370875	    0.992760 
10000 256  SAWTOTH SORT______  	  0.005277	  0.006335	    0.832991 
10000 256  SAWTOTH DITHER____  	  0.453582	  0.443430	    1.022894 ..
10000 256  _RANDOM IDENT_____  	  0.606379	  0.575732	    1.053231 .!.
10000 256  _RANDOM REVERSE___  	  0.615016	  0.588228	    1.045540 ..
10000 256  _RANDOM REVERSE_FR  	  0.609523	  0.583596	    1.044426 ..
10000 256  _RANDOM REVERSE_BA  	  0.584383	  0.580702	    1.006339 ..
10000 256  _RANDOM SORT______  	  0.005255	  0.006354	    0.827038 
10000 256  _RANDOM DITHER____  	  0.594364	  0.552589	    1.075599 .!.
10000 256  PLATEAU IDENT_____  	  0.005245	  0.006368	    0.823649 
10000 256  PLATEAU REVERSE___  	  0.003654	  0.005337	    0.684654 
10000 256  PLATEAU REVERSE_FR  	  0.003634	  0.005338	    0.680779 
10000 256  PLATEAU REVERSE_BA  	  0.005251	  0.006358	    0.825889 
10000 256  PLATEAU SORT______  	  0.005258	  0.006351	    0.827901 
10000 256  PLATEAU DITHER____  	  0.047918	  0.049486	    0.968314 
10000 256  SHUFFLE IDENT_____  	  0.072193	  0.083027	    0.869512 
10000 256  SHUFFLE REVERSE___  	  0.134947	  0.101522	    1.329239 .!!!.
10000 256  SHUFFLE REVERSE_FR  	  0.107100	  0.127341	    0.841049 
10000 256  SHUFFLE REVERSE_BA  	  0.108180	  0.101805	    1.062620 .!.
10000 256  SHUFFLE SORT______  	  0.005259	  0.006356	    0.827407 
10000 256  SHUFFLE DITHER____  	  0.097698	  0.096271	    1.014823 ..
10000 512  STAGGER IDENT_____  	  0.705638	  0.644926	    1.094138 .!.
10000 512  STAGGER REVERSE___  	  0.699572	  0.640093	    1.092922 .!.
10000 512  STAGGER REVERSE_FR  	  0.714783	  0.670135	    1.066625 .!.
10000 512  STAGGER REVERSE_BA  	  0.689017	  0.636549	    1.082426 .!.
10000 512  STAGGER SORT______  	  0.005241	  0.006355	    0.824705 
10000 512  STAGGER DITHER____  	  0.701113	  0.638883	    1.097404 .!.
10000 512  SAWTOTH IDENT_____  	  0.446404	  0.448250	    0.995882 
10000 512  SAWTOTH REVERSE___  	  0.442875	  0.458057	    0.966856 
10000 512  SAWTOTH REVERSE_FR  	  0.442464	  0.448076	    0.987475 
10000 512  SAWTOTH REVERSE_BA  	  0.438607	  0.444241	    0.987318 
10000 512  SAWTOTH SORT______  	  0.005275	  0.006364	    0.828881 
10000 512  SAWTOTH DITHER____  	  0.498216	  0.496688	    1.003076 ..
10000 512  _RANDOM IDENT_____  	  0.700071	  0.665687	    1.051652 .!.
10000 512  _RANDOM REVERSE___  	  0.711666	  0.693298	    1.026494 ..
10000 512  _RANDOM REVERSE_FR  	  0.680131	  0.643522	    1.056888 .!.
10000 512  _RANDOM REVERSE_BA  	  0.688538	  0.668022	    1.030712 ..
10000 512  _RANDOM SORT______  	  0.005252	  0.006351	    0.826956 
10000 512  _RANDOM DITHER____  	  0.718841	  0.680535	    1.056288 .!.
10000 512  PLATEAU IDENT_____  	  0.005246	  0.006355	    0.825492 
10000 512  PLATEAU REVERSE___  	  0.004069	  0.005801	    0.701431 
10000 512  PLATEAU REVERSE_FR  	  0.004039	  0.005801	    0.696259 
10000 512  PLATEAU REVERSE_BA  	  0.005255	  0.006354	    0.827038 
10000 512  PLATEAU SORT______  	  0.005258	  0.006341	    0.829207 
10000 512  PLATEAU DITHER____  	  0.048245	  0.047939	    1.006383 ..
10000 512  SHUFFLE IDENT_____  	  0.073088	  0.085557	    0.854261 
10000 512  SHUFFLE REVERSE___  	  0.145503	  0.152842	    0.951983 
10000 512  SHUFFLE REVERSE_FR  	  0.127701	  0.119516	    1.068485 .!.
10000 512  SHUFFLE REVERSE_BA  	  0.109569	  0.104430	    1.049210 ..
10000 512  SHUFFLE SORT______  	  0.005256	  0.006352	    0.827456 
10000 512  SHUFFLE DITHER____  	  0.096606	  0.094269	    1.024791 ..
10000 1024  STAGGER IDENT_____  	  0.608368	  0.593902	    1.024358 ..
10000 1024  STAGGER REVERSE___  	  0.609468	  0.588649	    1.035367 ..
10000 1024  STAGGER REVERSE_FR  	  0.616106	  0.596988	    1.032024 ..
10000 1024  STAGGER REVERSE_BA  	  0.613656	  0.598387	    1.025517 ..
10000 1024  STAGGER SORT______  	  0.005258	  0.006344	    0.828815 
10000 1024  STAGGER DITHER____  	  0.607648	  0.594014	    1.022952 ..
10000 1024  SAWTOTH IDENT_____  	  0.075709	  0.077277	    0.979709 
10000 1024  SAWTOTH REVERSE___  	  0.083159	  0.084628	    0.982642 
10000 1024  SAWTOTH REVERSE_FR  	  0.084004	  0.084072	    0.999191 
10000 1024  SAWTOTH REVERSE_BA  	  0.082344	  0.083242	    0.989212 
10000 1024  SAWTOTH SORT______  	  0.005260	  0.006343	    0.829261 
10000 1024  SAWTOTH DITHER____  	  0.520820	  0.515175	    1.010957 ..
10000 1024  _RANDOM IDENT_____  	  0.769977	  0.716057	    1.075301 .!.
10000 1024  _RANDOM REVERSE___  	  0.761398	  0.716463	    1.062718 .!.
10000 1024  _RANDOM REVERSE_FR  	  0.722704	  0.674227	    1.071900 .!.
10000 1024  _RANDOM REVERSE_BA  	  0.769839	  0.712331	    1.080732 .!.
10000 1024  _RANDOM SORT______  	  0.005266	  0.006339	    0.830730 
10000 1024  _RANDOM DITHER____  	  0.772778	  0.711777	    1.085702 .!.
10000 1024  PLATEAU IDENT_____  	  0.005254	  0.006360	    0.826101 
10000 1024  PLATEAU REVERSE___  	  0.004850	  0.006684	    0.725613 
10000 1024  PLATEAU REVERSE_FR  	  0.004819	  0.006728	    0.716260 
10000 1024  PLATEAU REVERSE_BA  	  0.005252	  0.006351	    0.826956 
10000 1024  PLATEAU SORT______  	  0.005248	  0.006351	    0.826327 
10000 1024  PLATEAU DITHER____  	  0.052082	  0.051101	    1.019197 ..
10000 1024  SHUFFLE IDENT_____  	  0.050732	  0.037116	    1.366850 .!!!.
10000 1024  SHUFFLE REVERSE___  	  0.060769	  0.050303	    1.208059 .!!!.
10000 1024  SHUFFLE REVERSE_FR  	  0.054852	  0.043243	    1.268460 .!!!.
10000 1024  SHUFFLE REVERSE_BA  	  0.064072	  0.050889	    1.259054 .!!!.
10000 1024  SHUFFLE SORT______  	  0.005247	  0.006356	    0.825519 
10000 1024  SHUFFLE DITHER____  	  0.090058	  0.086502	    1.041109 ..
10000 2048  STAGGER IDENT_____  	  0.715812	  0.660188	    1.084255 .!.
10000 2048  STAGGER REVERSE___  	  0.708157	  0.656260	    1.079080 .!.
10000 2048  STAGGER REVERSE_FR  	  0.712182	  0.665639	    1.069922 .!.
10000 2048  STAGGER REVERSE_BA  	  0.728637	  0.669468	    1.088382 .!.
10000 2048  STAGGER SORT______  	  0.005250	  0.006340	    0.828076 
10000 2048  STAGGER DITHER____  	  0.710498	  0.658037	    1.079723 .!.
10000 2048  SAWTOTH IDENT_____  	  0.055524	  0.054278	    1.022956 ..
10000 2048  SAWTOTH REVERSE___  	  0.063039	  0.063210	    0.997295 
10000 2048  SAWTOTH REVERSE_FR  	  0.067817	  0.066649	    1.017525 ..
10000 2048  SAWTOTH REVERSE_BA  	  0.064240	  0.063279	    1.015187 ..
10000 2048  SAWTOTH SORT______  	  0.005259	  0.006356	    0.827407 
10000 2048  SAWTOTH DITHER____  	  0.473957	  0.466889	    1.015139 ..
10000 2048  _RANDOM IDENT_____  	  0.754026	  0.701703	    1.074566 .!.
10000 2048  _RANDOM REVERSE___  	  0.777008	  0.712860	    1.089987 .!.
10000 2048  _RANDOM REVERSE_FR  	  0.772832	  0.721223	    1.071558 .!.
10000 2048  _RANDOM REVERSE_BA  	  0.768954	  0.713583	    1.077596 .!.
10000 2048  _RANDOM SORT______  	  0.005274	  0.006366	    0.828464 
10000 2048  _RANDOM DITHER____  	  0.759862	  0.710715	    1.069151 .!.
10000 2048  PLATEAU IDENT_____  	  0.005250	  0.006357	    0.825861 
10000 2048  PLATEAU REVERSE___  	  0.006350	  0.008461	    0.750502 
10000 2048  PLATEAU REVERSE_FR  	  0.006444	  0.008555	    0.753244 
10000 2048  PLATEAU REVERSE_BA  	  0.005250	  0.006340	    0.828076 
10000 2048  PLATEAU SORT______  	  0.005246	  0.006346	    0.826662 
10000 2048  PLATEAU DITHER____  	  0.057468	  0.056194	    1.022671 ..
10000 2048  SHUFFLE IDENT_____  	  0.048546	  0.040700	    1.192776 .!!.
10000 2048  SHUFFLE REVERSE___  	  0.058118	  0.051431	    1.130019 .!!.
10000 2048  SHUFFLE REVERSE_FR  	  0.053213	  0.048219	    1.103569 .!!.
10000 2048  SHUFFLE REVERSE_BA  	  0.060589	  0.054473	    1.112276 .!!.
10000 2048  SHUFFLE SORT______  	  0.005249	  0.006356	    0.825834 
10000 2048  SHUFFLE DITHER____  	  0.088953	  0.085682	    1.038176 ..
10000 4096  STAGGER IDENT_____  	  0.716886	  0.660813	    1.084855 .!.
10000 4096  STAGGER REVERSE___  	  0.720973	  0.662995	    1.087449 .!.
10000 4096  STAGGER REVERSE_FR  	  0.719722	  0.672960	    1.069487 .!.
10000 4096  STAGGER REVERSE_BA  	  0.702027	  0.649797	    1.080379 .!.
10000 4096  STAGGER SORT______  	  0.005260	  0.006348	    0.828607 
10000 4096  STAGGER DITHER____  	  0.723253	  0.659267	    1.097056 .!.
10000 4096  SAWTOTH IDENT_____  	  0.039771	  0.038066	    1.044791 ..
10000 4096  SAWTOTH REVERSE___  	  0.052672	  0.052194	    1.009158 ..
10000 4096  SAWTOTH REVERSE_FR  	  0.047843	  0.047642	    1.004219 ..
10000 4096  SAWTOTH REVERSE_BA  	  0.046535	  0.050904	    0.914172 
10000 4096  SAWTOTH SORT______  	  0.005260	  0.006348	    0.828607 
10000 4096  SAWTOTH DITHER____  	  0.452125	  0.453431	    0.997120 
10000 4096  _RANDOM IDENT_____  	  0.779346	  0.714096	    1.091374 .!.
10000 4096  _RANDOM REVERSE___  	  0.778008	  0.712278	    1.092281 .!.
10000 4096  _RANDOM REVERSE_FR  	  0.779148	  0.716239	    1.087832 .!.
10000 4096  _RANDOM REVERSE_BA  	  0.769832	  0.707596	    1.087954 .!.
10000 4096  _RANDOM SORT______  	  0.005263	  0.006345	    0.829472 
10000 4096  _RANDOM DITHER____  	  0.779067	  0.716494	    1.087332 .!.
10000 4096  PLATEAU IDENT_____  	  0.005247	  0.006353	    0.825909 
10000 4096  PLATEAU REVERSE___  	  0.009517	  0.012034	    0.790843 
10000 4096  PLATEAU REVERSE_FR  	  0.007455	  0.009673	    0.770702 
10000 4096  PLATEAU REVERSE_BA  	  0.005258	  0.006356	    0.827250 
10000 4096  PLATEAU SORT______  	  0.005252	  0.006355	    0.826436 
10000 4096  PLATEAU DITHER____  	  0.073665	  0.071723	    1.027076 ..
10000 4096  SHUFFLE IDENT_____  	  0.035711	  0.033850	    1.054978 .!.
10000 4096  SHUFFLE REVERSE___  	  0.043880	  0.044062	    0.995869 
10000 4096  SHUFFLE REVERSE_FR  	  0.041965	  0.042374	    0.990348 
10000 4096  SHUFFLE REVERSE_BA  	  0.050764	  0.040424	    1.255789 .!!!.
10000 4096  SHUFFLE SORT______  	  0.005259	  0.006343	    0.829103 
10000 4096  SHUFFLE DITHER____  	  0.087961	  0.084624	    1.039433 ..
10000 8192  STAGGER IDENT_____  	  0.699478	  0.652670	    1.071718 .!.
10000 8192  STAGGER REVERSE___  	  0.717049	  0.669869	    1.070432 .!.
10000 8192  STAGGER REVERSE_FR  	  0.725811	  0.670318	    1.082786 .!.
10000 8192  STAGGER REVERSE_BA  	  0.708505	  0.653142	    1.084764 .!.
10000 8192  STAGGER SORT______  	  0.005258	  0.006356	    0.827250 
10000 8192  STAGGER DITHER____  	  0.709837	  0.654132	    1.085159 .!.
10000 8192  SAWTOTH IDENT_____  	  0.021871	  0.022985	    0.951534 
10000 8192  SAWTOTH REVERSE___  	  0.033371	  0.035411	    0.942391 
10000 8192  SAWTOTH REVERSE_FR  	  0.025211	  0.027182	    0.927489 
10000 8192  SAWTOTH REVERSE_BA  	  0.037884	  0.040125	    0.944150 
10000 8192  SAWTOTH SORT______  	  0.005261	  0.006353	    0.828113 
10000 8192  SAWTOTH DITHER____  	  0.274606	  0.268303	    1.023492 ..
10000 8192  _RANDOM IDENT_____  	  0.750779	  0.688430	    1.090567 .!.
10000 8192  _RANDOM REVERSE___  	  0.753256	  0.685665	    1.098577 .!.
10000 8192  _RANDOM REVERSE_FR  	  0.765086	  0.701599	    1.090489 .!.
10000 8192  _RANDOM REVERSE_BA  	  0.777075	  0.711784	    1.091729 .!.
10000 8192  _RANDOM SORT______  	  0.005253	  0.006350	    0.827244 
10000 8192  _RANDOM DITHER____  	  0.759097	  0.698068	    1.087426 .!.
10000 8192  PLATEAU IDENT_____  	  0.005247	  0.006351	    0.826169 
10000 8192  PLATEAU REVERSE___  	  0.011552	  0.014237	    0.811407 
10000 8192  PLATEAU REVERSE_FR  	  0.008674	  0.010632	    0.815839 
10000 8192  PLATEAU REVERSE_BA  	  0.028487	  0.031635	    0.900490 
10000 8192  PLATEAU SORT______  	  0.005260	  0.006358	    0.827304 
10000 8192  PLATEAU DITHER____  	  0.094183	  0.086699	    1.086322 .!.
10000 8192  SHUFFLE IDENT_____  	  0.024772	  0.027066	    0.915244 
10000 8192  SHUFFLE REVERSE___  	  0.030143	  0.032016	    0.941498 
10000 8192  SHUFFLE REVERSE_FR  	  0.028174	  0.031237	    0.901943 
10000 8192  SHUFFLE REVERSE_BA  	  0.039103	  0.040301	    0.970274 
10000 8192  SHUFFLE SORT______  	  0.005252	  0.006347	    0.827478 
10000 8192  SHUFFLE DITHER____  	  0.079370	  0.074377	    1.067131 .!.
10000 16384  STAGGER IDENT_____  	  0.706819	  0.667883	    1.058298 .!.
10000 16384  STAGGER REVERSE___  	  0.703880	  0.646595	    1.088595 .!.
10000 16384  STAGGER REVERSE_FR  	  0.710348	  0.666288	    1.066128 .!.
10000 16384  STAGGER REVERSE_BA  	  0.702830	  0.657012	    1.069737 .!.
10000 16384  STAGGER SORT______  	  0.005260	  0.006358	    0.827304 
10000 16384  STAGGER DITHER____  	  0.707169	  0.668390	    1.058019 .!.
10000 16384  SAWTOTH IDENT_____  	  0.005248	  0.006361	    0.825028 
10000 16384  SAWTOTH REVERSE___  	  0.011908	  0.014564	    0.817633 
10000 16384  SAWTOTH REVERSE_FR  	  0.008700	  0.010633	    0.818207 
10000 16384  SAWTOTH REVERSE_BA  	  0.031000	  0.034323	    0.903184 
10000 16384  SAWTOTH SORT______  	  0.005245	  0.006354	    0.825464 
10000 16384  SAWTOTH DITHER____  	  0.094251	  0.086074	    1.095000 .!.
10000 16384  _RANDOM IDENT_____  	  0.781581	  0.712306	    1.097255 .!.
10000 16384  _RANDOM REVERSE___  	  0.775131	  0.704153	    1.100799 .!!.
10000 16384  _RANDOM REVERSE_FR  	  0.772424	  0.710445	    1.087240 .!.
10000 16384  _RANDOM REVERSE_BA  	  0.754651	  0.687660	    1.097419 .!.
10000 16384  _RANDOM SORT______  	  0.005277	  0.006344	    0.831810 
10000 16384  _RANDOM DITHER____  	  0.781683	  0.727308	    1.074762 .!.
10000 16384  PLATEAU IDENT_____  	  0.005257	  0.006342	    0.828918 
10000 16384  PLATEAU REVERSE___  	  0.011899	  0.014567	    0.816846 
10000 16384  PLATEAU REVERSE_FR  	  0.008714	  0.010623	    0.820296 
10000 16384  PLATEAU REVERSE_BA  	  0.030961	  0.034296	    0.902758 
10000 16384  PLATEAU SORT______  	  0.005256	  0.006364	    0.825896 
10000 16384  PLATEAU DITHER____  	  0.094250	  0.085921	    1.096938 .!.
10000 16384  SHUFFLE IDENT_____  	  0.005254	  0.006354	    0.826881 
10000 16384  SHUFFLE REVERSE___  	  0.011897	  0.014590	    0.815422 
10000 16384  SHUFFLE REVERSE_FR  	  0.008692	  0.010645	    0.816534 
10000 16384  SHUFFLE REVERSE_BA  	  0.031001	  0.034306	    0.903661 
10000 16384  SHUFFLE SORT______  	  0.005250	  0.006360	    0.825472 
10000 16384  SHUFFLE DITHER____  	  0.076487	  0.068736	    1.112765 .!!.


--- STATS ---
winners  : 255 / 195
avg   (%): 93.1890
stats (%): (n=450, µ=94.180305, σ=13.355758)
stats per keys:
STAGGER:IDENT_____ stats (%): (n=15, µ=105.31279, σ=4.1663685)
STAGGER:REVERSE___ stats (%): (n=15, µ=104.84418, σ=5.2579894)
STAGGER:REVERSE_FR stats (%): (n=15, µ=104.13258, σ=4.0120435)
STAGGER:REVERSE_BA stats (%): (n=15, µ=103.60993, σ=6.4883375)
STAGGER:SORT______ stats (%): (n=15, µ=82.812225, σ=0.16331066)
STAGGER:DITHER____ stats (%): (n=15, µ=105.51127, σ=3.731072)
SAWTOTH:IDENT_____ stats (%): (n=15, µ=93.34929, σ=10.97167)
SAWTOTH:REVERSE___ stats (%): (n=15, µ=92.64584, σ=13.697352)
SAWTOTH:REVERSE_FR stats (%): (n=15, µ=94.266045, σ=12.032566)
SAWTOTH:REVERSE_BA stats (%): (n=15, µ=91.60305, σ=13.268964)
SAWTOTH:SORT______ stats (%): (n=15, µ=80.91845, σ=4.320219)
SAWTOTH:DITHER____ stats (%): (n=15, µ=101.08988, σ=3.8953896)
_RANDOM:IDENT_____ stats (%): (n=15, µ=99.50244, σ=11.934795)
_RANDOM:REVERSE___ stats (%): (n=15, µ=101.27156, σ=12.032068)
_RANDOM:REVERSE_FR stats (%): (n=15, µ=100.05624, σ=11.726117)
_RANDOM:REVERSE_BA stats (%): (n=15, µ=99.46602, σ=12.228829)
_RANDOM:SORT______ stats (%): (n=15, µ=80.96749, σ=4.320911)
_RANDOM:DITHER____ stats (%): (n=15, µ=103.80484, σ=4.9851074)
PLATEAU:IDENT_____ stats (%): (n=15, µ=82.732086, σ=0.183815)
PLATEAU:REVERSE___ stats (%): (n=15, µ=70.89538, σ=5.6231456)
PLATEAU:REVERSE_FR stats (%): (n=15, µ=70.66094, σ=5.5981326)
PLATEAU:REVERSE_BA stats (%): (n=15, µ=83.77316, σ=2.5975816)
PLATEAU:SORT______ stats (%): (n=15, µ=82.77994, σ=0.17071933)
PLATEAU:DITHER____ stats (%): (n=15, µ=101.99351, σ=3.748704)
SHUFFLE:IDENT_____ stats (%): (n=15, µ=95.46395, σ=16.158669)
SHUFFLE:REVERSE___ stats (%): (n=15, µ=104.13825, σ=13.341949)
SHUFFLE:REVERSE_FR stats (%): (n=15, µ=96.112274, σ=12.149677)
SHUFFLE:REVERSE_BA stats (%): (n=15, µ=104.86057, σ=10.225321)
SHUFFLE:SORT______ stats (%): (n=15, µ=82.75792, σ=0.16369787)
SHUFFLE:DITHER____ stats (%): (n=15, µ=104.07709, σ=3.8602211)
