
--- Bentley Basher ---

Start warm up ...
Warmup length: 501 reps: 60
lreps: 9 with reps: 3

Warmup length: 10001 reps: 60
lreps: 9 with reps: 3

total: 600120
  End warm up (21060 iterations per sort).

-----


Starting benchmarks ...
Timings are given in milli-seconds (min time + 1 stddev)

Timings are estimated using auto-tune to satisfy the maximal uncertainty of       2.00 % , convergence at       4.00 sigma with max test duration =   10000.00 ms.


COLUMNS:Length Sub-size  Builder Tweaker	BASELINE	DPQ_11	DPQ_18_11_21	DPQ_18_11I	DPQ_18_11P	RADIX	MARLIN	[DPQ_11 % DPQ_18_11_21]

lreps: 1 with reps: 90

50000 1  STAGGER IDENT_____	   0.011628	   0.185438	   0.122357	   0.124704	   0.131482	   0.189293	   0.373487	    151.55 % .!!!.
50000 1  SAWTOTH IDENT_____	   0.011020	   0.023800	   0.016024	   0.016173	   0.016047	   0.023410	   0.267350	    148.53 % .!!!.
50000 1  _RANDOM IDENT_____	   0.011081	   0.023832	   0.015975	   0.016082	   0.016027	   0.023302	   0.266382	    149.18 % .!!!.
50000 1  PLATEAU IDENT_____	   0.011649	   0.020570	   0.029384	   0.022837	   0.029408	   0.019196	   0.271418	     70.00 % 
50000 1  SHUFFLE IDENT_____	   0.011649	   0.020601	   0.029384	   0.022838	   0.029399	   0.019202	   0.247989	     70.11 % 
50000 1  STAGGER REVERSE___	   0.011646	   0.250072	   0.181435	   0.168573	   0.191014	   0.233159	   1.424483	    137.83 % .!!!.
50000 1  SAWTOTH REVERSE___	   0.011084	   0.023723	   0.015965	   0.016113	   0.015997	   0.023854	   0.269114	    148.60 % .!!!.
50000 1  _RANDOM REVERSE___	   0.011034	   0.023843	   0.016010	   0.016179	   0.016029	   0.023917	   0.267291	    148.92 % .!!!.
50000 1  PLATEAU REVERSE___	   0.011636	   0.064902	   0.015527	   0.015632	   0.015549	   0.013511	   0.267661	    418.01 % .!!!!!.
50000 1  SHUFFLE REVERSE___	   0.011674	   0.064625	   0.081591	   0.059504	   0.081505	   0.053072	   1.254761	     79.21 % 
50000 1  STAGGER REVERSE_FR	   0.011652	   0.215198	   0.150729	   0.146038	   0.163838	   0.214140	   0.997225	    142.77 % .!!!.
50000 1  SAWTOTH REVERSE_FR	   0.011060	   0.023828	   0.015980	   0.016106	   0.016032	   0.023880	   0.267238	    149.10 % .!!!.
50000 1  _RANDOM REVERSE_FR	   0.011061	   0.023749	   0.015988	   0.016126	   0.016002	   0.023895	   0.267054	    148.54 % .!!!.
50000 1  PLATEAU REVERSE_FR	   0.011665	   0.192514	   0.015586	   0.015710	   0.015602	   0.013502	   0.271614	   1235.18 % .!!!!!.
50000 1  SHUFFLE REVERSE_FR	   0.011653	   0.042190	   0.055082	   0.040920	   0.055058	   0.180748	   0.621432	     76.59 % 
50000 1  STAGGER REVERSE_BA	   0.011660	   0.215729	   0.150868	   0.145848	   0.164003	   0.214466	   0.996749	    142.99 % .!!!.
50000 1  SAWTOTH REVERSE_BA	   0.011072	   0.023779	   0.015978	   0.016107	   0.015993	   0.023881	   0.267044	    148.82 % .!!!.
50000 1  _RANDOM REVERSE_BA	   0.011071	   0.023762	   0.015937	   0.016102	   0.016006	   0.023934	   0.267131	    149.10 % .!!!.
50000 1  PLATEAU REVERSE_BA	   0.011638	   0.020589	   0.029457	   0.022918	   0.029461	   0.019205	   0.271559	     69.89 % 
50000 1  SHUFFLE REVERSE_BA	   0.011654	   0.215545	   0.152756	   0.148809	   0.165821	   0.214910	   0.621816	    141.10 % .!!!.
50000 1  STAGGER SORT______	   0.011617	   0.020582	   0.029406	   0.022850	   0.029427	   0.019222	   0.248838	     69.99 % 
50000 1  SAWTOTH SORT______	   0.011062	   0.023792	   0.015974	   0.016140	   0.016012	   0.023882	   0.266867	    148.95 % .!!!.
50000 1  _RANDOM SORT______	   0.011061	   0.023780	   0.015973	   0.016106	   0.016034	   0.023888	   0.267440	    148.87 % .!!!.
50000 1  PLATEAU SORT______	   0.011655	   0.020571	   0.029434	   0.022843	   0.029444	   0.019200	   0.271849	     69.89 % 
50000 1  SHUFFLE SORT______	   0.011662	   0.020575	   0.029401	   0.022896	   0.029440	   0.019197	   0.248526	     69.98 % 
50000 1  STAGGER DITHER____	   0.011674	   2.848188	$   4.784396	   3.522498	   5.214848	   1.514860	   1.320587	     59.53 % 
50000 1  SAWTOTH DITHER____	   0.011640	   0.166780	   0.123298	   0.130475	   0.146773	   1.038183	   3.073052	    135.27 % .!!!.
50000 1  _RANDOM DITHER____	   0.011674	   0.166857	   0.123144	   0.130319	   0.146527	   1.037136	   3.071686	    135.50 % .!!!.
50000 1  PLATEAU DITHER____	   0.011663	   0.167094	   0.123162	   0.130437	   0.146788	   1.037809	   3.058671	    135.67 % .!!!.
50000 1  SHUFFLE DITHER____	   0.011650	   0.676830	   0.524132	   0.408790	   0.603982	   1.266443	   1.294028	    129.13 % .!!!.
50000 4  STAGGER IDENT_____	   0.011637	   0.562671	   0.230642	   0.255835	   0.261202	   0.578682	   1.123462	    243.96 % .!!!!!.
50000 4  SAWTOTH IDENT_____	   0.011660	   0.171705	   0.108769	   0.114498	   0.114477	   1.055424	   3.059031	    157.86 % .!!!.
50000 4  _RANDOM IDENT_____	   0.011652	   1.033106	   0.844154	   1.034549	   0.848008	   1.061462	   4.762404	    122.38 % .!!!.
50000 4  PLATEAU IDENT_____	   0.011659	   0.020574	   0.029347	   0.022813	   0.029379	   0.019188	   0.271268	     70.10 % 
50000 4  SHUFFLE IDENT_____	   0.011644	   3.319464	$   2.844445	   2.519410	   2.958733	   1.773520	   3.427866	    116.70 % .!!.
50000 4  STAGGER REVERSE___	   0.011665	   0.623090	   0.299179	   0.297899	   0.341335	   0.626233	   1.978548	    208.27 % .!!!!!.
50000 4  SAWTOTH REVERSE___	   0.011659	   0.144181	   0.102021	   0.123261	   0.132077	   1.056297	   3.068405	    141.32 % .!!!.
50000 4  _RANDOM REVERSE___	   0.011678	   1.018419	   0.810470	   1.035807	   0.815566	   1.059958	   4.758639	    125.66 % .!!!.
50000 4  PLATEAU REVERSE___	   0.011654	   0.064722	   0.015503	   0.015657	   0.015548	   0.013485	   0.267553	    417.47 % .!!!!!.
50000 4  SHUFFLE REVERSE___	   0.011639	   2.987212	$   2.713646	   2.427231	   2.884386	   1.763315	   3.769425	    110.08 % .!!.
50000 4  STAGGER REVERSE_FR	   0.011638	   0.589616	   0.326996	   0.337192	   0.349236	   0.596902	   1.550952	    180.31 % .!!!!.
50000 4  SAWTOTH REVERSE_FR	   0.011655	   0.138446	   0.105357	   0.111109	   0.112916	   1.056214	   3.066209	    131.41 % .!!!.
50000 4  _RANDOM REVERSE_FR	   0.011663	   1.028682	   0.818135	   1.033505	   0.819850	   1.060176	   4.756612	    125.74 % .!!!.
50000 4  PLATEAU REVERSE_FR	   0.011652	   0.198360	   0.015595	   0.015704	   0.015574	   0.013569	   0.270519	   1271.96 % .!!!!!.
50000 4  SHUFFLE REVERSE_FR	   0.011675	   3.241697	$   2.966936	   2.550055	   3.001470	   1.782320	   3.646465	    109.26 % .!.
50000 4  STAGGER REVERSE_BA	   0.011658	   0.609003	   0.326898	   0.337723	   0.349164	   0.619590	   1.553788	    186.30 % .!!!!.
50000 4  SAWTOTH REVERSE_BA	   0.011642	   0.193347	   0.104465	   0.117602	   0.116122	   1.055911	   3.072710	    185.08 % .!!!!.
50000 4  _RANDOM REVERSE_BA	   0.011653	   1.014233	   0.738018	   1.032681	   0.739945	   1.060515	   4.763397	    137.43 % .!!!.
50000 4  PLATEAU REVERSE_BA	   0.011660	   0.020563	   0.029357	   0.022877	   0.029379	   0.019182	   0.271012	     70.05 % 
50000 4  SHUFFLE REVERSE_BA	   0.011654	   3.080116	$   3.267342	   2.799936	   3.290592	   1.755133	   3.640138	     94.27 % 
50000 4  STAGGER SORT______	   0.011647	   0.020585	   0.029407	   0.022881	   0.029413	   0.019173	   0.248188	     70.00 % 
50000 4  SAWTOTH SORT______	   0.011488	   0.021388	   0.025971	   0.021193	   0.025987	   0.017856	   0.272145	     82.35 % 
50000 4  _RANDOM SORT______	   0.011479	   0.021385	   0.025993	   0.021225	   0.026007	   0.017915	   0.272221	     82.27 % 
50000 4  PLATEAU SORT______	   0.011663	   0.020580	   0.029335	   0.022822	   0.029370	   0.019175	   0.271693	     70.15 % 
50000 4  SHUFFLE SORT______	   0.011664	   0.020577	   0.029353	   0.022853	   0.029385	   0.019183	   0.248014	     70.10 % 
50000 4  STAGGER DITHER____	   0.011659	   0.562648	   0.230519	   0.255252	   0.261161	   0.578560	   1.123543	    244.08 % .!!!!!.
50000 4  SAWTOTH DITHER____	   0.011657	   0.399261	   0.152022	   0.164435	   0.165164	   1.055691	   3.417346	    262.63 % .!!!!!.
50000 4  _RANDOM DITHER____	   0.011649	   1.333192	   1.280256	   1.353304	   1.267215	   1.058215	   5.410861	    104.13 % ..
50000 4  PLATEAU DITHER____	   0.011638	   0.181869	   0.129281	   0.131153	   0.130356	   1.056723	   3.068989	    140.68 % .!!!.
50000 4  SHUFFLE DITHER____	   0.011625	   3.527414	$   3.464808	   3.032022	   3.553684	   2.224373	   3.856193	    101.81 % ..
50000 16  STAGGER IDENT_____	   0.011634	   1.300039	   0.424520	   0.523565	   0.523461	   1.551412	   1.509604	    306.24 % .!!!!!.
50000 16  SAWTOTH IDENT_____	   0.011650	   0.394609	   1.580913	   1.295501	   1.602833	   1.056248	   3.077359	     24.96 % 
50000 16  _RANDOM IDENT_____	   0.011657	   1.904720	   1.898720	   1.967168	   1.898006	   1.057868	   6.065555	    100.32 % ..
50000 16  PLATEAU IDENT_____	   0.011648	   0.020591	   0.029375	   0.022862	   0.029387	   0.019186	   0.271433	     70.10 % 
50000 16  SHUFFLE IDENT_____	   0.011648	   2.276872	$   1.657920	   1.361317	   1.650752	   1.838685	   2.665789	    137.33 % .!!!.
50000 16  STAGGER REVERSE___	   0.011679	   1.381618	   0.549304	   0.571807	   0.594118	   1.607046	   2.366720	    251.52 % .!!!!!.
50000 16  SAWTOTH REVERSE___	   0.011649	   0.506204	   1.434707	   1.255850	   1.485729	   1.057644	   3.480065	     35.28 % 
50000 16  _RANDOM REVERSE___	   0.011658	   1.964613	   1.991127	   1.919813	   1.985633	   1.057639	   6.063869	     98.67 % 
50000 16  PLATEAU REVERSE___	   0.011656	   0.064838	   0.015569	   0.015680	   0.015569	   0.013471	   0.267463	    416.46 % .!!!!!.
50000 16  SHUFFLE REVERSE___	   0.011652	   1.953113	   1.900597	   1.586514	   1.942697	   1.729717	   3.261785	    102.76 % ..
50000 16  STAGGER REVERSE_FR	   0.011670	   1.316101	   0.511905	   0.542221	   0.557213	   1.587782	   1.939165	    257.10 % .!!!!!.
50000 16  SAWTOTH REVERSE_FR	   0.011656	   0.370100	   1.236025	   1.136257	   1.343077	   1.057038	   3.323572	     29.94 % 
50000 16  _RANDOM REVERSE_FR	   0.011645	   1.898757	   1.924905	   1.978994	   1.949592	   1.057367	   6.063255	     98.64 % 
50000 16  PLATEAU REVERSE_FR	   0.011655	   0.192358	   0.015651	   0.015757	   0.015582	   0.013591	   0.271211	   1229.04 % .!!!!!.
50000 16  SHUFFLE REVERSE_FR	   0.011646	   2.190086	$   1.843694	   1.499785	   1.812680	   1.837512	   2.998182	    118.79 % .!!.
50000 16  STAGGER REVERSE_BA	   0.011634	   1.336121	   0.524536	   0.561273	   0.569085	   1.579398	   1.939821	    254.72 % .!!!!!.
50000 16  SAWTOTH REVERSE_BA	   0.011633	   0.287041	   1.182056	   1.132766	   1.221725	   1.058083	   3.315988	     24.28 % 
50000 16  _RANDOM REVERSE_BA	   0.011654	   1.900083	   1.999570	   1.965281	   2.020108	   1.057327	   6.057971	     95.02 % 
50000 16  PLATEAU REVERSE_BA	   0.011635	   0.020614	   0.029385	   0.022866	   0.029383	   0.019195	   0.270712	     70.15 % 
50000 16  SHUFFLE REVERSE_BA	   0.011633	   2.095450	   2.092013	   1.768596	   2.141322	   1.777022	   3.000870	    100.16 % ..
50000 16  STAGGER SORT______	   0.011652	   0.020598	   0.029373	   0.022874	   0.029369	   0.019191	   0.248139	     70.13 % 
50000 16  SAWTOTH SORT______	   0.011595	   0.020815	   0.028576	   0.022471	   0.028542	   0.018935	   0.271931	     72.84 % 
50000 16  _RANDOM SORT______	   0.011601	   0.020819	   0.028511	   0.022485	   0.028512	   0.018904	   0.272966	     73.02 % 
50000 16  PLATEAU SORT______	   0.011669	   0.020582	   0.029346	   0.022859	   0.029363	   0.019160	   0.271195	     70.14 % 
50000 16  SHUFFLE SORT______	   0.011665	   0.020581	   0.029364	   0.022852	   0.029364	   0.019182	   0.247999	     70.09 % 
50000 16  STAGGER DITHER____	   0.011654	   1.300012	   0.426469	   0.523377	   0.523447	   1.550646	   1.509754	    304.83 % .!!!!!.
50000 16  SAWTOTH DITHER____	   0.011653	   1.382077	   1.555404	   1.455331	   1.597216	   1.056081	   4.078872	     88.86 % 
50000 16  _RANDOM DITHER____	   0.011665	   2.022046	   2.050344	   2.056156	   2.057500	   1.057341	   6.220062	     98.62 % 
50000 16  PLATEAU DITHER____	   0.011670	   0.179620	   0.129004	   0.134738	   0.149986	   1.056375	   3.095697	    139.24 % .!!!.
50000 16  SHUFFLE DITHER____	   0.011651	   2.482907	$   2.113972	   1.760758	   2.141656	   1.990577	   2.906848	    117.45 % .!!.
50000 64  STAGGER IDENT_____	   0.011651	   1.850246	   5.250589	   4.708904	   5.282553	   1.427603	   1.914409	     35.24 % 
50000 64  SAWTOTH IDENT_____	   0.011649	   1.518394	   1.897094	   1.763353	   1.944850	   1.057575	   2.787592	     80.04 % 
50000 64  _RANDOM IDENT_____	   0.011630	   2.865386	   2.941095	   2.840612	   2.891608	   1.057743	   7.124831	     97.43 % 
50000 64  PLATEAU IDENT_____	   0.011647	   0.020626	   0.029350	   0.022822	   0.029380	   0.019186	   0.270270	     70.27 % 
50000 64  SHUFFLE IDENT_____	   0.011649	   1.883846	   0.996796	   0.623684	   1.042086	   1.889495	   2.115326	    188.99 % .!!!!.
50000 64  STAGGER REVERSE___	   0.011641	   1.934084	   5.363927	   4.773173	   5.385982	   1.444895	   2.761573	     36.06 % 
50000 64  SAWTOTH REVERSE___	   0.011642	   1.642202	   1.863581	   1.703417	   1.961843	   1.059071	   3.505940	     88.12 % 
50000 64  _RANDOM REVERSE___	   0.011625	   2.793201	   3.069443	   2.918290	   2.993642	   1.057876	   7.117433	     91.00 % 
50000 64  PLATEAU REVERSE___	   0.011627	   0.064907	   0.015723	   0.015781	   0.015703	   0.013591	   0.268854	    412.82 % .!!!!!.
50000 64  SHUFFLE REVERSE___	   0.011649	   1.638043	$   1.346202	   1.214302	   1.487197	   1.755426	   2.856091	    121.68 % .!!!.
50000 64  STAGGER REVERSE_FR	   0.011654	   1.879775	   5.394362	   4.794540	   5.486122	   1.456356	   2.333936	     34.85 % 
50000 64  SAWTOTH REVERSE_FR	   0.011664	   1.658132	   1.947657	   1.736850	   2.074138	   1.059254	   3.198269	     85.13 % 
50000 64  _RANDOM REVERSE_FR	   0.011651	   2.829019	   2.973894	   2.893443	   3.059845	   1.058467	   7.123775	     95.13 % 
50000 64  PLATEAU REVERSE_FR	   0.011651	   0.192183	   0.015774	   0.015827	   0.015708	   0.013628	   0.271378	   1218.32 % .!!!!!.
50000 64  SHUFFLE REVERSE_FR	   0.011645	   1.820078	$   1.383826	   1.137013	   1.465288	   1.868531	   2.510787	    131.53 % .!!!.
50000 64  STAGGER REVERSE_BA	   0.011666	   1.889005	   5.561855	   4.838465	   5.586993	   1.437802	   2.349318	     33.96 % 
50000 64  SAWTOTH REVERSE_BA	   0.011641	   1.553551	   1.884896	   1.744921	   1.906370	   1.058191	   3.200632	     82.42 % 
50000 64  _RANDOM REVERSE_BA	   0.011632	   2.837422	   3.025285	   2.821381	   2.983923	   1.057663	   7.118413	     93.79 % 
50000 64  PLATEAU REVERSE_BA	   0.011645	   0.020609	   0.029367	   0.022900	   0.029375	   0.019174	   0.270932	     70.18 % 
50000 64  SHUFFLE REVERSE_BA	   0.011675	   1.686671	   1.382122	   1.160525	   1.482817	   1.810990	   2.500966	    122.03 % .!!!.
50000 64  STAGGER SORT______	   0.011657	   0.020583	   0.029406	   0.022889	   0.029395	   0.019179	   0.248045	     70.00 % 
50000 64  SAWTOTH SORT______	   0.011650	   0.020611	   0.029118	   0.022694	   0.029104	   0.019069	   0.271497	     70.78 % 
50000 64  _RANDOM SORT______	   0.011642	   0.020634	   0.029165	   0.022789	   0.029182	   0.019048	   0.271252	     70.75 % 
50000 64  PLATEAU SORT______	   0.011665	   0.020577	   0.029356	   0.022823	   0.029364	   0.019158	   0.271047	     70.09 % 
50000 64  SHUFFLE SORT______	   0.011676	   0.020598	   0.029345	   0.022849	   0.029367	   0.019164	   0.247950	     70.19 % 
50000 64  STAGGER DITHER____	   0.011643	   1.850233	   5.256511	   4.707425	   5.282266	   1.430763	   1.914493	     35.20 % 
50000 64  SAWTOTH DITHER____	   0.011636	   1.957979	   2.343965	   2.153607	   2.269065	   1.057587	   3.373080	     83.53 % 
50000 64  _RANDOM DITHER____	   0.011649	   2.869743	   2.997868	   2.934472	   2.980666	   1.057666	   7.144368	     95.73 % 
50000 64  PLATEAU DITHER____	   0.011659	   0.184057	   0.128524	   0.134915	   0.149996	   1.057328	   3.089678	    143.21 % .!!!.
50000 64  SHUFFLE DITHER____	   0.011643	   2.109174	$   1.521434	   1.240594	   1.537881	   1.922014	   2.295492	    138.63 % .!!!.
50000 256  STAGGER IDENT_____	   0.011640	   5.475196	   5.799515	   5.267882	   5.829101	   1.659217	   2.363049	     94.41 % 
50000 256  SAWTOTH IDENT_____	   0.011641	   2.029276	   2.713676	   2.281447	   2.826619	   1.064915	   2.329307	     74.78 % 
50000 256  _RANDOM IDENT_____	   0.011631	   3.829547	   4.006618	   3.782990	   3.965372	   1.060982	   8.042280	     95.58 % 
50000 256  PLATEAU IDENT_____	   0.011626	   0.020619	   0.029391	   0.022827	   0.029407	   0.019220	   0.270577	     70.15 % 
50000 256  SHUFFLE IDENT_____	   0.011661	   1.805530	   0.606678	   0.457714	   0.631016	   1.871655	   1.693105	    297.61 % .!!!!!.
50000 256  STAGGER REVERSE___	   0.011653	   5.379035	   5.806750	   5.273733	   5.852366	   1.662877	   3.163995	     92.63 % 
50000 256  SAWTOTH REVERSE___	   0.011666	   2.059991	   2.544900	   2.238322	   2.728146	   1.068168	   3.136668	     80.95 % 
50000 256  _RANDOM REVERSE___	   0.011635	   3.842069	   4.086469	   3.789751	   4.025641	   1.060897	   8.040972	     94.02 % 
50000 256  PLATEAU REVERSE___	   0.011655	   0.064921	   0.016116	   0.016040	   0.016109	   0.013802	   0.270327	    402.83 % .!!!!!.
50000 256  SHUFFLE REVERSE___	   0.011667	   1.630744	$   1.137336	   0.858420	   1.305253	   1.739618	   2.486636	    143.38 % .!!!.
50000 256  STAGGER REVERSE_FR	   0.011670	   5.482403	   5.964907	   5.292098	   6.026323	   1.664821	   2.788228	     91.91 % 
50000 256  SAWTOTH REVERSE_FR	   0.011648	   2.145161	   2.670462	   2.317949	   2.863294	   1.069361	$   2.809372	     80.33 % 
50000 256  _RANDOM REVERSE_FR	   0.011657	   3.838440	   4.060670	   3.840085	   4.061632	   1.060965	   8.041487	     94.53 % 
50000 256  PLATEAU REVERSE_FR	   0.011647	   0.192296	   0.016207	   0.016116	   0.016161	   0.013913	   0.273317	   1186.47 % .!!!!!.
50000 256  SHUFFLE REVERSE_FR	   0.011658	   1.828660	   1.294890	   1.070972	   1.421328	   1.778751	   2.099010	    141.22 % .!!!.
50000 256  STAGGER REVERSE_BA	   0.011652	   5.415218	   5.832714	   5.282124	   5.907270	   1.660242	   2.787139	     92.84 % 
50000 256  SAWTOTH REVERSE_BA	   0.011666	   2.041131	   2.502094	   2.240396	   2.593117	   1.063821	   2.749650	     81.58 % 
50000 256  _RANDOM REVERSE_BA	   0.011644	   3.848742	   4.076394	   3.833152	   4.078902	   1.060673	   8.042326	     94.42 % 
50000 256  PLATEAU REVERSE_BA	   0.011664	   0.020589	   0.029359	   0.022825	   0.029365	   0.019174	   0.270672	     70.13 % 
50000 256  SHUFFLE REVERSE_BA	   0.011642	   1.621833	   1.116264	   0.705671	   1.216711	   1.806212	   2.096466	    145.29 % .!!!.
50000 256  STAGGER SORT______	   0.011643	   0.020606	   0.029409	   0.022835	   0.029397	   0.019203	   0.247927	     70.07 % 
50000 256  SAWTOTH SORT______	   0.011648	   0.020623	   0.029360	   0.022851	   0.029370	   0.019109	   0.267334	     70.24 % 
50000 256  _RANDOM SORT______	   0.011639	   0.020613	   0.029377	   0.022772	   0.029365	   0.019113	   0.270783	     70.17 % 
50000 256  PLATEAU SORT______	   0.011661	   0.020602	   0.029355	   0.022847	   0.029372	   0.019170	   0.270704	     70.18 % 
50000 256  SHUFFLE SORT______	   0.011662	   0.020593	   0.029345	   0.022848	   0.029348	   0.019157	   0.248151	     70.17 % 
50000 256  STAGGER DITHER____	   0.011658	   5.437563	   5.746505	   5.209122	   5.735897	   1.656888	   2.409611	     94.62 % 
50000 256  SAWTOTH DITHER____	   0.011645	   2.433993	   3.147338	   2.668573	   3.064127	   1.068676	   2.784301	     77.33 % 
50000 256  _RANDOM DITHER____	   0.011628	   3.874177	   4.042834	   3.832354	   4.036903	   1.069347	   8.041947	     95.83 % 
50000 256  PLATEAU DITHER____	   0.011663	   0.180185	   0.123438	   0.134449	   0.167983	   1.055921	   3.081621	    145.97 % .!!!.
50000 256  SHUFFLE DITHER____	   0.011661	   2.046848	$   1.249354	   1.020179	   1.276711	   1.910927	   1.881843	    163.83 % .!!!!.
50000 1024  STAGGER IDENT_____	   0.011642	   4.422099	   5.390232	   5.187639	   5.521969	   1.568501	   2.838755	     82.04 % 
50000 1024  SAWTOTH IDENT_____	   0.011658	   1.574306	   0.631858	   0.689251	   0.690960	   1.230839	   1.827690	    249.16 % .!!!!!.
50000 1024  _RANDOM IDENT_____	   0.011666	   4.921039	   5.411857	   5.121955	   5.388284	   1.459206	   8.839588	     90.93 % 
50000 1024  PLATEAU IDENT_____	   0.011656	   0.020605	   0.029354	   0.022847	   0.029370	   0.019172	   0.269994	     70.19 % 
50000 1024  SHUFFLE IDENT_____	   0.011654	   1.331410	!  0.315480	   0.307386	   0.360527	   1.821581	   1.304233	    422.03 % .!!!!!.
50000 1024  STAGGER REVERSE___	   0.011642	   4.468292	   5.671624	   5.252673	   5.679539	   1.570946	   3.478184	     78.78 % 
50000 1024  SAWTOTH REVERSE___	   0.011651	   1.658126	   0.702106	   0.740363	   1.019278	   1.282532	   2.677182	    236.16 % .!!!!!.
50000 1024  _RANDOM REVERSE___	   0.011644	   4.890479	   5.482598	   5.112612	   5.396598	   1.450627	   8.828403	     89.20 % 
50000 1024  PLATEAU REVERSE___	   0.011656	   0.064868	   0.017788	   0.017154	   0.017807	   0.014904	   0.278195	    364.68 % .!!!!!.
50000 1024  SHUFFLE REVERSE___	   0.011663	   1.281636	!  0.876524	!  0.752346	!  0.899859	   1.688286	   2.122277	    146.22 % .!!!.
50000 1024  STAGGER REVERSE_FR	   0.011658	   4.524380	   5.612890	   5.135319	   5.609226	   1.556066	   3.176131	     80.61 % 
50000 1024  SAWTOTH REVERSE_FR	   0.011644	   1.612366	   0.673395	   0.718326	   0.732236	   1.270047	   2.258522	    239.44 % .!!!!!.
50000 1024  _RANDOM REVERSE_FR	   0.011643	   4.905841	   5.436237	   5.121861	   5.360914	   1.452134	   8.835048	     90.24 % 
50000 1024  PLATEAU REVERSE_FR	   0.011645	   0.192440	   0.017916	   0.017209	   0.017903	   0.014980	   0.280815	   1074.13 % .!!!!!.
50000 1024  SHUFFLE REVERSE_FR	   0.011654	   1.352113	!  0.651836	!  0.550751	!  0.728973	   1.809917	   1.716392	    207.43 % .!!!!!.
50000 1024  STAGGER REVERSE_BA	   0.011658	   4.453961	   5.645776	   5.226301	   5.684753	   1.557176	   3.154016	     78.89 % 
50000 1024  SAWTOTH REVERSE_BA	   0.011653	   1.618348	   0.669877	   0.716402	   0.728909	   1.295497	   2.255784	    241.59 % .!!!!!.
50000 1024  _RANDOM REVERSE_BA	   0.011624	   4.827923	   5.468422	   5.128473	   5.413658	   1.451545	   8.833603	     88.29 % 
50000 1024  PLATEAU REVERSE_BA	   0.011647	   0.020613	   0.029373	   0.022906	   0.029370	   0.019196	   0.270544	     70.18 % 
50000 1024  SHUFFLE REVERSE_BA	   0.011641	   1.368402	$!  0.711242	!  0.603284	!  0.746789	   1.738302	   1.721208	    192.40 % .!!!!.
50000 1024  STAGGER SORT______	   0.011684	   0.020573	   0.029352	   0.022749	   0.029351	   0.019163	   0.249496	     70.09 % 
50000 1024  SAWTOTH SORT______	   0.011650	   0.020604	   0.029374	   0.022885	   0.029384	   0.019176	   0.258069	     70.14 % 
50000 1024  _RANDOM SORT______	   0.011673	   0.020575	   0.029375	   0.022815	   0.029354	   0.019145	   0.262259	     70.04 % 
50000 1024  PLATEAU SORT______	   0.011633	   0.020616	   0.029426	   0.022848	   0.029391	   0.019196	   0.270372	     70.06 % 
50000 1024  SHUFFLE SORT______	   0.011662	   0.020589	   0.029358	   0.022799	   0.029352	   0.019176	   0.248033	     70.13 % 
50000 1024  STAGGER DITHER____	   0.011631	   4.423931	   5.386793	   5.188744	   5.523318	   1.561671	   2.831422	     82.13 % 
50000 1024  SAWTOTH DITHER____	   0.011635	   2.804448	   3.743678	   3.389265	   3.779241	   1.243809	   2.395821	     74.91 % 
50000 1024  _RANDOM DITHER____	   0.011663	   4.877505	   5.478501	   5.140309	   5.414314	   1.449969	   8.833273	     89.03 % 
50000 1024  PLATEAU DITHER____	   0.011643	   0.189321	   0.137202	   0.142394	   0.159373	   1.051816	   3.065761	    137.99 % .!!!.
50000 1024  SHUFFLE DITHER____	   0.011645	   1.795224	$   1.036394	   0.628400	   1.096781	   1.827506	   1.556655	    173.22 % .!!!!.
50000 4096  STAGGER IDENT_____	   0.011646	   6.422101	   6.350466	   5.950972	   6.386471	   1.659676	   3.196162	    101.13 % ..
50000 4096  SAWTOTH IDENT_____	   0.011613	   1.043637	   0.382051	   0.413982	   0.416070	   1.071184	   1.412426	    273.17 % .!!!!!.
50000 4096  _RANDOM IDENT_____	   0.011672	   6.376322	   6.794374	   6.357743	   6.774807	   1.399607	   9.532365	     93.85 % 
50000 4096  PLATEAU IDENT_____	   0.011616	   0.020618	   0.029401	   0.022857	   0.029431	   0.019218	   0.269042	     70.13 % 
50000 4096  SHUFFLE IDENT_____	   0.011640	   0.590840	   0.154776	   0.177281	   0.184729	!  0.858461	   0.795020	    381.74 % .!!!!!.
50000 4096  STAGGER REVERSE___	   0.011673	   6.350009	   6.437237	   5.965359	   6.417934	   1.654920	   3.385666	     98.64 % 
50000 4096  SAWTOTH REVERSE___	   0.011667	   1.117801	   0.518334	   0.528807	   0.553219	   1.134872	   2.270822	    215.65 % .!!!!!.
50000 4096  _RANDOM REVERSE___	   0.011663	   6.359157	   6.891153	   6.345332	   6.800439	   1.399281	   9.531421	     92.28 % 
50000 4096  PLATEAU REVERSE___	   0.011652	   0.064800	   0.024861	   0.021881	   0.024957	   0.019381	   0.332149	    260.65 % .!!!!!.
50000 4096  SHUFFLE REVERSE___	   0.011657	   0.597795	   0.320702	   0.296961	   0.304613	!  0.843900	   1.770687	    186.40 % .!!!!.
50000 4096  STAGGER REVERSE_FR	   0.011629	   6.350701	   6.620035	   6.048090	   6.656069	   1.648863	   3.356710	     95.93 % 
50000 4096  SAWTOTH REVERSE_FR	   0.011644	   1.084737	   0.491328	   0.514249	   0.527182	   1.107573	   1.842315	    220.78 % .!!!!!.
50000 4096  _RANDOM REVERSE_FR	   0.011633	   6.365811	   6.875759	   6.343840	   6.805086	   1.399514	   9.534466	     92.58 % 
50000 4096  PLATEAU REVERSE_FR	   0.011641	   0.192429	   0.024845	   0.021651	   0.024747	   0.019240	   0.335641	    774.52 % .!!!!!.
50000 4096  SHUFFLE REVERSE_FR	   0.011636	   0.669967	   0.220518	   0.216501	   0.251379	!  1.001585	   1.360726	    303.81 % .!!!!!.
50000 4096  STAGGER REVERSE_BA	   0.011662	   6.373794	   6.482225	   5.935420	   6.434146	   1.646097	   3.297913	     98.33 % 
50000 4096  SAWTOTH REVERSE_BA	   0.011640	   1.070771	   0.430271	   0.507895	   0.521999	   1.093065	   1.842344	    248.86 % .!!!!!.
50000 4096  _RANDOM REVERSE_BA	   0.011667	   6.373364	   6.807376	   6.257277	   6.709075	   1.398608	   9.526498	     93.62 % 
50000 4096  PLATEAU REVERSE_BA	   0.011666	   0.020577	   0.029355	   0.022798	   0.029347	   0.019151	   0.269142	     70.10 % 
50000 4096  SHUFFLE REVERSE_BA	   0.011638	   0.662553	   0.260486	   0.268474	   0.283683	!  1.082458	   1.360019	    254.35 % .!!!!!.
50000 4096  STAGGER SORT______	   0.011672	   0.020590	   0.029330	   0.022868	   0.029344	   0.019165	   0.247874	     70.20 % 
50000 4096  SAWTOTH SORT______	   0.011660	   0.020597	   0.029385	   0.022877	   0.029368	   0.019161	   0.248110	     70.09 % 
50000 4096  _RANDOM SORT______	   0.011667	   0.020553	   0.029382	   0.022816	   0.029343	   0.019109	   0.248251	     69.95 % 
50000 4096  PLATEAU SORT______	   0.011640	   0.020612	   0.029379	   0.022869	   0.029399	   0.019203	   0.268956	     70.16 % 
50000 4096  SHUFFLE SORT______	   0.011643	   0.020595	   0.029392	   0.022899	   0.029382	   0.019206	   0.248054	     70.07 % 
50000 4096  STAGGER DITHER____	   0.011615	   6.358979	   6.405593	   5.976080	   6.410883	   1.657796	   3.246094	     99.27 % 
50000 4096  SAWTOTH DITHER____	   0.011660	   3.631175	   5.041399	   4.082261	   4.994931	   1.323488	   2.147632	     72.03 % 
50000 4096  _RANDOM DITHER____	   0.011669	   6.367574	   6.792241	   6.294074	   6.766753	   1.399580	   9.534082	     93.75 % 
50000 4096  PLATEAU DITHER____	   0.011638	   0.233054	   0.151158	   0.161948	   0.192510	   1.060679	   3.012167	    154.18 % .!!!.
50000 4096  SHUFFLE DITHER____	   0.011663	   1.230980	$   0.686612	   0.560939	   1.008060	   1.755526	   1.377601	    179.28 % .!!!!.
50000 16384  STAGGER IDENT_____	   0.011653	   6.314998	   6.407938	   5.866645	   6.319952	   1.593469	   3.447345	     98.55 % 
50000 16384  SAWTOTH IDENT_____	   0.011634	   0.351146	   0.193270	   0.207399	   0.210581	   0.356110	   1.023501	    181.69 % .!!!!.
50000 16384  _RANDOM IDENT_____	   0.011671	   6.948352	   6.984595	   6.435756	   6.939571	   1.612915	   9.919015	     99.48 % 
50000 16384  PLATEAU IDENT_____	   0.011651	   0.020585	   0.029379	   0.022876	   0.029367	   0.019186	   0.262844	     70.07 % 
50000 16384  SHUFFLE IDENT_____	   0.011640	!  0.251382	!  0.067102	!  0.069539	!  0.076129	!  0.238929	   0.370641	    374.63 % .!!!!!.
50000 16384  STAGGER REVERSE___	   0.011669	   6.222070	   6.560264	   5.958022	   6.481990	   1.597883	   3.297641	     94.84 % 
50000 16384  SAWTOTH REVERSE___	   0.011650	   0.413812	   0.268758	   0.257985	   0.280479	   0.407451	   1.877865	    153.97 % .!!!.
50000 16384  _RANDOM REVERSE___	   0.011652	   6.979186	   6.974229	   6.430376	   6.942586	   1.612934	   9.915919	    100.07 % ..
50000 16384  PLATEAU REVERSE___	   0.011651	   0.064753	   0.054673	   0.041030	   0.054747	   0.037604	   0.525369	    118.44 % .!!.
50000 16384  SHUFFLE REVERSE___	   0.011652	!  0.276698	   0.210338	   0.184426	   0.205683	!  0.247391	   1.418357	    131.55 % .!!!.
50000 16384  STAGGER REVERSE_FR	   0.011655	   6.324897	   6.546156	   5.977501	   6.520420	   1.586172	   3.434433	     96.62 % 
50000 16384  SAWTOTH REVERSE_FR	   0.011651	   0.576096	   0.254821	   0.255461	   0.269254	   0.565543	   1.452794	    226.08 % .!!!!!.
50000 16384  _RANDOM REVERSE_FR	   0.011638	   6.993042	   7.051806	   6.480907	   7.041434	   1.613387	   9.916670	     99.17 % 
50000 16384  PLATEAU REVERSE_FR	   0.011657	   0.191810	   0.045406	   0.035058	   0.045298	   0.031619	   0.530563	    422.44 % .!!!!!.
50000 16384  SHUFFLE REVERSE_FR	   0.011647	!  0.298728	   0.137399	   0.130197	   0.145672	   0.329080	   0.832277	    217.42 % .!!!!!.
50000 16384  STAGGER REVERSE_BA	   0.011652	   6.217072	   6.483031	   5.932186	   6.413534	   1.588055	   3.449952	     95.90 % 
50000 16384  SAWTOTH REVERSE_BA	   0.011646	   0.580925	   0.272781	   0.278163	   0.291511	   0.580906	   1.448809	    212.96 % .!!!!!.
50000 16384  _RANDOM REVERSE_BA	   0.011631	   7.007188	   7.031562	   6.436551	   7.010475	   1.614082	   9.917708	     99.65 % 
50000 16384  PLATEAU REVERSE_BA	   0.011655	   0.020599	   0.029366	   0.022845	   0.029363	   0.019170	   0.263049	     70.15 % 
50000 16384  SHUFFLE REVERSE_BA	   0.011664	   0.394637	   0.197198	   0.192852	   0.210530	   0.386212	   0.832689	    200.12 % .!!!!!.
50000 16384  STAGGER SORT______	   0.011670	   0.020572	   0.029393	   0.022919	   0.029399	   0.019195	   0.248180	     69.99 % 
50000 16384  SAWTOTH SORT______	   0.011656	   0.020605	   0.029397	   0.022889	   0.029387	   0.019139	   0.248159	     70.09 % 
50000 16384  _RANDOM SORT______	   0.011676	   0.020585	   0.029342	   0.022858	   0.029350	   0.019105	   0.247893	     70.15 % 
50000 16384  PLATEAU SORT______	   0.011661	   0.020569	   0.029351	   0.022827	   0.029367	   0.019160	   0.263419	     70.08 % 
50000 16384  SHUFFLE SORT______	   0.011654	   0.020599	   0.029363	   0.022875	   0.029364	   0.019194	   0.248165	     70.15 % 
50000 16384  STAGGER DITHER____	   0.011633	   6.312709	   6.399102	   5.863488	   6.317559	   1.599728	   3.449693	     98.65 % 
50000 16384  SAWTOTH DITHER____	   0.011642	   3.424613	   4.226945	   3.411505	   4.238956	   1.474284	   1.964682	     81.02 % 
50000 16384  _RANDOM DITHER____	   0.011650	   6.990458	   6.953492	   6.466244	   6.954130	   1.613891	   9.917017	    100.53 % ..
50000 16384  PLATEAU DITHER____	   0.011641	   0.378034	   0.357152	   0.349977	   0.390929	   1.098337	   2.693529	    105.85 % .!.
50000 16384  SHUFFLE DITHER____	   0.011666	   0.824587	   0.577435	   0.458152	   0.652318	   1.453654	   1.318991	    142.80 % .!!!.
50000 65536  STAGGER IDENT_____	   0.011656	   6.207286	   6.249309	   5.784855	   6.224486	   1.799375	   3.461876	     99.33 % 
50000 65536  SAWTOTH IDENT_____	   0.011635	   0.020598	   0.029370	   0.022888	   0.029384	   0.019192	   0.248055	     70.13 % 
50000 65536  _RANDOM IDENT_____	   0.011659	   7.031792	   7.042818	   6.401346	   6.954998	   2.343402	   9.962169	     99.84 % 
50000 65536  PLATEAU IDENT_____	   0.011633	   0.020615	   0.029387	   0.022915	   0.029385	   0.019187	   0.247955	     70.15 % 
50000 65536  SHUFFLE IDENT_____	   0.011652	!  0.140494	!  0.071394	!  0.073612	!  0.080069	!  0.138407	!  0.360824	    196.79 % .!!!!.
50000 65536  STAGGER REVERSE___	   0.011638	   5.986398	   6.218188	   5.667131	   6.145821	   1.554786	   3.413975	     96.27 % 
50000 65536  SAWTOTH REVERSE___	   0.011666	   0.064566	   0.081291	   0.059513	   0.081345	   0.053066	   1.255185	     79.42 % 
50000 65536  _RANDOM REVERSE___	   0.011641	   7.041910	   6.973700	   6.448262	   6.963924	   2.344024	   9.953840	    100.98 % ..
50000 65536  PLATEAU REVERSE___	   0.011652	   0.064508	   0.081306	   0.059531	   0.081392	   0.053089	   1.254136	     79.34 % 
50000 65536  SHUFFLE REVERSE___	   0.011644	!  0.171422	!  0.139806	!  0.116564	!  0.137468	!  0.158041	   1.402865	    122.61 % .!!!.
50000 65536  STAGGER REVERSE_FR	   0.011649	   6.137418	   6.293669	   5.809771	   6.288210	   1.799200	   3.565084	     97.52 % 
50000 65536  SAWTOTH REVERSE_FR	   0.011641	   0.042183	   0.055069	   0.040940	   0.055028	   0.180354	   0.621083	     76.60 % 
50000 65536  _RANDOM REVERSE_FR	   0.011644	   7.036595	   7.057195	   6.408680	   6.966613	   2.341108	   9.958815	     99.71 % 
50000 65536  PLATEAU REVERSE_FR	   0.011651	   0.042160	   0.055106	   0.040903	   0.055032	   0.180346	   0.620809	     76.51 % 
50000 65536  SHUFFLE REVERSE_FR	   0.011639	!  0.165045	!  0.102788	!  0.095576	!  0.109992	!  0.310934	   0.811609	    160.57 % .!!!!.
50000 65536  STAGGER REVERSE_BA	   0.011655	   6.187442	   6.479162	   5.931689	   6.480545	   1.623415	   3.567211	     95.50 % 
50000 65536  SAWTOTH REVERSE_BA	   0.011634	   0.215385	   0.152751	   0.146718	   0.164709	   0.214816	   0.620726	    141.00 % .!!!.
50000 65536  _RANDOM REVERSE_BA	   0.011641	   6.960604	   7.032065	   6.438987	   6.987022	   2.345510	   9.962311	     98.98 % 
50000 65536  PLATEAU REVERSE_BA	   0.011653	   0.215350	   0.152702	   0.148808	   0.164676	   0.213931	   0.620764	    141.03 % .!!!.
50000 65536  SHUFFLE REVERSE_BA	   0.011655	!  0.326593	   0.178398	   0.172119	   0.190664	!  0.335623	   0.811918	    183.07 % .!!!!.
50000 65536  STAGGER SORT______	   0.011678	   0.020571	   0.029324	   0.022768	   0.029330	   0.019152	   0.248078	     70.15 % 
50000 65536  SAWTOTH SORT______	   0.011658	   0.020593	   0.029375	   0.022827	   0.029367	   0.019166	   0.247924	     70.11 % 
50000 65536  _RANDOM SORT______	   0.011651	   0.020562	   0.029392	   0.022858	   0.029408	   0.019133	   0.248076	     69.96 % 
50000 65536  PLATEAU SORT______	   0.011655	   0.020597	   0.029367	   0.022846	   0.029379	   0.019157	   0.248328	     70.14 % 
50000 65536  SHUFFLE SORT______	   0.011654	   0.020604	   0.029360	   0.022797	   0.029366	   0.019164	   0.248183	     70.18 % 
50000 65536  STAGGER DITHER____	   0.011633	   6.115811	   6.314028	   5.770535	   6.243368	   1.797098	   3.597579	     96.86 % 
50000 65536  SAWTOTH DITHER____	   0.011662	   1.045190	   0.639358	   0.587546	   0.731904	   1.222241	   1.866375	    163.47 % .!!!!.
50000 65536  _RANDOM DITHER____	   0.011643	   7.028907	   6.997657	   6.487084	   7.007081	   2.338745	   9.961179	    100.45 % ..
50000 65536  PLATEAU DITHER____	   0.011671	   1.045634	   0.639769	   0.587447	   0.731505	   1.226919	   1.865863	    163.44 % .!!!!.
50000 65536  SHUFFLE DITHER____	   0.011619	   0.786090	   0.592170	   0.453326	   0.657790	   1.488224	   1.302877	    132.75 % .!!!.
lreps: 1 with reps: 90

100000 1  STAGGER IDENT_____	   0.022849	   0.485161	   0.274381	   0.280444	   0.315761	   0.497115	   1.128871	    176.82 % .!!!!.
100000 1  SAWTOTH IDENT_____	   0.020772	   0.050816	   0.034245	   0.034168	   0.034416	   0.050765	   0.625183	    148.39 % .!!!.
100000 1  _RANDOM IDENT_____	   0.020786	   0.051018	   0.034265	   0.034083	   0.034395	   0.050732	   0.625493	    148.89 % .!!!.
100000 1  PLATEAU IDENT_____	   0.022726	   0.043701	   0.062713	   0.048440	   0.062726	   0.041383	   0.635795	     69.68 % 
100000 1  SHUFFLE IDENT_____	   0.022740	   0.043689	   0.062756	   0.048481	   0.062798	   0.041396	   0.584025	     69.62 % 
100000 1  STAGGER REVERSE___	   0.023285	   0.609363	   0.418361	   0.390402	   0.498718	   0.593034	   3.005533	    145.66 % .!!!.
100000 1  SAWTOTH REVERSE___	   0.021752	   0.050980	   0.034942	   0.034810	   0.035130	   0.051530	   0.626442	    145.90 % .!!!.
100000 1  _RANDOM REVERSE___	   0.021778	   0.051438	   0.034851	   0.034823	   0.035084	   0.051452	   0.626586	    147.60 % .!!!.
100000 1  PLATEAU REVERSE___	   0.023258	   0.147131	   0.034364	   0.034178	   0.034603	   0.029641	   0.633144	    428.16 % .!!!!!.
100000 1  SHUFFLE REVERSE___	   0.023263	   0.142636	   0.180334	   0.132531	   0.180217	   0.117283	   2.668113	     79.10 % 
100000 1  STAGGER REVERSE_FR	   0.023273	   0.546921	   0.356301	   0.345184	   0.378576	   0.544171	   2.061620	    153.50 % .!!!.
100000 1  SAWTOTH REVERSE_FR	   0.021787	   0.051286	   0.034814	   0.034682	   0.035108	   0.051502	   0.626422	    147.31 % .!!!.
100000 1  _RANDOM REVERSE_FR	   0.021769	   0.051241	   0.034797	   0.034794	   0.035194	   0.051485	   0.626346	    147.26 % .!!!.
100000 1  PLATEAU REVERSE_FR	   0.023306	   0.502753	   0.034330	   0.034196	   0.034462	   0.029711	   0.633080	   1464.48 % .!!!!!.
100000 1  SHUFFLE REVERSE_FR	   0.023307	   0.090873	   0.119191	   0.088386	   0.119277	   0.419410	   1.731486	     76.24 % 
100000 1  STAGGER REVERSE_BA	   0.023254	   0.549279	   0.355762	   0.345805	   0.378282	   0.546088	   2.063544	    154.40 % .!!!.
100000 1  SAWTOTH REVERSE_BA	   0.021780	   0.050891	   0.034781	   0.034764	   0.035115	   0.051476	   0.626444	    146.32 % .!!!.
100000 1  _RANDOM REVERSE_BA	   0.021772	   0.050988	   0.034879	   0.034785	   0.035143	   0.051501	   0.625288	    146.18 % .!!!.
100000 1  PLATEAU REVERSE_BA	   0.023263	   0.044449	   0.063677	   0.049386	   0.063650	   0.041919	   0.636466	     69.80 % 
100000 1  SHUFFLE REVERSE_BA	   0.023261	   0.549224	   0.362254	   0.353841	   0.381009	   0.546542	   1.734560	    151.61 % .!!!.
100000 1  STAGGER SORT______	   0.023263	   0.044454	   0.063626	   0.049307	   0.063528	   0.041764	   0.585519	     69.87 % 
100000 1  SAWTOTH SORT______	   0.021855	   0.051221	   0.034777	   0.034656	   0.034996	   0.051465	   0.626260	    147.29 % .!!!.
100000 1  _RANDOM SORT______	   0.021737	   0.051101	   0.034847	   0.034826	   0.035113	   0.051579	   0.626227	    146.65 % .!!!.
100000 1  PLATEAU SORT______	   0.023256	   0.044546	   0.063724	   0.049451	   0.063704	   0.041977	   0.636444	     69.90 % 
100000 1  SHUFFLE SORT______	   0.023260	   0.044513	   0.063655	   0.049455	   0.063692	   0.041927	   0.585724	     69.93 % 
100000 1  STAGGER DITHER____	   0.023270	   5.893230	   9.954112	   7.362822	  10.891131	   3.378808	   2.890567	     59.20 % 
100000 1  SAWTOTH DITHER____	   0.023274	   0.395343	   0.279025	   0.316660	   0.349647	   2.135158	   6.544932	    141.69 % .!!!.
100000 1  _RANDOM DITHER____	   0.023280	   0.395052	   0.278348	   0.316078	   0.349978	   2.142449	   6.563190	    141.93 % .!!!.
100000 1  PLATEAU DITHER____	   0.023261	   0.395693	   0.278396	   0.316531	   0.350056	   2.136411	   6.546753	    142.13 % .!!!.
100000 1  SHUFFLE DITHER____	   0.023269	   1.875635	   1.556700	   1.391064	   1.827066	   2.563268	   2.835783	    120.49 % .!!!.
100000 4  STAGGER IDENT_____	   0.023353	   1.510646	   0.585964	   0.620221	   0.630697	   1.554139	   2.207974	    257.81 % .!!!!!.
100000 4  SAWTOTH IDENT_____	   0.023333	   0.268238	   0.275958	   0.315433	   0.323036	   2.144211	   6.532850	     97.20 % 
100000 4  _RANDOM IDENT_____	   0.023332	   2.027734	   1.977599	   2.078132	   1.991777	   2.152778	   9.611890	    102.54 % ..
100000 4  PLATEAU IDENT_____	   0.023341	   0.044532	   0.063533	   0.049304	   0.063552	   0.041811	   0.633512	     70.09 % 
100000 4  SHUFFLE IDENT_____	   0.023332	   6.674704	   6.105043	   5.305253	   6.077757	   3.914595	   7.124588	    109.33 % .!.
100000 4  STAGGER REVERSE___	   0.023335	   1.673962	   0.725374	   0.716513	   1.034113	   1.682495	   4.098747	    230.77 % .!!!!!.
100000 4  SAWTOTH REVERSE___	   0.023344	   0.324769	   0.353558	   0.411614	   0.508993	   2.140224	   6.614857	     91.86 % 
100000 4  _RANDOM REVERSE___	   0.023350	   2.056081	   1.978893	   2.082167	   1.990911	   2.148598	   9.612882	    103.90 % ..
100000 4  PLATEAU REVERSE___	   0.023338	   0.146986	   0.034299	   0.034194	   0.034468	   0.029595	   0.630691	    428.55 % .!!!!!.
100000 4  SHUFFLE REVERSE___	   0.023342	   5.941529	$   6.673090	   5.754277	   6.795279	   3.583266	   8.034862	     89.04 % 
100000 4  STAGGER REVERSE_FR	   0.023337	   1.581894	   0.993954	   1.024252	   1.058075	   1.602314	   3.150962	    159.15 % .!!!.
100000 4  SAWTOTH REVERSE_FR	   0.023336	   0.326736	   0.354112	   0.399151	   0.390167	   2.140032	   6.581446	     92.27 % 
100000 4  _RANDOM REVERSE_FR	   0.023347	   2.026002	   1.980816	   2.083965	   1.992402	   2.148363	   9.616178	    102.28 % ..
100000 4  PLATEAU REVERSE_FR	   0.023331	   0.503181	   0.034386	   0.034256	   0.034485	   0.029758	   0.631427	   1463.33 % .!!!!!.
100000 4  SHUFFLE REVERSE_FR	   0.023339	   6.534700	$   5.653695	   4.751261	   5.748874	   3.917706	   7.640316	    115.58 % .!!.
100000 4  STAGGER REVERSE_BA	   0.023324	   1.635975	   0.989948	   1.025880	   1.058570	   1.664791	   3.153579	    165.26 % .!!!!.
100000 4  SAWTOTH REVERSE_BA	   0.023352	   0.252159	   0.277624	   0.314871	   0.329738	   2.136270	   6.586691	     90.83 % 
100000 4  _RANDOM REVERSE_BA	   0.023345	   2.056743	   1.990044	   2.084943	   2.001364	   2.143170	   9.611377	    103.35 % ..
100000 4  PLATEAU REVERSE_BA	   0.023352	   0.044486	   0.063546	   0.049304	   0.063521	   0.041731	   0.633493	     70.01 % 
100000 4  SHUFFLE REVERSE_BA	   0.023349	   6.465936	$   7.147507	   6.167586	   7.265618	   3.900179	   7.635027	     90.46 % 
100000 4  STAGGER SORT______	   0.023353	   0.044519	   0.063531	   0.049338	   0.063527	   0.041940	   0.580676	     70.07 % 
100000 4  SAWTOTH SORT______	   0.022867	   0.046404	   0.056122	   0.045867	   0.056132	   0.039518	   0.634878	     82.68 % 
100000 4  _RANDOM SORT______	   0.022883	   0.046370	   0.056091	   0.045832	   0.056138	   0.039299	   0.633083	     82.67 % 
100000 4  PLATEAU SORT______	   0.023336	   0.044509	   0.063569	   0.049384	   0.063557	   0.041861	   0.633845	     70.02 % 
100000 4  SHUFFLE SORT______	   0.023344	   0.044542	   0.063525	   0.049326	   0.063567	   0.041791	   0.580643	     70.12 % 
100000 4  STAGGER DITHER____	   0.023366	   1.510745	   0.584227	   0.618719	   0.630655	   1.554038	   2.206832	    258.59 % .!!!!!.
100000 4  SAWTOTH DITHER____	   0.023337	   0.485130	   1.447680	$   1.388714	   1.552254	   2.143372	   7.284879	     33.51 % 
100000 4  _RANDOM DITHER____	   0.023324	   2.523149	   2.567167	   2.686175	   2.538108	   2.145351	  10.897545	     98.29 % 
100000 4  PLATEAU DITHER____	   0.023354	   0.473569	   0.310536	   0.319188	   0.316786	   2.143925	   6.538922	    152.50 % .!!!.
100000 4  SHUFFLE DITHER____	   0.023359	   7.145237	   7.069378	   6.103637	   7.186181	   4.812425	   7.882656	    101.07 % ..
100000 16  STAGGER IDENT_____	   0.023329	   2.600701	   1.268257	   1.385394	   1.388339	   3.229024	   2.964440	    205.06 % .!!!!!.
100000 16  SAWTOTH IDENT_____	   0.023327	   2.666599	   1.370423	   1.417480	   1.444130	   2.142066	   6.545692	    194.58 % .!!!!.
100000 16  _RANDOM IDENT_____	   0.023331	   3.823055	   3.896424	   3.854203	   3.875727	   2.145226	  12.206082	     98.12 % 
100000 16  PLATEAU IDENT_____	   0.023335	   0.044497	   0.063573	   0.049267	   0.063558	   0.041828	   0.633991	     69.99 % 
100000 16  SHUFFLE IDENT_____	   0.023351	   4.610488	$   3.232270	   2.639245	   3.332973	   3.971977	   5.666393	    142.64 % .!!!.
100000 16  STAGGER REVERSE___	   0.023330	   2.764385	   1.455361	   1.520784	   1.577118	   3.361358	   4.870274	    189.95 % .!!!!.
100000 16  SAWTOTH REVERSE___	   0.023345	   2.632921	   0.595442	   0.625298	$   0.614847	   2.145907	   7.439518	    442.18 % .!!!!!.
100000 16  _RANDOM REVERSE___	   0.023334	   3.520225	   3.970589	   3.879134	   3.975135	   2.140191	  12.199631	     88.66 % 
100000 16  PLATEAU REVERSE___	   0.023330	   0.147040	   0.034377	   0.034226	   0.034515	   0.029664	   0.630572	    427.73 % .!!!!!.
100000 16  SHUFFLE REVERSE___	   0.023358	   4.029611	$   4.233125	   3.372007	   4.231584	   3.715395	   7.010123	     95.19 % 
100000 16  STAGGER REVERSE_FR	   0.023332	   2.631930	   1.378583	   1.461504	   1.495151	   3.292072	   3.915403	    190.92 % .!!!!.
100000 16  SAWTOTH REVERSE_FR	   0.023354	   2.093629	   2.596567	   2.482617	   2.765359	   2.141479	   7.056458	     80.63 % 
100000 16  _RANDOM REVERSE_FR	   0.023332	   3.892874	$   3.908377	   3.810123	   4.015576	   2.137133	  12.201325	     99.60 % 
100000 16  PLATEAU REVERSE_FR	   0.023358	   0.503928	   0.034369	   0.034240	   0.034467	   0.029753	   0.633445	   1466.23 % .!!!!!.
100000 16  SHUFFLE REVERSE_FR	   0.023381	   4.407797	$   3.004829	   2.513818	   3.120090	   3.885675	$   6.477092	    146.69 % .!!!.
100000 16  STAGGER REVERSE_BA	   0.023336	   2.673438	   1.399489	   1.483295	   1.515837	   3.317667	   3.922212	    191.03 % .!!!!.
100000 16  SAWTOTH REVERSE_BA	   0.023347	   2.086345	   2.225242	   2.138532	   2.238707	   2.139243	   7.050027	     93.76 % 
100000 16  _RANDOM REVERSE_BA	   0.023337	   3.803561	   3.882284	   3.887081	   3.924465	   2.139574	  12.208007	     97.97 % 
100000 16  PLATEAU REVERSE_BA	   0.023351	   0.044527	   0.063574	   0.049311	   0.063609	   0.041950	   0.636692	     70.04 % 
100000 16  SHUFFLE REVERSE_BA	   0.023349	   4.263903	   4.144728	   3.483616	   4.205746	   3.897542	$   6.506124	    102.88 % ..
100000 16  STAGGER SORT______	   0.023354	   0.044522	   0.063619	   0.049348	   0.063549	   0.041941	   0.584707	     69.98 % 
100000 16  SAWTOTH SORT______	   0.023239	   0.044937	   0.061372	   0.048562	   0.061352	   0.041321	   0.638433	     73.22 % 
100000 16  _RANDOM SORT______	   0.023210	   0.044988	   0.061419	   0.048643	   0.061413	   0.041200	   0.641422	     73.25 % 
100000 16  PLATEAU SORT______	   0.023344	   0.044516	   0.063709	   0.049339	   0.063636	   0.042191	   0.636479	     69.87 % 
100000 16  SHUFFLE SORT______	   0.023334	   0.044543	   0.063608	   0.049352	   0.063627	   0.041995	   0.584965	     70.03 % 
100000 16  STAGGER DITHER____	   0.023348	   2.601389	   1.266500	   1.386711	   1.390054	   3.231819	   2.974716	    205.40 % .!!!!!.
100000 16  SAWTOTH DITHER____	   0.023343	   2.957975	   3.483921	   3.188658	   3.662294	   2.140980	   8.646728	     84.90 % 
100000 16  _RANDOM DITHER____	   0.023351	   4.002189	   4.021542	   4.159691	   4.043038	   2.134769	  12.533346	     99.52 % 
100000 16  PLATEAU DITHER____	   0.023330	   0.489380	   0.309753	   0.326166	   0.356435	   2.135599	   6.568372	    157.99 % .!!!.
100000 16  SHUFFLE DITHER____	   0.023330	   5.032299	$   4.405996	   3.541250	   4.462618	   4.289284	   6.111445	    114.21 % .!!.
100000 64  STAGGER IDENT_____	   0.023340	   3.690371	   1.774505	   1.966349	   1.961906	   3.066093	   3.761059	    207.97 % .!!!!!.
100000 64  SAWTOTH IDENT_____	   0.023354	   3.092098	   3.723913	   3.521353	   3.926937	   2.135850	$   6.193122	     83.03 % 
100000 64  _RANDOM IDENT_____	   0.023334	   5.678129	   6.093032	   5.862505	   6.079280	   2.143484	  14.347629	     93.19 % 
100000 64  PLATEAU IDENT_____	   0.023332	   0.044529	   0.063632	   0.049362	   0.063611	   0.042156	   0.636578	     69.98 % 
100000 64  SHUFFLE IDENT_____	   0.023335	   3.806268	   2.112172	   1.706473	   2.171235	   4.062424	   4.630342	    180.21 % .!!!!.
100000 64  STAGGER REVERSE___	   0.023343	   3.858216	   1.959742	   2.094186	   2.151524	   3.104292	   5.657049	    196.87 % .!!!!.
100000 64  SAWTOTH REVERSE___	   0.023344	   3.112075	   3.672187	   3.290321	   4.043208	   2.139556	$   7.748611	     84.75 % 
100000 64  _RANDOM REVERSE___	   0.023350	   5.565829	   5.968609	   5.730165	   5.943952	   2.137206	  14.350450	     93.25 % 
100000 64  PLATEAU REVERSE___	   0.023342	   0.148218	   0.034485	   0.034315	   0.034659	   0.029718	   0.634066	    429.81 % .!!!!!.
100000 64  SHUFFLE REVERSE___	   0.023350	   3.202567	   2.704229	   2.334705	   2.885954	   3.701984	   6.235506	    118.43 % .!!.
100000 64  STAGGER REVERSE_FR	   0.023347	   3.747785	   1.873448	   2.030442	   2.063905	   3.104964	   4.707643	    200.05 % .!!!!!.
100000 64  SAWTOTH REVERSE_FR	   0.023362	   2.974535	   3.876648	   3.455688	   4.175431	   2.134857	$   7.204738	     76.73 % 
100000 64  _RANDOM REVERSE_FR	   0.023321	   5.638281	   5.955824	   5.838142	   6.015573	   2.135790	  14.352176	     94.67 % 
100000 64  PLATEAU REVERSE_FR	   0.023339	   0.503092	   0.034462	   0.034343	   0.034598	   0.029836	   0.634148	   1459.83 % .!!!!!.
100000 64  SHUFFLE REVERSE_FR	   0.023349	   3.622039	$   2.867863	   2.328880	   3.021670	   3.878428	$   5.578801	    126.30 % .!!!.
100000 64  STAGGER REVERSE_BA	   0.023335	   3.767100	   1.881967	   2.040397	   2.070805	   3.072015	   4.712917	    200.17 % .!!!!!.
100000 64  SAWTOTH REVERSE_BA	   0.023351	   3.410587	   3.611129	   3.347441	   3.826703	   2.138116	$   7.067679	     94.45 % 
100000 64  _RANDOM REVERSE_BA	   0.023331	   5.600853	   6.023829	   5.813436	   6.002927	   2.144795	  14.346334	     92.98 % 
100000 64  PLATEAU REVERSE_BA	   0.023332	   0.044520	   0.063633	   0.049316	   0.063640	   0.041953	   0.636457	     69.96 % 
100000 64  SHUFFLE REVERSE_BA	   0.023337	   3.366752	   2.642099	   2.132869	   2.825695	   3.974520	$   5.664824	    127.43 % .!!!.
100000 64  STAGGER SORT______	   0.023335	   0.044524	   0.063657	   0.049300	   0.063666	   0.041989	   0.585331	     69.94 % 
100000 64  SAWTOTH SORT______	   0.023318	   0.044654	   0.062651	   0.049253	   0.062634	   0.041683	   0.639607	     71.27 % 
100000 64  _RANDOM SORT______	   0.023306	   0.044679	   0.062690	   0.049267	   0.062640	   0.041491	   0.641611	     71.27 % 
100000 64  PLATEAU SORT______	   0.023325	   0.044584	   0.063663	   0.049376	   0.063669	   0.041950	   0.636753	     70.03 % 
100000 64  SHUFFLE SORT______	   0.023336	   0.044560	   0.063615	   0.049353	   0.063639	   0.042185	   0.585098	     70.05 % 
100000 64  STAGGER DITHER____	   0.023386	   3.689861	   1.774486	   1.965956	   1.961991	   3.074707	   3.762728	    207.94 % .!!!!!.
100000 64  SAWTOTH DITHER____	   0.023335	   3.966269	   4.616237	   4.393671	   4.609916	   2.141071	   7.150400	     85.92 % 
100000 64  _RANDOM DITHER____	   0.023365	   5.619516	   5.938715	   5.742955	   5.995977	   2.145312	  14.405877	     94.63 % 
100000 64  PLATEAU DITHER____	   0.023336	   0.422063	   0.310605	   0.325418	   0.356439	   2.142168	   6.567670	    135.88 % .!!!.
100000 64  SHUFFLE DITHER____	   0.023403	   4.249938	$   3.199426	   2.543769	   3.274862	   4.142672	$   5.018363	    132.83 % .!!!.
100000 256  STAGGER IDENT_____	   0.023324	  11.191149	  12.111470	  10.791095	  12.159359	   3.535477	   4.637675	     92.40 % 
100000 256  SAWTOTH IDENT_____	   0.023329	   3.911582	   4.809130	   4.296693	   5.065213	   2.149146	   5.000846	     81.34 % 
100000 256  _RANDOM IDENT_____	   0.023335	   7.614566	   8.086942	   7.525720	   8.027084	   2.147552	  16.251777	     94.16 % 
100000 256  PLATEAU IDENT_____	   0.023336	   0.044523	   0.063607	   0.049355	   0.063632	   0.042133	   0.636312	     70.00 % 
100000 256  SHUFFLE IDENT_____	   0.023336	   3.658835	   1.624761	   1.295928	   1.692219	   4.030221	   3.768066	    225.19 % .!!!!!.
100000 256  STAGGER REVERSE___	   0.023330	  11.097939	  12.096843	  10.838338	  12.133621	   3.548790	   6.493727	     91.74 % 
100000 256  SAWTOTH REVERSE___	   0.023331	   3.849258	   4.883270	   4.342720	   5.216675	   2.145509	   6.813803	     78.83 % 
100000 256  _RANDOM REVERSE___	   0.023320	   7.537313	   8.085152	   7.571335	   7.930495	   2.140089	  16.250863	     93.22 % 
100000 256  PLATEAU REVERSE___	   0.023353	   0.147598	   0.035061	   0.034553	   0.035282	   0.029982	   0.635540	    420.98 % .!!!!!.
100000 256  SHUFFLE REVERSE___	   0.023325	   3.099474	$   2.353816	   2.008978	   2.474369	   3.698189	   5.521481	    131.68 % .!!!.
100000 256  STAGGER REVERSE_FR	   0.023354	  11.165830	  12.772329	  11.013611	  12.913774	   3.457149	   5.584445	     87.42 % 
100000 256  SAWTOTH REVERSE_FR	   0.023330	   4.482962	   5.535994	   4.632859	   5.920480	   2.146102	   5.927274	     80.98 % 
100000 256  _RANDOM REVERSE_FR	   0.023345	   7.613769	   8.088011	   7.650674	   8.062131	   2.147843	  16.248564	     94.14 % 
100000 256  PLATEAU REVERSE_FR	   0.023352	   0.503586	   0.035077	   0.034597	   0.035096	   0.030063	   0.636889	   1435.66 % .!!!!!.
100000 256  SHUFFLE REVERSE_FR	   0.023338	   3.528269	$   2.718024	   2.199004	   2.915150	   3.828352	   4.666784	    129.81 % .!!!.
100000 256  STAGGER REVERSE_BA	   0.023345	  11.160543	  12.035234	  10.777426	  12.272757	   3.438273	   5.595414	     92.73 % 
100000 256  SAWTOTH REVERSE_BA	   0.023335	   3.904774	   4.889030	   4.288926	   5.198719	   2.141716	   5.916229	     79.87 % 
100000 256  _RANDOM REVERSE_BA	   0.023346	   7.604663	   7.985035	   7.670696	   8.061981	   2.139638	  16.253421	     95.24 % 
100000 256  PLATEAU REVERSE_BA	   0.023325	   0.044522	   0.063613	   0.049364	   0.063648	   0.041991	   0.636357	     69.99 % 
100000 256  SHUFFLE REVERSE_BA	   0.023334	   3.219623	   2.132465	   1.763380	   2.297986	   3.952898	$   4.760197	    150.98 % .!!!.
100000 256  STAGGER SORT______	   0.023341	   0.044532	   0.063632	   0.049314	   0.063606	   0.041939	   0.584899	     69.98 % 
100000 256  SAWTOTH SORT______	   0.023331	   0.044550	   0.063514	   0.049329	   0.063510	   0.041768	   0.637124	     70.14 % 
100000 256  _RANDOM SORT______	   0.023318	   0.044567	   0.063512	   0.049348	   0.063511	   0.041663	   0.641239	     70.17 % 
100000 256  PLATEAU SORT______	   0.023337	   0.044659	   0.063626	   0.049326	   0.063697	   0.041996	   0.636515	     70.19 % 
100000 256  SHUFFLE SORT______	   0.023343	   0.044539	   0.063613	   0.049344	   0.063617	   0.042161	   0.584823	     70.02 % 
100000 256  STAGGER DITHER____	   0.023335	  11.124876	  12.037888	  10.801415	  12.139374	   3.540193	   4.732592	     92.42 % 
100000 256  SAWTOTH DITHER____	   0.023338	   4.761623	   6.257447	   5.431407	   6.287912	   2.150054	   5.960131	     76.10 % 
100000 256  _RANDOM DITHER____	   0.023364	   7.533057	   8.001512	   7.544639	   8.011522	   2.162189	  16.257107	     94.15 % 
100000 256  PLATEAU DITHER____	   0.023338	   0.488738	   0.280053	   0.324705	   0.389176	   2.136323	   6.549390	    174.52 % .!!!!.
100000 256  SHUFFLE DITHER____	   0.023389	   4.116489	$   2.617970	   2.119645	   2.740001	   4.094152	$   4.202635	    157.24 % .!!!.
100000 1024  STAGGER IDENT_____	   0.023332	   9.444766	  11.568379	  10.706379	  11.734351	   3.291893	   5.518980	     81.64 % 
100000 1024  SAWTOTH IDENT_____	   0.023331	   4.685648	   1.961897	   2.151236	   2.148951	   2.565063	   4.012145	    238.83 % .!!!!!.
100000 1024  _RANDOM IDENT_____	   0.023348	   9.612783	  10.152431	   9.611135	  10.195651	   2.934650	  17.961964	     94.68 % 
100000 1024  PLATEAU IDENT_____	   0.023342	   0.044504	   0.063622	   0.049318	   0.063603	   0.041961	   0.635717	     69.95 % 
100000 1024  SHUFFLE IDENT_____	   0.023333	   3.553581	!  1.003893	   1.176535	   1.358639	   3.941802	   2.905567	    353.98 % .!!!!!.
100000 1024  STAGGER REVERSE___	   0.023334	   9.200696	  11.468786	  10.676804	  11.588334	   3.290585	   7.266638	     80.22 % 
100000 1024  SAWTOTH REVERSE___	   0.023330	   4.854745	   2.149506	   2.274871	   2.337179	   2.578703	   5.901021	    225.85 % .!!!!!.
100000 1024  _RANDOM REVERSE___	   0.023345	   9.618601	  10.230737	   9.541878	  10.212128	   2.932772	  17.959960	     94.02 % 
100000 1024  PLATEAU REVERSE___	   0.023338	   0.147572	   0.036675	   0.035853	   0.037105	   0.031106	   0.647421	    402.38 % .!!!!!.
100000 1024  SHUFFLE REVERSE___	   0.023330	   3.219212	!  2.433208	   2.134992	!  2.495997	   3.668996	   4.718616	    132.30 % .!!!.
100000 1024  STAGGER REVERSE_FR	   0.023339	   9.270589	  12.008388	  10.840060	  12.142191	   3.271816	   6.402315	     77.20 % 
100000 1024  SAWTOTH REVERSE_FR	   0.023338	   4.747938	   2.064250	   2.224694	   2.256484	   2.593296	   4.965638	    230.01 % .!!!!!.
100000 1024  _RANDOM REVERSE_FR	   0.023333	   9.663462	  10.222254	   9.576808	  10.182834	   2.934767	  17.958429	     94.53 % 
100000 1024  PLATEAU REVERSE_FR	   0.023348	   0.503635	   0.036757	   0.035900	   0.036795	   0.031112	   0.647628	   1370.17 % .!!!!!.
100000 1024  SHUFFLE REVERSE_FR	   0.023338	   3.534364	!  2.066209	   1.808758	!  2.212668	   3.746187	   3.823016	    171.06 % .!!!!.
100000 1024  STAGGER REVERSE_BA	   0.023326	   9.315003	  11.518106	  10.612695	  11.711115	   3.280807	   6.409118	     80.87 % 
100000 1024  SAWTOTH REVERSE_BA	   0.023324	   4.795793	   2.060584	   2.218277	   2.252337	   2.552941	   4.960056	    232.74 % .!!!!!.
100000 1024  _RANDOM REVERSE_BA	   0.023340	   9.685749	  10.325091	   9.669332	  10.281645	   2.932048	  17.967048	     93.81 % 
100000 1024  PLATEAU REVERSE_BA	   0.023341	   0.044528	   0.063648	   0.049357	   0.063644	   0.041969	   0.635054	     69.96 % 
100000 1024  SHUFFLE REVERSE_BA	   0.023332	   3.275762	$!  2.073428	   1.857816	!  2.264637	   3.826578	   3.823188	    157.99 % .!!!.
100000 1024  STAGGER SORT______	   0.023327	   0.044534	   0.063689	   0.049345	   0.063623	   0.041954	   0.588411	     69.92 % 
100000 1024  SAWTOTH SORT______	   0.023327	   0.044550	   0.063570	   0.049380	   0.063539	   0.041901	   0.627166	     70.08 % 
100000 1024  _RANDOM SORT______	   0.023342	   0.044514	   0.063504	   0.049341	   0.063547	   0.041646	   0.633309	     70.10 % 
100000 1024  PLATEAU SORT______	   0.023359	   0.044533	   0.063610	   0.049402	   0.063684	   0.041926	   0.636000	     70.01 % 
100000 1024  SHUFFLE SORT______	   0.023343	   0.044537	   0.063575	   0.049291	   0.063614	   0.041999	   0.584902	     70.05 % 
100000 1024  STAGGER DITHER____	   0.023338	   9.443643	  11.575204	  10.704134	  11.738884	   3.316330	   5.512247	     81.59 % 
100000 1024  SAWTOTH DITHER____	   0.023334	   5.381160	   7.333190	   6.153777	   7.374442	   2.548153	   5.213656	     73.38 % 
100000 1024  _RANDOM DITHER____	   0.023347	   9.520407	  10.259110	   9.557815	  10.233723	   2.929321	  17.967016	     92.80 % 
100000 1024  PLATEAU DITHER____	   0.023349	   0.477510	   0.317520	   0.332420	   0.363104	   2.156589	   6.558904	    150.39 % .!!!.
100000 1024  SHUFFLE DITHER____	   0.023318	   4.044552	$   2.408734	   1.919688	   2.522491	   3.988874	   3.415866	    167.91 % .!!!!.
100000 4096  STAGGER IDENT_____	   0.023333	  13.293348	  13.938341	  12.707238	  13.819352	   3.442141	   6.378618	     95.37 % 
100000 4096  SAWTOTH IDENT_____	   0.023336	   2.646271	   1.418078	   1.540305	   1.549505	   2.747425	   3.176927	    186.61 % .!!!!.
100000 4096  _RANDOM IDENT_____	   0.023346	  11.991229	  13.697768	  12.669629	  13.521399	   2.773174	  19.488771	     87.54 % 
100000 4096  PLATEAU IDENT_____	   0.023346	   0.044525	   0.063632	   0.049325	   0.063666	   0.041964	   0.633116	     69.97 % 
100000 4096  SHUFFLE IDENT_____	   0.023329	   2.041967	   0.447863	   0.565695	   0.632089	   2.436646	   2.158047	    455.94 % .!!!!!.
100000 4096  STAGGER REVERSE___	   0.023360	  13.402119	  13.724402	  12.753566	  13.794198	   3.450502	$   7.571866	     97.65 % 
100000 4096  SAWTOTH REVERSE___	   0.023331	   2.814084	   1.621503	   1.693851	   1.748163	   2.862421	   5.079596	    173.55 % .!!!!.
100000 4096  _RANDOM REVERSE___	   0.023349	  12.041844	  13.698752	  12.804637	  13.615120	   2.766507	  19.490491	     87.90 % 
100000 4096  PLATEAU REVERSE___	   0.023352	   0.147176	   0.044111	   0.040587	   0.044338	   0.035711	   0.689914	    333.64 % .!!!!!.
100000 4096  SHUFFLE REVERSE___	   0.023356	   2.022201	   1.250751	   1.173342	   1.188713	   2.445725	   4.005067	    161.68 % .!!!!.
100000 4096  STAGGER REVERSE_FR	   0.023321	  13.409089	  14.211385	  12.933850	  14.322221	   3.444347	   6.974318	     94.35 % 
100000 4096  SAWTOTH REVERSE_FR	   0.023370	   2.728716	   1.549692	   1.653774	   1.674267	   2.847824	   4.131105	    176.08 % .!!!!.
100000 4096  _RANDOM REVERSE_FR	   0.023340	  11.970672	  13.740675	  12.767649	  13.653852	   2.776450	  19.485152	     87.12 % 
100000 4096  PLATEAU REVERSE_FR	   0.023363	   0.503862	   0.044001	   0.040553	   0.044170	   0.035711	   0.688941	   1145.11 % .!!!!!.
100000 4096  SHUFFLE REVERSE_FR	   0.023338	   2.135946	   0.745186	   0.776982	   0.816795	   2.540227	   3.089573	    286.63 % .!!!!!.
100000 4096  STAGGER REVERSE_BA	   0.023330	  13.232388	  14.062246	  12.793576	  14.077006	   3.445747	   6.998212	     94.10 % 
100000 4096  SAWTOTH REVERSE_BA	   0.023339	   2.721289	   1.532858	   1.627345	   1.661371	   2.781180	   4.130977	    177.53 % .!!!!.
100000 4096  _RANDOM REVERSE_BA	   0.023410	  12.121725	  13.710073	  12.784161	  13.714075	   2.774962	  19.495423	     88.41 % 
100000 4096  PLATEAU REVERSE_BA	   0.023334	   0.044503	   0.063617	   0.049374	   0.063668	   0.042167	   0.634033	     69.95 % 
100000 4096  SHUFFLE REVERSE_BA	   0.023352	   2.117623	   0.767003	   0.786756	   0.814393	!  2.763147	   3.089521	    276.09 % .!!!!!.
100000 4096  STAGGER SORT______	   0.023333	   0.044560	   0.063643	   0.049335	   0.063631	   0.041998	   0.585032	     70.02 % 
100000 4096  SAWTOTH SORT______	   0.023334	   0.044554	   0.063672	   0.049315	   0.063600	   0.041940	   0.588104	     69.97 % 
100000 4096  _RANDOM SORT______	   0.023340	   0.044562	   0.063674	   0.049303	   0.063625	   0.041695	   0.597007	     69.99 % 
100000 4096  PLATEAU SORT______	   0.023338	   0.044562	   0.063686	   0.049316	   0.063661	   0.042011	   0.634153	     69.97 % 
100000 4096  SHUFFLE SORT______	   0.023338	   0.044549	   0.063672	   0.049333	   0.063599	   0.041981	   0.585048	     69.97 % 
100000 4096  STAGGER DITHER____	   0.023322	  13.303087	  13.973823	  12.824021	  13.955105	   3.449343	   6.477654	     95.20 % 
100000 4096  SAWTOTH DITHER____	   0.023338	   6.343919	   9.722273	   8.060839	   9.538492	   2.705656	   4.699423	     65.25 % 
100000 4096  _RANDOM DITHER____	   0.023333	  11.993499	  13.763641	  12.727297	  13.551058	   2.774270	  19.485144	     87.14 % 
100000 4096  PLATEAU DITHER____	   0.023334	   0.608264	   0.329367	   0.350210	   0.418368	   2.149586	   6.464416	    184.68 % .!!!!.
100000 4096  SHUFFLE DITHER____	   0.023329	   3.046365	   2.057787	   1.677676	   2.258891	   3.733947	   3.006914	    148.04 % .!!!.
100000 16384  STAGGER IDENT_____	   0.023345	  13.614511	  14.121892	  12.725293	  13.953325	   3.294137	   7.145868	     96.41 % 
100000 16384  SAWTOTH IDENT_____	   0.023313	   1.615199	   0.664938	   0.705144	   0.715309	   1.649769	   2.396124	    242.91 % .!!!!!.
100000 16384  _RANDOM IDENT_____	   0.023321	  14.612851	  14.975866	  13.710774	  14.820405	   3.045459	  20.674905	     97.58 % 
100000 16384  PLATEAU IDENT_____	   0.023323	   0.044532	   0.063648	   0.049362	   0.063676	   0.041929	   0.627635	     69.97 % 
100000 16384  SHUFFLE IDENT_____	   0.023322	!  0.973105	   0.289343	   0.312696	   0.337019	!  0.963761	   1.458111	    336.32 % .!!!!!.
100000 16384  STAGGER REVERSE___	   0.023324	  13.620314	  14.117605	  12.962961	  13.966357	   3.300305	   7.222739	     96.48 % 
100000 16384  SAWTOTH REVERSE___	   0.023330	   1.761547	   1.192538	   1.186282	   1.246501	   1.771036	   4.287612	    147.71 % .!!!.
100000 16384  _RANDOM REVERSE___	   0.023346	  14.709527	  15.040567	  13.811277	  14.910472	   3.049594	  20.678617	     97.80 % 
100000 16384  PLATEAU REVERSE___	   0.023333	   0.147541	   0.074660	   0.060114	   0.074771	   0.054078	   1.151658	    197.62 % .!!!!.
100000 16384  SHUFFLE REVERSE___	   0.023355	   1.224248	   0.665870	   0.566180	   0.639502	   0.910955	   3.314238	    183.86 % .!!!!.
100000 16384  STAGGER REVERSE_FR	   0.023348	  13.538001	  14.433891	  12.955002	  14.201731	   3.258233	   7.272055	     93.79 % 
100000 16384  SAWTOTH REVERSE_FR	   0.023355	   1.715229	   1.035475	   1.067209	   1.104621	   1.732356	   3.341893	    165.65 % .!!!!.
100000 16384  _RANDOM REVERSE_FR	   0.023347	  14.646390	  14.943826	  13.743036	  14.797663	   3.053355	  20.668140	     98.01 % 
100000 16384  PLATEAU REVERSE_FR	   0.023351	   0.502570	   0.074492	   0.059776	   0.074589	   0.053682	   1.153000	    674.67 % .!!!!!.
100000 16384  SHUFFLE REVERSE_FR	   0.023334	   1.294710	   0.410829	   0.411753	   0.442386	   1.221549	   2.396846	    315.15 % .!!!!!.
100000 16384  STAGGER REVERSE_BA	   0.023320	  13.577818	  13.935149	  12.804162	  13.794892	   3.253984	   7.225332	     97.44 % 
100000 16384  SAWTOTH REVERSE_BA	   0.023355	   1.718226	   1.008045	   1.039357	   1.081162	   1.734739	   3.341692	    170.45 % .!!!!.
100000 16384  _RANDOM REVERSE_BA	   0.023338	  14.710745	  15.120188	  13.834737	  14.924054	   3.057183	  20.677394	     97.29 % 
100000 16384  PLATEAU REVERSE_BA	   0.023326	   0.044539	   0.063618	   0.049319	   0.063650	   0.041986	   0.627390	     70.01 % 
100000 16384  SHUFFLE REVERSE_BA	   0.023326	   1.347810	   0.563022	   0.557343	   0.588565	   1.395375	   2.394690	    239.39 % .!!!!!.
100000 16384  STAGGER SORT______	   0.023329	   0.044553	   0.063651	   0.049372	   0.063665	   0.041980	   0.584862	     70.00 % 
100000 16384  SAWTOTH SORT______	   0.023334	   0.044504	   0.063650	   0.049284	   0.063575	   0.041828	   0.584982	     69.92 % 
100000 16384  _RANDOM SORT______	   0.023320	   0.044544	   0.063566	   0.049339	   0.063631	   0.041715	   0.584939	     70.07 % 
100000 16384  PLATEAU SORT______	   0.023344	   0.044562	   0.063669	   0.049368	   0.063687	   0.041999	   0.627507	     69.99 % 
100000 16384  SHUFFLE SORT______	   0.023340	   0.044524	   0.063633	   0.049340	   0.063608	   0.041934	   0.585054	     69.97 % 
100000 16384  STAGGER DITHER____	   0.023319	  13.613283	  14.112909	  12.721188	  13.952050	   3.300473	   7.143208	     96.46 % 
100000 16384  SAWTOTH DITHER____	   0.023333	   7.968983	  10.000407	   7.944291	  10.027273	   2.894204	   4.285914	     79.69 % 
100000 16384  _RANDOM DITHER____	   0.023327	  14.694186	  15.044373	  13.747566	  14.865853	   3.049546	  20.669145	     97.67 % 
100000 16384  PLATEAU DITHER____	   0.023351	   0.700574	   0.547350	   0.532422	   0.565161	   2.185763	   6.153325	    127.99 % .!!!.
100000 16384  SHUFFLE DITHER____	   0.023348	   2.283023	   1.829549	   1.547159	   2.068015	   3.410279	   2.886935	    124.79 % .!!!.
100000 65536  STAGGER IDENT_____	   0.023331	  13.174868	  13.657348	  12.313101	  13.480425	   3.409692	   7.656242	     96.47 % 
100000 65536  SAWTOTH IDENT_____	   0.023348	   0.390324	   0.261313	   0.261298	   0.273703	   0.388186	   1.454067	    149.37 % .!!!.
100000 65536  _RANDOM IDENT_____	   0.023352	  15.050507	  15.165043	  13.814708	  15.014707	   4.177967	  21.018436	     99.24 % 
100000 65536  PLATEAU IDENT_____	   0.023330	   0.044531	   0.063666	   0.049327	   0.063652	   0.041905	   0.603875	     69.94 % 
100000 65536  SHUFFLE IDENT_____	   0.023323	!  0.440425	!  0.155459	!  0.159171	!  0.172494	!  0.438235	!  0.909789	    283.31 % .!!!!!.
100000 65536  STAGGER REVERSE___	   0.023351	  13.290045	  13.649521	  12.311140	  13.407695	   3.255504	   7.288778	     97.37 % 
100000 65536  SAWTOTH REVERSE___	   0.023336	   0.581416	   0.415145	   0.379298	   0.483604	   0.552044	   3.342240	    140.05 % .!!!.
100000 65536  _RANDOM REVERSE___	   0.023330	  15.117069	  15.069039	  13.758449	  14.921588	   4.183601	  21.017760	    100.32 % ..
100000 65536  PLATEAU REVERSE___	   0.023331	   0.143025	   0.170714	   0.121117	   0.170926	   0.111126	   2.043892	     83.78 % 
100000 65536  SHUFFLE REVERSE___	   0.023329	!  0.472736	!  0.316312	!  0.259993	!  0.310628	!  0.427252	   2.946745	    149.45 % .!!!.
100000 65536  STAGGER REVERSE_FR	   0.023362	  13.122834	  14.044901	  12.688354	  13.994255	   3.572811	   7.601561	     93.43 % 
100000 65536  SAWTOTH REVERSE_FR	   0.023347	   0.502218	   0.342581	   0.324721	   0.355749	   0.717747	   2.398099	    146.60 % .!!!.
100000 65536  _RANDOM REVERSE_FR	   0.023330	  15.007199	  15.073922	  13.804393	  14.985104	   4.179518	  21.019508	     99.56 % 
100000 65536  PLATEAU REVERSE_FR	   0.023340	   0.090959	   0.119473	   0.088394	   0.119574	   0.419456	   1.757311	     76.13 % 
100000 65536  SHUFFLE REVERSE_FR	   0.023331	!  0.501101	!  0.214441	!  0.196773	!  0.238996	!  0.783288	   2.011062	    233.68 % .!!!!!.
100000 65536  STAGGER REVERSE_BA	   0.023343	  13.250889	  13.782977	  12.549089	  13.641064	   3.410685	   7.589911	     96.14 % 
100000 65536  SAWTOTH REVERSE_BA	   0.023318	   0.533909	   0.488302	   0.489167	   0.524794	   1.081182	   2.407161	    109.34 % .!.
100000 65536  _RANDOM REVERSE_BA	   0.023333	  15.033886	  15.194900	  13.919924	  15.104108	   4.175972	  21.024870	     98.94 % 
100000 65536  PLATEAU REVERSE_BA	   0.023351	   0.400352	   0.287372	   0.291230	   0.327257	   0.393646	   1.103311	    139.31 % .!!!.
100000 65536  SHUFFLE REVERSE_BA	   0.023334	!  0.820255	   0.428979	   0.422366	   0.452329	!  0.821763	   2.009790	    191.21 % .!!!!.
100000 65536  STAGGER SORT______	   0.023380	   0.044456	   0.063474	   0.049273	   0.063496	   0.042109	   0.584884	     70.04 % 
100000 65536  SAWTOTH SORT______	   0.023358	   0.044471	   0.063484	   0.049306	   0.063523	   0.041937	   0.584899	     70.05 % 
100000 65536  _RANDOM SORT______	   0.023327	   0.044541	   0.063575	   0.049372	   0.063587	   0.041664	   0.584923	     70.06 % 
100000 65536  PLATEAU SORT______	   0.023327	   0.044567	   0.063642	   0.049370	   0.063720	   0.041994	   0.603845	     70.03 % 
100000 65536  SHUFFLE SORT______	   0.023330	   0.044561	   0.063597	   0.049313	   0.063617	   0.042251	   0.584977	     70.07 % 
100000 65536  STAGGER DITHER____	   0.023333	  13.197315	  13.702768	  12.307128	  13.505226	   3.439538	   7.697337	     96.31 % 
100000 65536  SAWTOTH DITHER____	   0.023339	   5.297005	$   7.861418	   5.929798	   8.002523	   3.318507	   4.103022	     67.38 % 
100000 65536  _RANDOM DITHER____	   0.023337	  14.935977	  15.265945	  13.838621	  15.031024	   4.180511	  21.021745	     97.84 % 
100000 65536  PLATEAU DITHER____	   0.023347	   1.743319	   1.426889	   1.307026	   1.631186	   2.344037	   4.899121	    122.18 % .!!!.
100000 65536  SHUFFLE DITHER____	   0.023344	   1.991904	   1.724296	   1.473810	   1.964731	   2.982225	   2.846788	    115.52 % .!!.
lreps: 1 with reps: 90

500000 1  STAGGER IDENT_____	   0.122819	   3.309322	   2.267824	   2.312533	   2.432634	   3.391663	   7.286694	    145.92 % .!!!.
500000 1  SAWTOTH IDENT_____	   0.113022	   0.335035	   0.242266	   0.237951	   0.241944	   0.401033	   6.040129	    138.29 % .!!!.
500000 1  _RANDOM IDENT_____	   0.110464	   0.336833	   0.244911	   0.241345	   0.245919	   0.402483	   6.039783	    137.53 % .!!!.
500000 1  PLATEAU IDENT_____	   0.121681	   0.302487	   0.478234	   0.387111	   0.478897	   0.288385	   6.130478	     63.25 % 
500000 1  SHUFFLE IDENT_____	   0.123417	   0.300396	   0.476768	   0.385595	   0.477289	   0.286798	   5.639335	     63.01 % 
500000 1  STAGGER REVERSE___	   0.126890	   4.113504	   3.208262	   2.989896	   3.374533	   4.007408	  12.611748	    128.22 % .!!!.
500000 1  SAWTOTH REVERSE___	   0.119075	$   0.400121	   0.244879	   0.244311	   0.244218	   0.407234	   6.017567	    163.40 % .!!!!.
500000 1  _RANDOM REVERSE___	   0.118955	$   0.400192	   0.245608	   0.242659	   0.244703	   0.406392	   6.017551	    162.94 % .!!!!.
500000 1  PLATEAU REVERSE___	   0.126954	   1.337135	   0.244995	   0.243026	   0.245617	   0.214816	   6.110837	    545.78 % .!!!!!.
500000 1  SHUFFLE REVERSE___	   0.128511	   1.319171	   1.615535	   1.231716	   1.616730	   1.119263	  10.955905	     81.66 % 
500000 1  STAGGER REVERSE_FR	   0.126889	   3.707413	   2.751412	   2.653264	   2.909277	   3.691855	   9.952307	    134.75 % .!!!.
500000 1  SAWTOTH REVERSE_FR	   0.119038	$   0.401960	   0.244980	   0.242516	   0.247097	   0.407113	   6.020666	    164.08 % .!!!!.
500000 1  _RANDOM REVERSE_FR	   0.119056	$   0.400298	   0.244732	   0.243631	   0.246169	   0.407498	   6.017051	    163.57 % .!!!!.
500000 1  PLATEAU REVERSE_FR	   0.127077	   3.420791	   0.244868	   0.243056	   0.245317	   0.215228	   6.110860	   1396.99 % .!!!!!.
500000 1  SHUFFLE REVERSE_FR	   0.128509	   0.918898	   1.149205	   0.895829	   1.149432	   3.226246	   8.295202	     79.96 % 
500000 1  STAGGER REVERSE_BA	   0.126981	   3.713215	   2.744140	   2.655913	   2.905210	   3.696220	   9.951692	    135.31 % .!!!.
500000 1  SAWTOTH REVERSE_BA	   0.119046	$   0.401891	   0.245061	   0.242405	   0.245985	   0.407308	   6.017102	    164.00 % .!!!!.
500000 1  _RANDOM REVERSE_BA	   0.120119	$   0.399396	   0.243626	   0.242584	   0.245333	   0.406586	   6.015594	    163.94 % .!!!!.
500000 1  PLATEAU REVERSE_BA	   0.127025	   0.305065	   0.482658	   0.390521	   0.482241	   0.290989	   6.112945	     63.21 % 
500000 1  SHUFFLE REVERSE_BA	   0.128633	   3.715824	   2.772663	   2.677605	   2.920384	   3.695172	   8.294571	    134.02 % .!!!.
500000 1  STAGGER SORT______	   0.127363	   0.304873	   0.483313	   0.391062	   0.482744	   0.287363	   5.614114	     63.08 % 
500000 1  SAWTOTH SORT______	   0.119945	$   0.400770	   0.243813	   0.241766	   0.244987	   0.403902	   6.017189	    164.38 % .!!!!.
500000 1  _RANDOM SORT______	   0.118993	$   0.401868	   0.244972	   0.244051	   0.246046	   0.407525	   6.018152	    164.05 % .!!!!.
500000 1  PLATEAU SORT______	   0.126927	   0.305231	   0.481976	   0.390685	   0.481952	   0.291096	   6.113428	     63.33 % 
500000 1  SHUFFLE SORT______	   0.128519	   0.303507	   0.479923	   0.390169	   0.479546	   0.289818	   5.624529	     63.24 % 
500000 1  STAGGER DITHER____	   0.127017	  31.479965	  54.686824	  40.023314	  61.022351	  19.879040	  17.012000	     57.56 % 
500000 1  SAWTOTH DITHER____	   0.126953	   2.920207	   2.289950	   2.419872	   2.669760	  10.658580	  37.763498	    127.52 % .!!!.
500000 1  _RANDOM DITHER____	   0.128529	   2.920833	   2.291999	   2.421321	   2.661263	  10.696671	  37.783556	    127.44 % .!!!.
500000 1  PLATEAU DITHER____	   0.128522	   2.923655	   2.289546	   2.418290	   2.662881	  10.659129	  37.761336	    127.70 % .!!!.
500000 1  SHUFFLE DITHER____	   0.127018	  10.655350	   8.970061	   7.970688	  10.598989	  12.798040	  16.734284	    118.79 % .!!.
500000 16  STAGGER IDENT_____	   0.128213	  13.028495	   6.331486	   6.907518	   6.934199	  18.345856	  16.254287	    205.77 % .!!!!!.
500000 16  SAWTOTH IDENT_____	   0.130003	   7.817787	   8.726372	$  10.106476	   9.183068	  10.642249	  38.052018	     89.59 % 
500000 16  _RANDOM IDENT_____	   0.130078	  18.116228	  18.523360	  18.164639	  18.762885	  10.677412	  71.187793	     97.80 % 
500000 16  PLATEAU IDENT_____	   0.129901	   0.303776	   0.481301	   0.388908	   0.480800	   0.289768	   6.124211	     63.12 % 
500000 16  SHUFFLE IDENT_____	   0.129919	  23.592138	  15.763389	  13.110165	  16.423515	  21.150412	  33.785708	    149.66 % .!!!.
500000 16  STAGGER REVERSE___	   0.130066	  13.818946	   7.261455	   7.587298	   7.862713	  18.760459	  21.623587	    190.31 % .!!!!.
500000 16  SAWTOTH REVERSE___	   0.129923	   8.400434	  10.801958	$  11.052064	  11.910546	  10.659845	  41.601410	     77.77 % 
500000 16  _RANDOM REVERSE___	   0.129905	  18.963405	  19.643915	  19.589074	  20.072266	  10.687696	  71.174213	     96.54 % 
500000 16  PLATEAU REVERSE___	   0.129870	   1.337870	   0.243481	   0.242124	   0.243932	   0.214008	   6.122978	    549.48 % .!!!!!.
500000 16  SHUFFLE REVERSE___	   0.129926	  20.998081	  20.097650	  17.193383	  20.905848	  19.881458	  36.595003	    104.48 % ..
500000 16  STAGGER REVERSE_FR	   0.129943	  13.170317	   6.844445	   7.313177	   7.456399	  18.610697	  18.922152	    192.42 % .!!!!.
500000 16  SAWTOTH REVERSE_FR	   0.129936	   8.157635	  12.977576	  12.438637	  13.384208	  10.671868	  39.934108	     62.86 % 
500000 16  _RANDOM REVERSE_FR	   0.130087	  18.741518	  18.898304	  18.210377	  18.759981	  10.675125	  71.188514	     99.17 % 
500000 16  PLATEAU REVERSE_FR	   0.129937	   3.416930	   0.242909	   0.242181	   0.243957	   0.214251	   6.121032	   1406.67 % .!!!!!.
500000 16  SHUFFLE REVERSE_FR	   0.129841	  22.917859	$  18.001432	  14.607426	  18.549049	  20.187006	  35.355909	    127.31 % .!!!.
500000 16  STAGGER REVERSE_BA	   0.130255	  13.369147	   6.972683	   7.422940	   7.566476	  18.352740	  18.954211	    191.74 % .!!!!.
500000 16  SAWTOTH REVERSE_BA	   0.129822	   9.349086	   8.362434	$   9.589390	   8.790023	  10.684524	  39.909152	    111.80 % .!!.
500000 16  _RANDOM REVERSE_BA	   0.129901	  18.061922	  19.586959	  18.764482	  19.738616	  10.699857	  71.197891	     92.21 % 
500000 16  PLATEAU REVERSE_BA	   0.130000	   0.303729	   0.481279	   0.388672	   0.481060	   0.290154	   6.123577	     63.11 % 
500000 16  SHUFFLE REVERSE_BA	   0.129926	  22.152994	$  19.340501	  15.519669	  20.180470	  20.497785	  35.276553	    114.54 % .!!.
500000 16  STAGGER SORT______	   0.129893	   0.303708	   0.480928	   0.388180	   0.481034	   0.289687	   5.629596	     63.15 % 
500000 16  SAWTOTH SORT______	   0.129348	   0.305589	   0.468044	   0.384267	   0.468748	   0.286641	   6.153169	     65.29 % 
500000 16  _RANDOM SORT______	   0.129356	   0.306642	   0.468339	   0.382648	   0.468199	   0.283736	   6.156709	     65.47 % 
500000 16  PLATEAU SORT______	   0.129796	   0.304339	   0.480877	   0.388618	   0.481800	   0.289440	   6.124830	     63.29 % 
500000 16  SHUFFLE SORT______	   0.130008	   0.303836	   0.481372	   0.389050	   0.480721	   0.289551	   5.627861	     63.12 % 
500000 16  STAGGER DITHER____	   0.130025	  13.022373	   6.355634	   6.913215	   6.953667	  18.351416	  16.261453	    204.89 % .!!!!!.
500000 16  SAWTOTH DITHER____	   0.129905	  12.827576	  18.366183	  15.536087	  18.790823	  10.665739	  49.811530	     69.84 % 
500000 16  _RANDOM DITHER____	   0.129943	  19.821992	  19.615961	  19.821875	  19.683738	  10.700889	  72.818335	    101.05 % ..
500000 16  PLATEAU DITHER____	   0.129933	   3.056292	   2.376694	   2.491952	   2.715882	  10.690139	  37.647979	    128.59 % .!!!.
500000 16  SHUFFLE DITHER____	   0.129896	  26.027056	  23.347656	  19.219361	  23.904830	  22.661260	  36.517073	    111.48 % .!!.
500000 256  STAGGER IDENT_____	   0.130186	  58.055013	  11.559600	  12.814777	  12.817354