
--- Bentley Basher ---

Start warm up ...
Warmup length: 501 reps: 20
lreps: 81 with reps: 1

CHECK_SORTED: false
USE_BOTTOM_UP: false
Warmup length: 10001 reps: 20
lreps: 1 with reps: 10

  End warm up (53880 iterations per sort).

-----


Starting benchmarks ...
Timings are given in milli-seconds (rms = mean + 1 stddev)


Length Sub-size  Builder Tweaker	BASELINE	DPQ_18_11	DPQ_18_11P	DPQ_11	RADIX	MARLIN	PEEK_SORT	DPQ_18_11_E	MARLIN_M2	[DPQ_18_11 % DPQ_18_11P]

lreps: 1 with reps: 5

1000000 1  STAGGER IDENT_____	$   0.460951	   5.010397	   5.635990	   8.335983	   7.103509	  18.501064	  16.076332	   9.087963	  32.786886	     88.90 % 
1000000 1  SAWTOTH IDENT_____	   0.441836	   1.074886	   1.149140	   1.147124	   2.008713	  15.279753	  10.048096	   1.078242	  31.357236	     93.54 % 
1000000 1  _RANDOM IDENT_____	   0.440668	   1.074790	   1.149786	   1.149832	   2.009778	  15.277121	  10.052650	   1.083692	  31.320820	     93.48 % 
1000000 1  PLATEAU IDENT_____	   0.443318	   1.211280	   1.143421	   1.301448	   1.166283	  15.312577	  10.040689	   1.180236	  31.438699	    105.93 % .!.
1000000 1  SHUFFLE IDENT_____	   0.440120	   1.288791	   1.150041	   1.305100	   1.173384	  14.104779	  10.055706	   1.249683	  28.086254	    112.06 % .!!.
1000000 1  STAGGER REVERSE___	   0.857597	   5.718130	   6.351789	   8.818222	   7.794977	  27.522706	  15.501639	  10.084257	  47.690447	     90.02 % 
1000000 1  SAWTOTH REVERSE___	   0.856105	   0.642516	   0.657487	   0.723408	   1.678730	  14.856790	   9.627993	   0.647919	  30.892052	     97.72 % 
1000000 1  _RANDOM REVERSE___	   0.857034	   0.644433	   0.643803	   0.717019	   1.584081	  14.837599	$! 17.818870	   0.652489	  30.912635	    100.10 % ..
1000000 1  PLATEAU REVERSE___	   0.856751	   0.637270	   0.644201	   1.740992	   0.712484	  14.840453	   7.821877	   0.642213	  30.899900	     98.92 % 
1000000 1  SHUFFLE REVERSE___	!  0.818356	   1.920641	   1.863326	   1.949031	$!  5.962255	  23.222824	  10.718980	   2.560754	  43.278519	    103.08 % ..
1000000 1  STAGGER REVERSE_FR	   0.440391	   5.571639	   6.184330	   8.735321	   7.659215	  23.159207	  13.589884	   9.611579	  40.363474	     90.09 % 
1000000 1  SAWTOTH REVERSE_FR	   0.440036	   1.066043	   1.063265	   1.136542	   2.000344	  15.247449	  10.041341	   1.069531	  31.311819	    100.26 % ..
1000000 1  _RANDOM REVERSE_FR	   0.440196	   1.065636	   1.060885	   1.140546	   2.007868	  15.244665	  10.044374	   1.071418	  31.320701	    100.45 % ..
1000000 1  PLATEAU REVERSE_FR	!  0.790652	   0.786745	   0.826804	   7.058732	   0.795454	  14.939589	  12.129870	   0.717200	  31.068035	     95.15 % 
1000000 1  SHUFFLE REVERSE_FR	!  0.649900	   1.547678	   1.480027	   1.602872	   6.557381	  18.626848	  12.510502	   1.843845	  35.756436	    104.57 % ..
1000000 1  STAGGER REVERSE_BA	   0.440810	   5.579617	   6.187774	   8.772983	   7.638464	  23.142106	  13.186375	   9.641736	  40.240647	     90.17 % 
1000000 1  SAWTOTH REVERSE_BA	   0.444434	   1.066380	   1.063351	   1.135459	   1.999969	  15.261738	  10.036390	   1.067996	  31.313134	    100.28 % ..
1000000 1  _RANDOM REVERSE_BA	   0.439937	   1.068403	   1.069693	   1.146365	   2.005686	  15.262143	  10.048872	   1.074159	  31.319890	     99.88 % 
1000000 1  PLATEAU REVERSE_BA	   0.445552	   1.206285	   1.133054	   1.291628	   1.155805	  15.285005	  10.032470	   1.168358	  31.432124	    106.46 % .!.
1000000 1  SHUFFLE REVERSE_BA	   0.440131	   6.024641	   6.182127	   8.437778	   7.660589	  18.831358	  13.174334	   9.621852	  35.878709	     97.45 % 
1000000 1  STAGGER SORT______	   0.852318	   0.781316	   0.715028	   0.874419	   0.742139	  13.672714	   9.639717	   0.754036	  27.654730	    109.27 % .!.
1000000 1  SAWTOTH SORT______	   0.798937	   0.682469	   0.685467	   0.757083	   1.627031	  14.905483	   9.678798	   0.696522	  30.983818	     99.56 % 
1000000 1  _RANDOM SORT______	   0.844738	   0.643592	   0.642624	   0.718004	   1.584626	  14.833150	   9.623474	   0.651365	  30.913261	    100.15 % ..
1000000 1  PLATEAU SORT______	   0.857294	   0.783876	   0.707006	   0.868174	   0.730551	  14.851144	   9.607072	   0.748765	  31.007056	    110.87 % .!!.
1000000 1  SHUFFLE SORT______	   0.857663	   0.790882	   0.711697	   0.871439	   0.734778	  13.661975	   9.620526	   0.753474	  27.669734	    111.13 % .!!.
1000000 1  STAGGER DITHER____	   0.846887	  86.193800	 102.842909	  56.609321	  35.144710	  43.048169	  73.325091	 125.416329	  63.191275	     83.81 % 
1000000 1  SAWTOTH DITHER____	   0.802730	   5.385511	   5.547452	   6.512774	  19.126044	  92.780560	  88.625782	   7.918353	 120.051056	     97.08 % 
1000000 1  _RANDOM DITHER____	   0.846624	   5.332502	   5.512644	   6.478682	  19.069676	  92.766201	  88.704060	   7.827898	 120.058235	     96.73 % 
1000000 1  PLATEAU DITHER____	   0.802773	   5.388430	   5.558067	   6.494123	  19.114622	  92.861297	  88.653838	   7.904775	 119.888210	     96.95 % 
1000000 1  SHUFFLE DITHER____	   0.845377	  17.383687	  21.200778	  19.570548	  23.755772	  42.138394	  71.545063	  23.090761	  62.643886	     82.00 % 
1000000 16  STAGGER IDENT_____	   0.445703	  16.578949	  16.843081	  28.488575	  32.517714	  40.030548	  28.467446	  33.301195	  56.790224	     98.43 % 
1000000 16  SAWTOTH IDENT_____	   0.443676	  24.304798	  27.051973	  18.886107	  19.430811	  93.126269	  84.899131	  35.631111	 120.177547	     89.84 % 
1000000 16  _RANDOM IDENT_____	   0.440216	  31.526688	  34.464969	  31.897900	  19.535570	 138.056815	 130.334455	  43.838178	 166.815548	     91.47 % 
1000000 16  PLATEAU IDENT_____	   0.445595	   1.210364	   1.139036	   1.299311	   1.164558	  15.264239	  10.038278	   1.175590	  31.431825	    106.26 % .!.
1000000 16  SHUFFLE IDENT_____	   0.439777	  27.355900	  29.778486	  45.466562	$  41.849997	  78.126982	  73.906167	  37.086404	 107.906762	     91.86 % 
1000000 16  STAGGER REVERSE___	   0.856807	  17.260011	  17.569626	  29.164734	  33.037951	  49.182063	  27.755507	  34.634803	  72.125082	     98.24 % 
1000000 16  SAWTOTH REVERSE___	!  0.785263	  21.305764	  24.375323	  18.606510	  19.138370	  98.419733	  94.797433	  32.800857	 128.193413	     87.41 % 
1000000 16  _RANDOM REVERSE___	   0.840680	  30.020923	  32.474062	  31.804473	  19.158757	 137.652182	 129.922550	  41.532102	 166.301084	     92.45 % 
1000000 16  PLATEAU REVERSE___	   0.855928	   0.641334	   0.642326	   1.746462	   0.713703	  14.819379	   7.232648	   0.645797	  30.938326	     99.85 % 
1000000 16  SHUFFLE REVERSE___	!  0.817384	  33.994834	  36.903037	  40.120938	  37.246835	  81.443561	  75.009786	  46.198975	 113.542456	     92.12 % 
1000000 16  STAGGER REVERSE_FR	   0.442841	  17.141228	  17.545666	  28.470282	  33.046557	  44.748988	  27.523181	  34.957117	  64.635708	     97.69 % 
1000000 16  SAWTOTH REVERSE_FR	   0.444965	  16.532415	  17.943746	  14.880182	  19.474488	  96.046908	  90.097814	  24.949206	 124.430647	     92.13 % 
1000000 16  _RANDOM REVERSE_FR	   0.578137	  31.271206	  33.931128	  32.519517	  19.434590	 137.929545	 130.212489	  43.096122	 166.594719	     92.16 % 
1000000 16  PLATEAU REVERSE_FR	!  0.788340	   0.717373	   0.717775	   7.017819	   0.793880	  14.942246	  10.961570	   0.725800	  31.085638	     99.94 % 
1000000 16  SHUFFLE REVERSE_FR	   0.578064	  32.993207	  36.666249	  44.530777	  38.578162	  80.058156	  74.749295	  43.554532	 110.619635	     89.98 % 
1000000 16  STAGGER REVERSE_BA	   0.442631	  17.477819	  17.753726	  28.897427	  32.902829	  44.859682	  27.218900	  34.791253	  64.714470	     98.45 % 
1000000 16  SAWTOTH REVERSE_BA	   0.442598	  17.229154	  18.628636	  19.864876	  19.477585	  96.029816	  90.044463	  26.552553	 124.416084	     92.49 % 
1000000 16  _RANDOM REVERSE_BA	   0.439650	  30.818524	  33.705087	  32.370597	  19.578158	 138.068315	 130.367637	  42.412474	 166.723834	     91.44 % 
1000000 16  PLATEAU REVERSE_BA	   0.442910	   1.211881	   1.135204	   1.294217	   1.162704	  15.272178	  10.044228	   1.174660	  31.487281	    106.75 % .!.
1000000 16  SHUFFLE REVERSE_BA	   0.439643	  35.536388	  39.484434	  42.571549	  39.402575	  80.213387	  75.862547	  49.630030	 110.782216	     90.00 % 
1000000 16  STAGGER SORT______	!  0.783310	   0.856953	   0.787611	   0.946845	   0.808120	  13.728848	   9.694966	   0.822392	  27.805019	    108.80 % .!.
1000000 16  SAWTOTH SORT______	   0.827925	   0.775537	   0.708504	   0.861733	   0.741234	  14.875222	   9.637729	   0.749968	  31.085289	    109.46 % .!.
1000000 16  _RANDOM SORT______	   0.779496	   0.824049	   0.753513	   0.908278	   0.781686	  14.916038	   9.678890	   0.788841	  31.139236	    109.36 % .!.
1000000 16  PLATEAU SORT______	   0.857874	   0.781836	   0.708388	   0.865926	   0.733366	  14.851976	   9.615069	   0.744829	  31.039658	    110.37 % .!!.
1000000 16  SHUFFLE SORT______	   0.779039	   0.839774	   0.768480	   0.924259	   0.789916	  13.710828	   9.701839	   0.805971	  27.798056	    109.28 % .!.
1000000 16  STAGGER DITHER____	   0.800784	  16.039267	  16.469983	  28.172683	  32.147049	  39.692972	  28.073411	  32.945788	  56.584212	     97.38 % 
1000000 16  SAWTOTH DITHER____	   0.801106	  11.294877	  11.473046	  24.788656	  19.090519	 104.611203	 101.462576	  17.125216	 133.362238	     98.45 % 
1000000 16  _RANDOM DITHER____	   0.846542	  32.303012	  35.629909	  33.121191	  19.148816	 140.178373	 132.295463	  44.944842	 168.874919	     90.66 % 
1000000 16  PLATEAU DITHER____	   0.845822	   5.542773	   5.756106	   6.594945	  19.122047	  92.767496	  88.517760	  11.417647	 120.074835	     96.29 % 
1000000 16  SHUFFLE DITHER____	   0.845942	  39.697662	  44.110448	  48.609269	  42.918111	  81.345648	  80.247197	  52.721220	 110.822628	     90.00 % 
1000000 256  STAGGER IDENT_____	   0.443319	  30.225607	  31.534127	 103.511069	  37.177057	  59.175451	  48.362486	  64.728157	  78.381404	     95.85 % 
1000000 256  SAWTOTH IDENT_____	   0.442719	  38.020754	  41.973039	  33.014489	  19.474376	  78.408016	  68.173002	  54.625420	 101.235814	     90.58 % 
1000000 256  _RANDOM IDENT_____	   0.456860	  60.310747	  64.496663	  62.962366	  19.473166	 167.010177	 160.803583	  80.528801	 196.898101	     93.51 % 
1000000 256  PLATEAU IDENT_____	   0.443387	   1.217199	   1.143597	   1.298728	   1.168675	  15.272324	  10.032141	   1.177140	  31.467661	    106.44 % .!.
1000000 256  SHUFFLE IDENT_____	   0.439732	  14.010536	  15.359187	  33.715593	  41.653702	  59.764276	  51.462112	  19.437496	  84.697049	     91.22 % 
1000000 256  STAGGER REVERSE___	   0.843460	  31.246494	  32.155501	 102.765122	  36.595860	  68.284070	  48.319713	  66.215284	  93.813758	     97.17 % 
1000000 256  SAWTOTH REVERSE___	   0.854255	  38.853470	  44.409488	  32.747023	  19.079539	  87.130883	  67.943073	  56.067465	 115.863700	     87.49 % 
1000000 256  _RANDOM REVERSE___	   0.854404	  60.352862	  64.520976	  62.330084	  19.065146	 166.623416	 160.428035	  81.382940	 196.561628	     93.54 % 
1000000 256  PLATEAU REVERSE___	   0.855943	   0.643960	   0.642168	   1.748986	   0.715964	  14.831904	   7.244802	   0.649042	  30.936513	    100.28 % ..
1000000 256  SHUFFLE REVERSE___	   0.856083	  26.824003	  30.684251	  27.966859	  37.036245	  65.215626	  48.961594	  40.207110	  95.377209	     87.42 % 
1000000 256  STAGGER REVERSE_FR	   0.442759	  30.860776	  31.991441	 104.078160	  37.015049	  63.900586	  48.647694	  65.738700	  86.322409	     96.47 % 
1000000 256  SAWTOTH REVERSE_FR	!  0.648996	  40.669105	  44.526253	  32.840607	  19.282129	  82.849241	  68.182278	  57.808270	 108.629386	     91.34 % 
1000000 256  _RANDOM REVERSE_FR	!  0.647741	  60.505619	  64.754062	  63.129312	  19.277061	 166.827533	 160.665126	  80.609243	 196.761851	     93.44 % 
1000000 256  PLATEAU REVERSE_FR	!  0.749530	   0.760699	   0.757678	   7.055014	   0.832673	  14.969729	  11.035192	   0.763015	  31.131921	    100.40 % ..
1000000 256  SHUFFLE REVERSE_FR	   0.577869	  25.909522	  30.662293	  32.223552	  39.073678	  62.724477	  50.501460	  33.510295	  90.348977	     84.50 % 
1000000 256  STAGGER REVERSE_BA	   0.444928	  30.990367	  32.090650	 103.358813	  37.103001	  64.030625	  48.480008	  65.688936	  86.359972	     96.57 % 
1000000 256  SAWTOTH REVERSE_BA	   0.444860	  38.795819	  43.493223	  34.141881	  19.483029	  83.042385	  68.403439	  55.701660	 108.808875	     89.20 % 
1000000 256  _RANDOM REVERSE_BA	   0.439445	  60.267659	  64.364924	  62.208708	  19.488005	 167.035336	 160.863414	  81.688919	 196.926459	     93.63 % 
1000000 256  PLATEAU REVERSE_BA	   0.463353	   1.194413	   1.188352	   1.289903	   1.206807	  15.323719	  10.141069	   1.150751	  31.557526	    100.51 % ..
1000000 256  SHUFFLE REVERSE_BA	!  0.599724	  18.150451	  20.770553	  30.126383	  39.576262	  62.717537	  51.388416	  26.484449	  90.301368	     87.39 % 
1000000 256  STAGGER SORT______	   0.841150	   0.788630	   0.710815	   0.868602	   0.733884	  13.650465	   9.627087	   0.751672	  27.831119	    110.95 % .!!.
1000000 256  SAWTOTH SORT______	   0.819996	   0.927034	!  0.443640	!  0.845013	   0.747328	  14.964881	   9.733009	   0.760883	  31.169188	    208.96 % .!!!!!.
1000000 256  _RANDOM SORT______	   0.826865	   0.784358	   0.805229	   0.961021	   0.748563	  14.832238	   9.631956	   0.754469	  31.041739	     97.41 % 
1000000 256  PLATEAU SORT______	   0.850140	   0.795244	   0.720878	   0.875231	   0.748387	  14.866606	   9.620433	   0.755780	  31.119413	    110.32 % .!!.
1000000 256  SHUFFLE SORT______	   0.841935	   0.775417	   0.702982	   0.954001	   0.726785	  13.737004	   9.631815	   0.740524	  28.260603	    110.30 % .!!.
1000000 256  STAGGER DITHER____	   0.850065	  29.886093	  31.061945	 103.405004	  36.806625	  58.828976	  48.012646	  64.346788	  78.050893	     96.21 % 
1000000 256  SAWTOTH DITHER____	   0.853606	  41.860860	  46.408521	  40.291668	  19.104101	  88.214812	  88.414407	  61.980080	 118.140744	     90.20 % 
1000000 256  _RANDOM DITHER____	!  0.832787	  61.834949	  66.134397	  64.915324	  19.716739	 170.787439	 164.675999	  82.639085	 201.498971	     93.50 % 
1000000 256  PLATEAU DITHER____	   0.898389	   5.526508	   5.989950	   6.829394	  19.648949	  94.953187	  90.731822	   8.284840	 122.808987	     92.26 % 
1000000 256  SHUFFLE DITHER____	   0.888842	  25.770823	  29.550815	  37.517158	  42.444348	  65.181224	  74.223158	  34.991078	  92.028283	     87.21 % 
1000000 4096  STAGGER IDENT_____	   0.484749	 115.452705	 120.408073	 122.206797	  34.399735	  80.545979	  70.288924	 148.440460	 103.301984	     95.88 % 
1000000 4096  SAWTOTH IDENT_____	   0.484469	  30.957423	  32.020679	  45.839332	  24.820094	  60.353607	  49.264244	  66.082829	  80.115480	     96.68 % 
1000000 4096  _RANDOM IDENT_____	   0.488944	  91.673243	  97.693535	  96.229534	  24.417381	 196.758258	 192.149953	 121.389419	 228.453360	     93.84 % 
1000000 4096  PLATEAU IDENT_____	   0.485376	   1.342066	   1.195896	   1.356153	   1.291208	  15.841487	  10.487164	   1.301120	  32.635353	    112.22 % .!!.
1000000 4096  SHUFFLE IDENT_____	   0.626939	  16.867631	  18.551146	  36.450631	  39.794937	  45.580573	  35.963707	  42.350471	  66.993751	     90.93 % 
1000000 4096  STAGGER REVERSE___	!  0.754973	 113.176118	 118.920693	 121.039986	  33.176820	  89.708815	  70.067902	 146.498353	 118.579377	     95.17 % 
1000000 4096  SAWTOTH REVERSE___	!  0.752481	  31.865948	  32.929508	  46.737264	  24.825524	  69.762165	  49.580139	  67.842671	  95.953162	     96.77 % 
1000000 4096  _RANDOM REVERSE___	!  0.878968	  91.653864	  97.339583	  96.308906	  24.028191	 196.363920	 191.879656	 121.958859	 228.066794	     94.16 % 
1000000 4096  PLATEAU REVERSE___	   0.616265	   0.951228	   1.024524	   2.096149	   1.036092	  15.531793	   7.818759	   0.966921	  32.110027	     92.85 % 
1000000 4096  SHUFFLE REVERSE___	   0.469464	  22.115091	  21.194006	  30.748927	  36.782777	  53.244151	  35.529754	  45.840754	  78.769797	    104.35 % ..
1000000 4096  STAGGER REVERSE_FR	   0.449949	 113.671101	 118.631543	 119.411159	  33.485601	  83.199819	  68.650313	$ 154.726740	 110.966215	     95.82 % 
1000000 4096  SAWTOTH REVERSE_FR	   0.483944	  31.591044	  32.572693	  46.510128	  24.923700	  65.192526	  49.411338	  67.400900	  88.221660	     96.99 % 
1000000 4096  _RANDOM REVERSE_FR	!  0.708208	  91.888181	  97.681816	  96.305648	  24.183019	 196.542042	 192.117819	 121.535556	 228.244977	     94.07 % 
1000000 4096  PLATEAU REVERSE_FR	   0.485158	   1.189095	   1.189942	   7.707178	   1.193937	  15.909034	  11.819708	   1.134280	  32.657744	     99.93 % 
1000000 4096  SHUFFLE REVERSE_FR	   0.486702	  19.435566	  20.145241	  34.715686	  38.044459	  49.473807	  35.848750	  45.977272	  73.879809	     96.48 % 
1000000 4096  STAGGER REVERSE_BA	   0.484762	 115.855946	 121.030356	 122.391601	  34.202283	  85.447712	  70.405566	 149.334940	 111.221791	     95.72 % 
1000000 4096  SAWTOTH REVERSE_BA	   0.484716	  31.555564	  32.608544	  45.998332	  24.877344	  65.462096	  48.376445	  65.758594	  86.249531	     96.77 % 
1000000 4096  _RANDOM REVERSE_BA	   0.444917