CHECK_SORTED: false
USE_BOTTOM_UP: false
algos  = [PeekSort+iscutoff=24+onlyIncRuns=false, TopDownMergesort+iscutoff=24+checkSorted=true, BottomUpMergesort+minRunLen=24+checkSorted=true, MarlinSort, MarlinMergeSort, DualPivotQuicksort2018, DualPivotQuicksort2018Ext, RadixSort]
sizes  = [1000, 5000, 10000, 50000, 100000]
reps   = 200
seed   = 248442268
inputs = runs-with-exp-len-30
Writing to /home/bourgesl/libs/nearly-optimal-mergesort-code/times-runs30-2018-11-14_18-03-44-reps200-ns-1000-5000-10000-50000-100000-seed248442268.csv
Not counting merge costs.
Doing warmup (10000 rounds)
Warmup [00%] ...
Warmup [10%] ...
Warmup [20%] ...
Warmup [30%] ...
Warmup [40%] ...
Warmup [50%] ...
Warmup [60%] ...
Warmup [70%] ...
Warmup [80%] ...
Warmup [90%] ...
Warmup finished! (480240000)


Runs with individual timing (skips first 10 runs):
adjusted reps: 210 + inner loop: 101
avg-ms=0.04457174(+/- 1 %),	 algo=PeekSort+iscutoff=24+onlyIncRuns=false, n=1000     (10626210)	(n=200, µ=0.04457174, σ=3.0803823E-4)
avg-ms=0.050816484(+/- 8 %),	 algo=TopDownMergesort+iscutoff=24+checkSorted=true, n=1000     (10626210)	(n=200, µ=0.050816484, σ=0.0042834063)
avg-ms=0.071200304(+/- 70 %),	 algo=BottomUpMergesort+minRunLen=24+checkSorted=true, n=1000     (10626210)	(n=200, µ=0.071200304, σ=0.04962298)
avg-ms=0.052500576(+/- 2 %),	 algo=MarlinSort, n=1000     (10626210)	(n=200, µ=0.052500576, σ=0.0011565179)
avg-ms=0.06886251(+/- 0 %),	 algo=MarlinMergeSort, n=1000     (10626210)	(n=200, µ=0.06886251, σ=3.2600242E-4)
avg-ms=0.04938362(+/- 17 %),	 algo=DualPivotQuicksort2018, n=1000     (10626210)	(n=200, µ=0.04938362, σ=0.008403347)
avg-ms=0.056979757(+/- 1 %),	 algo=DualPivotQuicksort2018Ext, n=1000     (10626210)	(n=200, µ=0.056979757, σ=4.8120247E-4)
avg-ms=0.02460883(+/- 36 %),	 algo=RadixSort, n=1000     (10626210)	(n=200, µ=0.02460883, σ=0.008836451)
adjusted reps: 210 + inner loop: 21
avg-ms=0.31642914(+/- 7 %),	 algo=PeekSort+iscutoff=24+onlyIncRuns=false, n=5000     (11029410)	(n=200, µ=0.31642914, σ=0.02064414)
avg-ms=0.34813887(+/- 0 %),	 algo=TopDownMergesort+iscutoff=24+checkSorted=true, n=5000     (11029410)	(n=200, µ=0.34813887, σ=0.0014870531)
avg-ms=0.3649291(+/- 0 %),	 algo=BottomUpMergesort+minRunLen=24+checkSorted=true, n=5000     (11029410)	(n=200, µ=0.3649291, σ=0.0014141842)
avg-ms=0.35620633(+/- 0 %),	 algo=MarlinSort, n=5000     (11029410)	(n=200, µ=0.35620633, σ=0.0017451174)
avg-ms=0.47277182(+/- 0 %),	 algo=MarlinMergeSort, n=5000     (11029410)	(n=200, µ=0.47277182, σ=0.0018285854)
avg-ms=0.3134003(+/- 0 %),	 algo=DualPivotQuicksort2018, n=5000     (11029410)	(n=200, µ=0.3134003, σ=0.001504872)
avg-ms=0.36260566(+/- 0 %),	 algo=DualPivotQuicksort2018Ext, n=5000     (11029410)	(n=200, µ=0.36260566, σ=0.0015608374)
avg-ms=0.10378204(+/- 0 %),	 algo=RadixSort, n=5000     (11029410)	(n=200, µ=0.10378204, σ=2.8871678E-4)
adjusted reps: 210 + inner loop: 11
avg-ms=0.70805615(+/- 1 %),	 algo=PeekSort+iscutoff=24+onlyIncRuns=false, n=10000     (11552310)	(n=200, µ=0.70805615, σ=0.0035807602)
avg-ms=0.78452003(+/- 0 %),	 algo=TopDownMergesort+iscutoff=24+checkSorted=true, n=10000     (11552310)	(n=200, µ=0.78452003, σ=0.0035105455)
avg-ms=0.81526417(+/- 0 %),	 algo=BottomUpMergesort+minRunLen=24+checkSorted=true, n=10000     (11552310)	(n=200, µ=0.81526417, σ=0.0034342562)
avg-ms=0.7956444(+/- 0 %),	 algo=MarlinSort, n=10000     (11552310)	(n=200, µ=0.7956444, σ=0.0029518844)
avg-ms=1.0479655(+/- 1 %),	 algo=MarlinMergeSort, n=10000     (11552310)	(n=200, µ=1.0479655, σ=0.015358945)
avg-ms=0.6871092(+/- 0 %),	 algo=DualPivotQuicksort2018, n=10000     (11552310)	(n=200, µ=0.6871092, σ=0.0030842086)
avg-ms=0.7934014(+/- 0 %),	 algo=DualPivotQuicksort2018Ext, n=10000     (11552310)	(n=200, µ=0.7934014, σ=0.0033990424)
avg-ms=0.20325829(+/- 1 %),	 algo=RadixSort, n=10000     (11552310)	(n=200, µ=0.20325829, σ=0.001213657)
adjusted reps: 210 + inner loop: 1
avg-ms=4.4654136(+/- 1 %),	 algo=PeekSort+iscutoff=24+onlyIncRuns=false, n=50000     (5250210)	(n=200, µ=4.4654136, σ=0.040176697)
avg-ms=4.869063(+/- 1 %),	 algo=TopDownMergesort+iscutoff=24+checkSorted=true, n=50000     (5250210)	(n=200, µ=4.869063, σ=0.038256355)
avg-ms=5.2182407(+/- 1 %),	 algo=BottomUpMergesort+minRunLen=24+checkSorted=true, n=50000     (5250210)	(n=200, µ=5.2182407, σ=0.04152598)
avg-ms=4.864205(+/- 1 %),	 algo=MarlinSort, n=50000     (5250210)	(n=200, µ=4.864205, σ=0.03521775)
avg-ms=6.4763017(+/- 12 %),	 algo=MarlinMergeSort, n=50000     (5250210)	(n=200, µ=6.4763017, σ=0.7732217)
avg-ms=4.155342(+/- 1 %),	 algo=DualPivotQuicksort2018, n=50000     (5250210)	(n=200, µ=4.155342, σ=0.056926206)
avg-ms=4.777403(+/- 1 %),	 algo=DualPivotQuicksort2018Ext, n=50000     (5250210)	(n=200, µ=4.777403, σ=0.06354899)
avg-ms=1.1158725(+/- 3 %),	 algo=RadixSort, n=50000     (5250210)	(n=200, µ=1.1158725, σ=0.03119175)
adjusted reps: 210 + inner loop: 1
avg-ms=9.744393(+/- 0 %),	 algo=PeekSort+iscutoff=24+onlyIncRuns=false, n=100000     (10500210)	(n=200, µ=9.744393, σ=0.040454764)
avg-ms=10.558092(+/- 0 %),	 algo=TopDownMergesort+iscutoff=24+checkSorted=true, n=100000     (10500210)	(n=200, µ=10.558092, σ=0.03908956)
avg-ms=11.3606615(+/- 1 %),	 algo=BottomUpMergesort+minRunLen=24+checkSorted=true, n=100000     (10500210)	(n=200, µ=11.3606615, σ=0.0635766)
avg-ms=10.474837(+/- 0 %),	 algo=MarlinSort, n=100000     (10500210)	(n=200, µ=10.474837, σ=0.03540255)
avg-ms=13.875948(+/- 0 %),	 algo=MarlinMergeSort, n=100000     (10500210)	(n=200, µ=13.875948, σ=0.04210401)
avg-ms=8.909021(+/- 1 %),	 algo=DualPivotQuicksort2018, n=100000     (10500210)	(n=200, µ=8.909021, σ=0.08415462)
avg-ms=10.654474(+/- 1 %),	 algo=DualPivotQuicksort2018Ext, n=100000     (10500210)	(n=200, µ=10.654474, σ=0.09632602)
avg-ms=2.4208336(+/- 0 %),	 algo=RadixSort, n=100000     (10500210)	(n=200, µ=2.4208336, σ=0.01123146)
