CHECK_SORTED: false
USE_BOTTOM_UP: false
algos  = [PeekSort+iscutoff=24+onlyIncRuns=false, TopDownMergesort+iscutoff=24+checkSorted=true, BottomUpMergesort+minRunLen=24+checkSorted=true, MarlinSort, MarlinMergeSort, DualPivotQuicksort2018, DualPivotQuicksort2018Ext, RadixSort]
sizes  = [1000, 5000, 10000, 50000, 100000]
reps   = 200
seed   = 248442268
inputs = random-permutations
Writing to /home/bourgesl/libs/nearly-optimal-mergesort-code/times-rp-2018-11-14_18-00-22-reps200-ns-1000-5000-10000-50000-100000-seed248442268.csv
Not counting merge costs.
Doing warmup (10000 rounds)
Warmup [00%] ...
Warmup [10%] ...
Warmup [20%] ...
Warmup [30%] ...
Warmup [40%] ...
Warmup [50%] ...
Warmup [60%] ...
Warmup [70%] ...
Warmup [80%] ...
Warmup [90%] ...
Warmup finished! (480240000)


Runs with individual timing (skips first 10 runs):
adjusted reps: 210 + inner loop: 101
avg-ms=0.0763225(+/- 8 %),	 algo=PeekSort+iscutoff=24+onlyIncRuns=false, n=1000     (10626210)	(n=200, µ=0.0763225, σ=0.006001945)
avg-ms=0.07393976(+/- 6 %),	 algo=TopDownMergesort+iscutoff=24+checkSorted=true, n=1000     (10626210)	(n=200, µ=0.07393976, σ=0.004248602)
avg-ms=0.08928633(+/- 39 %),	 algo=BottomUpMergesort+minRunLen=24+checkSorted=true, n=1000     (10626210)	(n=200, µ=0.08928633, σ=0.034446612)
avg-ms=0.08863617(+/- 5 %),	 algo=MarlinSort, n=1000     (10626210)	(n=200, µ=0.08863617, σ=0.0042501343)
avg-ms=0.097048864(+/- 0 %),	 algo=MarlinMergeSort, n=1000     (10626210)	(n=200, µ=0.097048864, σ=1.8364812E-4)
avg-ms=0.058469318(+/- 23 %),	 algo=DualPivotQuicksort2018, n=1000     (10626210)	(n=200, µ=0.058469318, σ=0.013503331)
avg-ms=0.06540483(+/- 0 %),	 algo=DualPivotQuicksort2018Ext, n=1000     (10626210)	(n=200, µ=0.06540483, σ=2.4958645E-4)
avg-ms=0.025529474(+/- 0 %),	 algo=RadixSort, n=1000     (10626210)	(n=200, µ=0.025529474, σ=4.4438053E-5)
adjusted reps: 210 + inner loop: 21
avg-ms=0.46311218(+/- 4 %),	 algo=PeekSort+iscutoff=24+onlyIncRuns=false, n=5000     (11029410)	(n=200, µ=0.46311218, σ=0.020395238)
avg-ms=0.4527362(+/- 0 %),	 algo=TopDownMergesort+iscutoff=24+checkSorted=true, n=5000     (11029410)	(n=200, µ=0.4527362, σ=7.2025973E-4)
avg-ms=0.50374794(+/- 0 %),	 algo=BottomUpMergesort+minRunLen=24+checkSorted=true, n=5000     (11029410)	(n=200, µ=0.50374794, σ=0.0011949925)
avg-ms=0.53656626(+/- 0 %),	 algo=MarlinSort, n=5000     (11029410)	(n=200, µ=0.53656626, σ=9.166717E-4)
avg-ms=0.5983234(+/- 5 %),	 algo=MarlinMergeSort, n=5000     (11029410)	(n=200, µ=0.5983234, σ=0.02849022)
avg-ms=0.35732463(+/- 0 %),	 algo=DualPivotQuicksort2018, n=5000     (11029410)	(n=200, µ=0.35732463, σ=0.0015558378)
avg-ms=0.4059845(+/- 0 %),	 algo=DualPivotQuicksort2018Ext, n=5000     (11029410)	(n=200, µ=0.4059845, σ=0.0018646409)
avg-ms=0.10381789(+/- 0 %),	 algo=RadixSort, n=5000     (11029410)	(n=200, µ=0.10381789, σ=4.0193961E-4)
adjusted reps: 210 + inner loop: 11
avg-ms=1.0059783(+/- 0 %),	 algo=PeekSort+iscutoff=24+onlyIncRuns=false, n=10000     (11552310)	(n=200, µ=1.0059783, σ=0.002016985)
avg-ms=0.9900805(+/- 0 %),	 algo=TopDownMergesort+iscutoff=24+checkSorted=true, n=10000     (11552310)	(n=200, µ=0.9900805, σ=0.0021757374)
avg-ms=1.1025873(+/- 0 %),	 algo=BottomUpMergesort+minRunLen=24+checkSorted=true, n=10000     (11552310)	(n=200, µ=1.1025873, σ=0.002197665)
avg-ms=1.1648146(+/- 0 %),	 algo=MarlinSort, n=10000     (11552310)	(n=200, µ=1.1648146, σ=0.0020947438)
avg-ms=1.2941315(+/- 0 %),	 algo=MarlinMergeSort, n=10000     (11552310)	(n=200, µ=1.2941315, σ=0.0023393356)
avg-ms=0.7910406(+/- 14 %),	 algo=DualPivotQuicksort2018, n=10000     (11552310)	(n=200, µ=0.7910406, σ=0.11440152)
avg-ms=0.88244224(+/- 0 %),	 algo=DualPivotQuicksort2018Ext, n=10000     (11552310)	(n=200, µ=0.88244224, σ=0.0040706582)
avg-ms=0.20565449(+/- 1 %),	 algo=RadixSort, n=10000     (11552310)	(n=200, µ=0.20565449, σ=0.0011446967)
adjusted reps: 210 + inner loop: 1
avg-ms=6.0871596(+/- 1 %),	 algo=PeekSort+iscutoff=24+onlyIncRuns=false, n=50000     (5250210)	(n=200, µ=6.0871596, σ=0.035729364)
avg-ms=5.973123(+/- 1 %),	 algo=TopDownMergesort+iscutoff=24+checkSorted=true, n=50000     (5250210)	(n=200, µ=5.973123, σ=0.030518709)
avg-ms=6.8467965(+/- 6 %),	 algo=BottomUpMergesort+minRunLen=24+checkSorted=true, n=50000     (5250210)	(n=200, µ=6.8467965, σ=0.42833823)
avg-ms=6.7683516(+/- 1 %),	 algo=MarlinSort, n=50000     (5250210)	(n=200, µ=6.7683516, σ=0.034162935)
avg-ms=7.5706115(+/- 1 %),	 algo=MarlinMergeSort, n=50000     (5250210)	(n=200, µ=7.5706115, σ=0.03953346)
avg-ms=4.6577997(+/- 1 %),	 algo=DualPivotQuicksort2018, n=50000     (5250210)	(n=200, µ=4.6577997, σ=0.06790544)
avg-ms=5.249813(+/- 1 %),	 algo=DualPivotQuicksort2018Ext, n=50000     (5250210)	(n=200, µ=5.249813, σ=0.07705457)
avg-ms=1.1296917(+/- 3 %),	 algo=RadixSort, n=50000     (5250210)	(n=200, µ=1.1296917, σ=0.030616984)
adjusted reps: 210 + inner loop: 1
avg-ms=13.429542(+/- 20 %),	 algo=PeekSort+iscutoff=24+onlyIncRuns=false, n=100000     (10500210)	(n=200, µ=13.429542, σ=2.7059505)
avg-ms=12.762066(+/- 0 %),	 algo=TopDownMergesort+iscutoff=24+checkSorted=true, n=100000     (10500210)	(n=200, µ=12.762066, σ=0.02630345)
avg-ms=14.6062155(+/- 0 %),	 algo=BottomUpMergesort+minRunLen=24+checkSorted=true, n=100000     (10500210)	(n=200, µ=14.6062155, σ=0.041039824)
avg-ms=14.474384(+/- 0 %),	 algo=MarlinSort, n=100000     (10500210)	(n=200, µ=14.474384, σ=0.028081795)
avg-ms=16.304277(+/- 8 %),	 algo=MarlinMergeSort, n=100000     (10500210)	(n=200, µ=16.304277, σ=1.27851)
avg-ms=9.945476(+/- 1 %),	 algo=DualPivotQuicksort2018, n=100000     (10500210)	(n=200, µ=9.945476, σ=0.11054034)
avg-ms=11.193155(+/- 1 %),	 algo=DualPivotQuicksort2018Ext, n=100000     (10500210)	(n=200, µ=11.193155, σ=0.12192147)
avg-ms=2.8160117(+/- 0 %),	 algo=RadixSort, n=100000     (10500210)	(n=200, µ=2.8160117, σ=0.008154598)
